{"numTotalTestSuites":365,"numPassedTestSuites":365,"numFailedTestSuites":0,"numPendingTestSuites":0,"numTotalTests":535,"numPassedTests":535,"numFailedTests":0,"numPendingTests":0,"numTodoTests":0,"snapshot":{"added":0,"failure":false,"filesAdded":0,"filesRemoved":0,"filesRemovedList":[],"filesUnmatched":0,"filesUpdated":0,"matched":0,"total":0,"unchecked":0,"uncheckedKeysByFile":[],"unmatched":0,"updated":0,"didUpdate":false},"startTime":1776789191235,"success":true,"testResults":[{"assertionResults":[{"ancestorTitles":["determinism"],"fullName":"determinism same seed + same policy decisions produces identical logs (first 3 turns)","status":"passed","title":"same seed + same policy decisions produces identical logs (first 3 turns)","duration":3055.803125,"failureMessages":[],"meta":{}}],"startTime":1776789219397,"endTime":1776789222452.8032,"status":"passed","message":"","name":"/Users/matt_wittlief_home/Documents/GitHub/lotm-deploy-tooling-qa/tests/determinism.test.ts"},{"assertionResults":[{"ancestorTitles":["golden seeds (v0.3.6)"],"fullName":"golden seeds (v0.3.6) seed list is non-empty","status":"passed","title":"seed list is non-empty","duration":1.0018340000000308,"failureMessages":[],"meta":{}},{"ancestorTitles":["golden seeds (v0.3.6)"],"fullName":"golden seeds (v0.3.6) golden seeds are deterministic for 15 turns under prudent-builder","status":"passed","title":"golden seeds are deterministic for 15 turns under prudent-builder","duration":343012.44325,"failureMessages":[],"meta":{}},{"ancestorTitles":["golden seeds (v0.3.6)"],"fullName":"golden seeds (v0.3.6) golden seeds are deterministic for 15 turns under builder-forward","status":"passed","title":"golden seeds are deterministic for 15 turns under builder-forward","duration":226839.397542,"failureMessages":[],"meta":{}},{"ancestorTitles":["golden seeds (v0.3.6)"],"fullName":"golden seeds (v0.3.6) golden seeds are deterministic for 15 turns under builder-forward/buffered","status":"passed","title":"golden seeds are deterministic for 15 turns under builder-forward/buffered","duration":223975.96379200008,"failureMessages":[],"meta":{}}],"startTime":1776789212027,"endTime":1776790005855.9639,"status":"passed","message":"","name":"/Users/matt_wittlief_home/Documents/GitHub/lotm-deploy-tooling-qa/tests/goldenSeeds.test.ts"},{"assertionResults":[{"ancestorTitles":["invariants"],"fullName":"invariants no NaN; clamps hold; energy never negative","status":"passed","title":"no NaN; clamps hold; energy never negative","duration":302874.39233400003,"failureMessages":[],"meta":{}}],"startTime":1776789211567,"endTime":1776789514441.3923,"status":"passed","message":"","name":"/Users/matt_wittlief_home/Documents/GitHub/lotm-deploy-tooling-qa/tests/invariants.test.ts"},{"assertionResults":[{"ancestorTitles":["TurnLogEntry snapshots"],"fullName":"TurnLogEntry snapshots snapshot_before/after are bounded and never include log history","status":"passed","title":"snapshot_before/after are bounded and never include log history","duration":26451.535834000002,"failureMessages":[],"meta":{}}],"startTime":1776789209179,"endTime":1776789235630.536,"status":"passed","message":"","name":"/Users/matt_wittlief_home/Documents/GitHub/lotm-deploy-tooling-qa/tests/logSnapshotsBounded.test.ts"},{"assertionResults":[{"ancestorTitles":["migration regression (v0.1.0 -> v0.2.1 People-First)"],"fullName":"migration regression (v0.1.0 -> v0.2.1 People-First) proposeTurn accepts a v0.1.0 state fixture (no crash)","status":"passed","title":"proposeTurn accepts a v0.1.0 state fixture (no crash)","duration":277.526875,"failureMessages":[],"meta":{}},{"ancestorTitles":["migration regression (v0.1.0 -> v0.2.1 People-First)"],"fullName":"migration regression (v0.1.0 -> v0.2.1 People-First) v0.2.1 adds people/houses registries + kinship edges deterministically","status":"passed","title":"v0.2.1 adds people/houses registries + kinship edges deterministically","duration":0.18574999999998454,"failureMessages":[],"meta":{}}],"startTime":1776789203555,"endTime":1776789203833.1858,"status":"passed","message":"","name":"/Users/matt_wittlief_home/Documents/GitHub/lotm-deploy-tooling-qa/tests/migration_v021.test.ts"},{"assertionResults":[{"ancestorTitles":["qa gate evidence paths"],"fullName":"qa gate evidence paths resolves the v0.3.6 build stamp into version-scoped QA artifacts","status":"passed","title":"resolves the v0.3.6 build stamp into version-scoped QA artifacts","duration":1.5013340000000142,"failureMessages":[],"meta":{}},{"ancestorTitles":["qa gate evidence paths"],"fullName":"qa gate evidence paths sanitizes unexpected version stamps before deriving artifact names","status":"passed","title":"sanitizes unexpected version stamps before deriving artifact names","duration":2.057417000000015,"failureMessages":[],"meta":{}}],"startTime":1776789217411,"endTime":1776789217414.0574,"status":"passed","message":"","name":"/Users/matt_wittlief_home/Documents/GitHub/lotm-deploy-tooling-qa/tests/ops_qa_gate.test.ts"},{"assertionResults":[{"ancestorTitles":["ops v0.3 control plane"],"fullName":"ops v0.3 control plane validates the imported backlog state","status":"passed","title":"validates the imported backlog state","duration":191.77174999999997,"failureMessages":[],"meta":{}},{"ancestorTitles":["ops v0.3 control plane"],"fullName":"ops v0.3 control plane reports lane-parallel scheduler dry-run state","status":"passed","title":"reports lane-parallel scheduler dry-run state","duration":370.393417,"failureMessages":[],"meta":{}},{"ancestorTitles":["ops v0.3 control plane"],"fullName":"ops v0.3 control plane shows no immediate ready-task rebases","status":"passed","title":"shows no immediate ready-task rebases","duration":189.871583,"failureMessages":[],"meta":{}}],"startTime":1776789214140,"endTime":1776789214891.8716,"status":"passed","message":"","name":"/Users/matt_wittlief_home/Documents/GitHub/lotm-deploy-tooling-qa/tests/ops_v03_control_plane.test.js"},{"assertionResults":[{"ancestorTitles":["ops v0.3 control plane"],"fullName":"ops v0.3 control plane validates the imported backlog state","status":"passed","title":"validates the imported backlog state","duration":184.228125,"failureMessages":[],"meta":{}},{"ancestorTitles":["ops v0.3 control plane"],"fullName":"ops v0.3 control plane reports lane-parallel scheduler dry-run state","status":"passed","title":"reports lane-parallel scheduler dry-run state","duration":368.17262500000004,"failureMessages":[],"meta":{}},{"ancestorTitles":["ops v0.3 control plane"],"fullName":"ops v0.3 control plane shows no immediate ready-task rebases","status":"passed","title":"shows no immediate ready-task rebases","duration":174.55337499999996,"failureMessages":[],"meta":{}}],"startTime":1776789214184,"endTime":1776789214911.5535,"status":"passed","message":"","name":"/Users/matt_wittlief_home/Documents/GitHub/lotm-deploy-tooling-qa/tests/ops_v03_control_plane.test.ts"},{"assertionResults":[{"ancestorTitles":["ops v0.3 intake audit"],"fullName":"ops v0.3 intake audit passes a completed handoff packet with the required report structure","status":"passed","title":"passes a completed handoff packet with the required report structure","duration":140.889792,"failureMessages":[],"meta":{}},{"ancestorTitles":["ops v0.3 intake audit"],"fullName":"ops v0.3 intake audit allows a structurally valid blocked handoff without marking it claimable","status":"passed","title":"allows a structurally valid blocked handoff without marking it claimable","duration":151.243833,"failureMessages":[],"meta":{}},{"ancestorTitles":["ops v0.3 intake audit"],"fullName":"ops v0.3 intake audit fails when the task packet is incomplete even if a report exists","status":"passed","title":"fails when the task packet is incomplete even if a report exists","duration":132.73662499999995,"failureMessages":[],"meta":{}}],"startTime":1776789195275,"endTime":1776789195699.7366,"status":"passed","message":"","name":"/Users/matt_wittlief_home/Documents/GitHub/lotm-deploy-tooling-qa/tests/ops_v03_intake_audit.test.js"},{"assertionResults":[{"ancestorTitles":["policy registry"],"fullName":"policy registry canonicalizePolicyId maps locked alias 'good-faith' -> prudent-builder","status":"passed","title":"canonicalizePolicyId maps locked alias 'good-faith' -> prudent-builder","duration":1.1456249999999955,"failureMessages":[],"meta":{}},{"ancestorTitles":["policy registry"],"fullName":"policy registry canonicalizePolicyId accepts sanitized id builder-forward__buffered","status":"passed","title":"canonicalizePolicyId accepts sanitized id builder-forward__buffered","duration":0.16158400000006168,"failureMessages":[],"meta":{}},{"ancestorTitles":["policy registry"],"fullName":"policy registry canonicalizePolicyId falls back to prudent-builder on unknown","status":"passed","title":"canonicalizePolicyId falls back to prudent-builder on unknown","duration":0.1258749999999509,"failureMessages":[],"meta":{}},{"ancestorTitles":["policy registry"],"fullName":"policy registry sanitizes policy ids for artifact folder names","status":"passed","title":"sanitizes policy ids for artifact folder names","duration":0.14154199999995853,"failureMessages":[],"meta":{}},{"ancestorTitles":[],"fullName":"BUILD_INFO.policy_ids matches registry (drift prevention)","status":"passed","title":"BUILD_INFO.policy_ids matches registry (drift prevention)","duration":1.5527079999999387,"failureMessages":[],"meta":{}},{"ancestorTitles":["builder-forward improvement selection"],"fullName":"builder-forward improvement selection builder-forward uses WP-11 priority order (field_rotation first)","status":"passed","title":"builder-forward uses WP-11 priority order (field_rotation first)","duration":318.5361250000001,"failureMessages":[],"meta":{}},{"ancestorTitles":["builder-forward improvement selection"],"fullName":"builder-forward improvement selection builder-forward/buffered selects the cheapest viable improvement (diagnostic)","status":"passed","title":"builder-forward/buffered selects the cheapest viable improvement (diagnostic)","duration":189.48091699999986,"failureMessages":[],"meta":{}}],"startTime":1776789206906,"endTime":1776789207417.481,"status":"passed","message":"","name":"/Users/matt_wittlief_home/Documents/GitHub/lotm-deploy-tooling-qa/tests/policyRegistry.test.ts"},{"assertionResults":[{"ancestorTitles":["v0.2.3.2 patch (Dev B)"],"fullName":"v0.2.3.2 patch (Dev B) age sanity: starting family ages align to LOCK rule","status":"passed","title":"age sanity: starting family ages align to LOCK rule","duration":41.648458000000005,"failureMessages":[],"meta":{}},{"ancestorTitles":["v0.2.3.2 patch (Dev B)"],"fullName":"v0.2.3.2 patch (Dev B) household roster is deduped and heir is a badge (no duplicate row)","status":"passed","title":"household roster is deduped and heir is a badge (no duplicate row)","duration":224.77708400000006,"failureMessages":[],"meta":{}},{"ancestorTitles":["v0.2.3.2 patch (Dev B)"],"fullName":"v0.2.3.2 patch (Dev B) widowed log emits once on spouse death, with survivor+deceased fields populated","status":"passed","title":"widowed log emits once on spouse death, with survivor+deceased fields populated","duration":227.04916600000013,"failureMessages":[],"meta":{}},{"ancestorTitles":["v0.2.3.2 patch (Dev B)"],"fullName":"v0.2.3.2 patch (Dev B) widowed log does not repeat when spouse was already dead in prior state","status":"passed","title":"widowed log does not repeat when spouse was already dead in prior state","duration":134.73816699999998,"failureMessages":[],"meta":{}},{"ancestorTitles":["v0.2.3.2 patch (Dev B)"],"fullName":"v0.2.3.2 patch (Dev B) unrest breakdown is structurally consistent (delta equals contributors)","status":"passed","title":"unrest breakdown is structurally consistent (delta equals contributors)","duration":175.72716699999978,"failureMessages":[],"meta":{}},{"ancestorTitles":["v0.2.3.2 patch (Dev B)"],"fullName":"v0.2.3.2 patch (Dev B) construction options include built + active_project statuses","status":"passed","title":"construction options include built + active_project statuses","duration":149.478208,"failureMessages":[],"meta":{}},{"ancestorTitles":["v0.2.3.2 patch (Dev B)"],"fullName":"v0.2.3.2 patch (Dev B) labor signal is emitted when shortage causes population loss to oversubscribe labor","status":"passed","title":"labor signal is emitted when shortage causes population loss to oversubscribe labor","duration":250.56287500000008,"failureMessages":[],"meta":{}}],"startTime":1776789197957,"endTime":1776789199160.563,"status":"passed","message":"","name":"/Users/matt_wittlief_home/Documents/GitHub/lotm-deploy-tooling-qa/tests/v0232_dev_b_patch.test.ts"},{"assertionResults":[{"ancestorTitles":["v0.2.3.4 patch (Dev B)"],"fullName":"v0.2.3.4 patch (Dev B) TurnReport embeds household_roster and marks deceased head alive=false on the death turn","status":"passed","title":"TurnReport embeds household_roster and marks deceased head alive=false on the death turn","duration":337.99587499999996,"failureMessages":[],"meta":{}},{"ancestorTitles":["v0.2.3.4 patch (Dev B)"],"fullName":"v0.2.3.4 patch (Dev B) labor signal detects oversubscription created by edits entering the turn","status":"passed","title":"labor signal detects oversubscription created by edits entering the turn","duration":857.346916,"failureMessages":[],"meta":{}},{"ancestorTitles":["v0.2.3.4 patch (Dev B)"],"fullName":"v0.2.3.4 patch (Dev B) grant prospects: predicted_effects populated; accept vs reject produces deterministic difference","status":"passed","title":"grant prospects: predicted_effects populated; accept vs reject produces deterministic difference","duration":1888.7773339999999,"failureMessages":[],"meta":{}}],"startTime":1776789198798,"endTime":1776789201881.7773,"status":"passed","message":"","name":"/Users/matt_wittlief_home/Documents/GitHub/lotm-deploy-tooling-qa/tests/v0234_dev_b_patch.test.ts"},{"assertionResults":[{"ancestorTitles":["v0.2.5 Court/Household (Dev B)"],"fullName":"v0.2.5 Court/Household (Dev B) generates deterministic steward stub and reconciles consumption totals","status":"passed","title":"generates deterministic steward stub and reconciles consumption totals","duration":252.0341249999999,"failureMessages":[],"meta":{}},{"ancestorTitles":["v0.2.5 Court/Household (Dev B)"],"fullName":"v0.2.5 Court/Household (Dev B) accepting a marriage prospect for the heir/eldest son adds spouse to court roster via court_extra_ids","status":"passed","title":"accepting a marriage prospect for the heir/eldest son adds spouse to court roster via court_extra_ids","duration":604.693334,"failureMessages":[],"meta":{}}],"startTime":1776789203553,"endTime":1776789204409.6934,"status":"passed","message":"","name":"/Users/matt_wittlief_home/Documents/GitHub/lotm-deploy-tooling-qa/tests/v024_dev_b_court.test.ts"},{"assertionResults":[{"ancestorTitles":["v0.2.5 realism locks (Dev B)"],"fullName":"v0.2.5 realism locks (Dev B) initial labor allocation starts near food-stable (no huge idle surprise)","status":"passed","title":"initial labor allocation starts near food-stable (no huge idle surprise)","duration":72.31850000000009,"failureMessages":[],"meta":{}},{"ancestorTitles":["v0.2.5 realism locks (Dev B)"],"fullName":"v0.2.5 realism locks (Dev B) court officers are male and age each turn","status":"passed","title":"court officers are male and age each turn","duration":809.183708,"failureMessages":[],"meta":{}},{"ancestorTitles":["v0.2.5 realism locks (Dev B)"],"fullName":"v0.2.5 realism locks (Dev B) same-sex marriage offers are not generated (offers match subject child sex)","status":"passed","title":"same-sex marriage offers are not generated (offers match subject child sex)","duration":241.58833400000003,"failureMessages":[],"meta":{}},{"ancestorTitles":["v0.2.5 realism locks (Dev B)"],"fullName":"v0.2.5 realism locks (Dev B) marriage residence: daughters marry out (spouse does not join the court)","status":"passed","title":"marriage residence: daughters marry out (spouse does not join the court)","duration":500.58716600000025,"failureMessages":[],"meta":{}},{"ancestorTitles":["v0.2.5 realism locks (Dev B)"],"fullName":"v0.2.5 realism locks (Dev B) population change breakdown is present when shortage causes population loss","status":"passed","title":"population change breakdown is present when shortage causes population loss","duration":177.15662500000008,"failureMessages":[],"meta":{}}],"startTime":1776789200785,"endTime":1776789202586.1567,"status":"passed","message":"","name":"/Users/matt_wittlief_home/Documents/GitHub/lotm-deploy-tooling-qa/tests/v025_dev_b_realism.test.ts"},{"assertionResults":[{"ancestorTitles":["v0.2.7.1 hotfix P0 correctness"],"fullName":"v0.2.7.1 hotfix P0 correctness ages all instantiated People/Registry persons by +3 (alive only)","status":"passed","title":"ages all instantiated People/Registry persons by +3 (alive only)","duration":534.1315420000001,"failureMessages":[],"meta":{}}],"startTime":1776789215610,"endTime":1776789216144.1316,"status":"passed","message":"","name":"/Users/matt_wittlief_home/Documents/GitHub/lotm-deploy-tooling-qa/tests/v0271_hotfix_p0_correctness.test.ts"},{"assertionResults":[{"ancestorTitles":["v0.2.7.2 DevB P0 regressions"],"fullName":"v0.2.7.2 DevB P0 regressions marriage prospect spouse id is a People-First registry person and belongs to a house","status":"passed","title":"marriage prospect spouse id is a People-First registry person and belongs to a house","duration":302.47508300000004,"failureMessages":[],"meta":{}},{"ancestorTitles":["v0.2.7.2 DevB P0 regressions"],"fullName":"v0.2.7.2 DevB P0 regressions female marriage prospect transfers court residency while preserving lineage","status":"passed","title":"female marriage prospect transfers court residency while preserving lineage","duration":1225.341334,"failureMessages":[],"meta":{}},{"ancestorTitles":["v0.2.7.2 DevB P0 regressions"],"fullName":"v0.2.7.2 DevB P0 regressions succession spouse swap uses the stable spouse (no phantom local noble)","status":"passed","title":"succession spouse swap uses the stable spouse (no phantom local noble)","duration":442.660042,"failureMessages":[],"meta":{}},{"ancestorTitles":["v0.2.7.2 DevB P0 regressions"],"fullName":"v0.2.7.2 DevB P0 regressions succession ignores ended spouse edges and keeps the active spouse","status":"passed","title":"succession ignores ended spouse edges and keeps the active spouse","duration":175.06058299999995,"failureMessages":[],"meta":{}}],"startTime":1776789193279,"endTime":1776789195425.0605,"status":"passed","message":"","name":"/Users/matt_wittlief_home/Documents/GitHub/lotm-deploy-tooling-qa/tests/v0272_hotfix_p0_regressions.test.ts"},{"assertionResults":[{"ancestorTitles":["court provisioning fixtures"],"fullName":"court provisioning fixtures matches the deterministic provisioning fixture snapshot","status":"passed","title":"matches the deterministic provisioning fixture snapshot","duration":1138.124041,"failureMessages":[],"meta":{}},{"ancestorTitles":["court provisioning fixtures"],"fullName":"court provisioning fixtures locks baseline, carry-forward, stipend-receipt, and debug-order scenarios","status":"passed","title":"locks baseline, carry-forward, stipend-receipt, and debug-order scenarios","duration":291.11341700000025,"failureMessages":[],"meta":{}},{"ancestorTitles":["court provisioning fixtures"],"fullName":"court provisioning fixtures keeps the checked-in provisioning UAT pack aligned to fixture cases and control-surface cues","status":"passed","title":"keeps the checked-in provisioning UAT pack aligned to fixture cases and control-surface cues","duration":335.8304170000001,"failureMessages":[],"meta":{}}],"startTime":1776789196712,"endTime":1776789198477.8303,"status":"passed","message":"","name":"/Users/matt_wittlief_home/Documents/GitHub/lotm-deploy-tooling-qa/tests/ui/courtProvisioningFixtures.test.tsx"},{"assertionResults":[{"ancestorTitles":["CourtProvisioningPanel"],"fullName":"CourtProvisioningPanel renders the player tab with ration policy, overrides, and stipend table","status":"passed","title":"renders the player tab with ration policy, overrides, and stipend table","duration":12.875665999999967,"failureMessages":[],"meta":{}},{"ancestorTitles":["CourtProvisioningPanel"],"fullName":"CourtProvisioningPanel renders the debug tab with deterministic summary and registry tables","status":"passed","title":"renders the debug tab with deterministic summary and registry tables","duration":1.659417000000019,"failureMessages":[],"meta":{}}],"startTime":1776789198985,"endTime":1776789198999.6594,"status":"passed","message":"","name":"/Users/matt_wittlief_home/Documents/GitHub/lotm-deploy-tooling-qa/tests/ui/courtProvisioningPanel.test.tsx"},{"assertionResults":[{"ancestorTitles":["courtProvisioningView"],"fullName":"courtProvisioningView builds a deterministic provisioning surface from the canonical provisioning view and stipend registry","status":"passed","title":"builds a deterministic provisioning surface from the canonical provisioning view and stipend registry","duration":240.23633300000006,"failureMessages":[],"meta":{}}],"startTime":1776789213744,"endTime":1776789213984.2363,"status":"passed","message":"","name":"/Users/matt_wittlief_home/Documents/GitHub/lotm-deploy-tooling-qa/tests/ui/courtProvisioningView.test.ts"},{"assertionResults":[{"ancestorTitles":["DecisionsPanel court budget"],"fullName":"DecisionsPanel court budget renders the spent and remaining court decision budget state","status":"passed","title":"renders the spent and remaining court decision budget state","duration":226.32904199999984,"failureMessages":[],"meta":{}}],"startTime":1776789193363,"endTime":1776789193589.329,"status":"passed","message":"","name":"/Users/matt_wittlief_home/Documents/GitHub/lotm-deploy-tooling-qa/tests/ui/decisionsPanelCourtBudget.test.tsx"},{"assertionResults":[{"ancestorTitles":["DiffLedgerPanel"],"fullName":"DiffLedgerPanel renders a scope label and helper when selected-manor evidence is holdings-only","status":"passed","title":"renders a scope label and helper when selected-manor evidence is holdings-only","duration":5.921875,"failureMessages":[],"meta":{}}],"startTime":1776789216832,"endTime":1776789216837.9219,"status":"passed","message":"","name":"/Users/matt_wittlief_home/Documents/GitHub/lotm-deploy-tooling-qa/tests/ui/diffLedgerPanel.test.js"},{"assertionResults":[{"ancestorTitles":["DiffLedgerPanel"],"fullName":"DiffLedgerPanel renders a scope label and helper when selected-manor evidence is holdings-only","status":"passed","title":"renders a scope label and helper when selected-manor evidence is holdings-only","duration":5.796665999999988,"failureMessages":[],"meta":{}},{"ancestorTitles":["DiffLedgerPanel"],"fullName":"DiffLedgerPanel shows only the biggest resolved moves in the panel body","status":"passed","title":"shows only the biggest resolved moves in the panel body","duration":1.3649170000000197,"failureMessages":[],"meta":{}}],"startTime":1776789208450,"endTime":1776789208457.365,"status":"passed","message":"","name":"/Users/matt_wittlief_home/Documents/GitHub/lotm-deploy-tooling-qa/tests/ui/diffLedgerPanel.test.tsx"},{"assertionResults":[{"ancestorTitles":["experienceContent inventory"],"fullName":"experienceContent inventory covers every locked v0.3.3 content category in one ordered registry","status":"passed","title":"covers every locked v0.3.3 content category in one ordered registry","duration":1.2852499999999907,"failureMessages":[],"meta":{}},{"ancestorTitles":["experienceContent inventory"],"fullName":"experienceContent inventory maps the shipped content sources across the locked v0.3.3 surfaces","status":"passed","title":"maps the shipped content sources across the locked v0.3.3 surfaces","duration":0.2693749999999966,"failureMessages":[],"meta":{}},{"ancestorTitles":["experienceContent inventory"],"fullName":"experienceContent inventory provides typed grant and marriage template families for the outcome pass","status":"passed","title":"provides typed grant and marriage template families for the outcome pass","duration":0.09883299999998485,"failureMessages":[],"meta":{}},{"ancestorTitles":["experienceContent inventory"],"fullName":"experienceContent inventory provides deterministic liege and church settlement templates for the obligations pass","status":"passed","title":"provides deterministic liege and church settlement templates for the obligations pass","duration":0.09391700000000469,"failureMessages":[],"meta":{}},{"ancestorTitles":["experienceContent inventory"],"fullName":"experienceContent inventory renders distinct gifts and offerings outcomes without touching sim logic","status":"passed","title":"renders distinct gifts and offerings outcomes without touching sim logic","duration":0.07637499999998454,"failureMessages":[],"meta":{}},{"ancestorTitles":["experienceContent inventory"],"fullName":"experienceContent inventory renders deterministic resolved and next-turn settlement summaries for both counterparties","status":"passed","title":"renders deterministic resolved and next-turn settlement summaries for both counterparties","duration":0.12954099999998903,"failureMessages":[],"meta":{}},{"ancestorTitles":["experienceContent inventory"],"fullName":"experienceContent inventory renders the bounded arrears ladder through stage-two bite and stage-three dispossession danger","status":"passed","title":"renders the bounded arrears ladder through stage-two bite and stage-three dispossession danger","duration":0.07429199999998559,"failureMessages":[],"meta":{}},{"ancestorTitles":["experienceContent inventory"],"fullName":"experienceContent inventory renders deterministic grant and marriage decision copy without touching prospect mechanics","status":"passed","title":"renders deterministic grant and marriage decision copy without touching prospect mechanics","duration":0.17320799999998826,"failureMessages":[],"meta":{}},{"ancestorTitles":["experienceContent inventory"],"fullName":"experienceContent inventory renders deterministic dispossession end-state copy for the live gameplay shell","status":"passed","title":"renders deterministic dispossession end-state copy for the live gameplay shell","duration":0.06466600000001677,"failureMessages":[],"meta":{}}],"startTime":1776789193507,"endTime":1776789193510.173,"status":"passed","message":"","name":"/Users/matt_wittlief_home/Documents/GitHub/lotm-deploy-tooling-qa/tests/ui/experienceContent.test.ts"},{"assertionResults":[{"ancestorTitles":["house dossier fixtures"],"fullName":"house dossier fixtures matches the deterministic known and prospect dossier fixture","status":"passed","title":"matches the deterministic known and prospect dossier fixture","duration":2463.436917,"failureMessages":[],"meta":{}},{"ancestorTitles":["house dossier fixtures"],"fullName":"house dossier fixtures resolves every grant and marriage prospect house to a populated dossier surface","status":"passed","title":"resolves every grant and marriage prospect house to a populated dossier surface","duration":777.584167,"failureMessages":[],"meta":{}}],"startTime":1776789197370,"endTime":1776789200611.5842,"status":"passed","message":"","name":"/Users/matt_wittlief_home/Documents/GitHub/lotm-deploy-tooling-qa/tests/ui/houseDossierFixtures.test.ts"},{"assertionResults":[{"ancestorTitles":["HouseDossierPanel"],"fullName":"HouseDossierPanel renders the player tab for a canonical dossier surface","status":"passed","title":"renders the player tab for a canonical dossier surface","duration":522.6936249999999,"failureMessages":[],"meta":{}},{"ancestorTitles":["HouseDossierPanel"],"fullName":"HouseDossierPanel renders the debug tab table in deterministic field order","status":"passed","title":"renders the debug tab table in deterministic field order","duration":257.73199999999997,"failureMessages":[],"meta":{}},{"ancestorTitles":["HouseDossierPanel"],"fullName":"HouseDossierPanel renders known-people person-card triggers when the dossier surface resolves them canonically","status":"passed","title":"renders known-people person-card triggers when the dossier surface resolves them canonically","duration":182.63529199999994,"failureMessages":[],"meta":{}}],"startTime":1776789206015,"endTime":1776789206978.6353,"status":"passed","message":"","name":"/Users/matt_wittlief_home/Documents/GitHub/lotm-deploy-tooling-qa/tests/ui/houseDossierPanel.test.tsx"},{"assertionResults":[{"ancestorTitles":["houseDossierView"],"fullName":"houseDossierView lists canonical dossier ids and resolves routed dossier surfaces from preview state only","status":"passed","title":"lists canonical dossier ids and resolves routed dossier surfaces from preview state only","duration":273.62633300000005,"failureMessages":[],"meta":{}}],"startTime":1776789211019,"endTime":1776789211292.6262,"status":"passed","message":"","name":"/Users/matt_wittlief_home/Documents/GitHub/lotm-deploy-tooling-qa/tests/ui/houseDossierView.test.ts"},{"assertionResults":[{"ancestorTitles":["HouseholdDetailsPanel"],"fullName":"HouseholdDetailsPanel renders roster names as person-card triggers inside the household details modal","status":"passed","title":"renders roster names as person-card triggers inside the household details modal","duration":332.73808399999996,"failureMessages":[],"meta":{}}],"startTime":1776789210561,"endTime":1776789210893.738,"status":"passed","message":"","name":"/Users/matt_wittlief_home/Documents/GitHub/lotm-deploy-tooling-qa/tests/ui/householdDetailsPanel.test.tsx"},{"assertionResults":[{"ancestorTitles":["HouseholdPanel"],"fullName":"HouseholdPanel renders person-card triggers for household and local names that resolve through the shared registry","status":"passed","title":"renders person-card triggers for household and local names that resolve through the shared registry","duration":279.48074999999994,"failureMessages":[],"meta":{}}],"startTime":1776789208192,"endTime":1776789208471.4807,"status":"passed","message":"","name":"/Users/matt_wittlief_home/Documents/GitHub/lotm-deploy-tooling-qa/tests/ui/householdPanel.test.tsx"},{"assertionResults":[{"ancestorTitles":["intel model"],"fullName":"intel model builds deterministic current and memory sections from beliefs and phase evidence","status":"passed","title":"builds deterministic current and memory sections from beliefs and phase evidence","duration":10.785582999999974,"failureMessages":[],"meta":{}}],"startTime":1776789194654,"endTime":1776789194664.7856,"status":"passed","message":"","name":"/Users/matt_wittlief_home/Documents/GitHub/lotm-deploy-tooling-qa/tests/ui/intelModel.test.ts"},{"assertionResults":[{"ancestorTitles":["KnownHousesPanel"],"fullName":"KnownHousesPanel shows dossier routing only for houses that resolve through the canonical dossier seam","status":"passed","title":"shows dossier routing only for houses that resolve through the canonical dossier seam","duration":3.4883749999999907,"failureMessages":[],"meta":{}}],"startTime":1776789209314,"endTime":1776789209317.4883,"status":"passed","message":"","name":"/Users/matt_wittlief_home/Documents/GitHub/lotm-deploy-tooling-qa/tests/ui/knownHousesPanel.test.tsx"},{"assertionResults":[{"ancestorTitles":["locked preset scenarios"],"fullName":"locked preset scenarios matches the checked-in deterministic locked-preset manifest","status":"passed","title":"matches the checked-in deterministic locked-preset manifest","duration":1220.9765839999998,"failureMessages":[],"meta":{}},{"ancestorTitles":["locked preset scenarios"],"fullName":"locked preset scenarios keeps one scenario row per stable preset and derives the live court and marriage surfaces from the real seed","status":"passed","title":"keeps one scenario row per stable preset and derives the live court and marriage surfaces from the real seed","duration":1.1449999999999818,"failureMessages":[],"meta":{}},{"ancestorTitles":["locked preset scenarios"],"fullName":"locked preset scenarios anchors packet, obligations, UAT, and maintenance review expectations to the landed seams","status":"passed","title":"anchors packet, obligations, UAT, and maintenance review expectations to the landed seams","duration":1.283542000000125,"failureMessages":[],"meta":{}}],"startTime":1776789195922,"endTime":1776789197146.2834,"status":"passed","message":"","name":"/Users/matt_wittlief_home/Documents/GitHub/lotm-deploy-tooling-qa/tests/ui/lockedPresetScenarios.test.ts"},{"assertionResults":[{"ancestorTitles":["ManorStatePanel"],"fullName":"ManorStatePanel renders the unrest-tip text from the shared dispossession content slot","status":"passed","title":"renders the unrest-tip text from the shared dispossession content slot","duration":5.901125000000093,"failureMessages":[],"meta":{}},{"ancestorTitles":["ManorStatePanel"],"fullName":"ManorStatePanel shows current-state direct causes from the explanation contract","status":"passed","title":"shows current-state direct causes from the explanation contract","duration":205.591,"failureMessages":[],"meta":{}}],"startTime":1776789203765,"endTime":1776789203976.591,"status":"passed","message":"","name":"/Users/matt_wittlief_home/Documents/GitHub/lotm-deploy-tooling-qa/tests/ui/manorStatePanel.test.tsx"},{"assertionResults":[{"ancestorTitles":["manor view fixtures"],"fullName":"manor view fixtures matches the deterministic anchor and routed manor-view fixture","status":"passed","title":"matches the deterministic anchor and routed manor-view fixture","duration":702.994416,"failureMessages":[],"meta":{}},{"ancestorTitles":["manor view fixtures"],"fullName":"manor view fixtures keeps routed nearest-manor and debug hex ordering stable across tab surfaces","status":"passed","title":"keeps routed nearest-manor and debug hex ordering stable across tab surfaces","duration":158.55554200000006,"failureMessages":[],"meta":{}}],"startTime":1776789204329,"endTime":1776789205190.5557,"status":"passed","message":"","name":"/Users/matt_wittlief_home/Documents/GitHub/lotm-deploy-tooling-qa/tests/ui/manorViewFixtures.test.tsx"},{"assertionResults":[{"ancestorTitles":["ManorViewPanel"],"fullName":"ManorViewPanel renders the player tab with nearby-manor routing detail","status":"passed","title":"renders the player tab with nearby-manor routing detail","duration":244.12995899999999,"failureMessages":[],"meta":{}},{"ancestorTitles":["ManorViewPanel"],"fullName":"ManorViewPanel renders the debug tab hex table in projection order","status":"passed","title":"renders the debug tab hex table in projection order","duration":228.0350830000001,"failureMessages":[],"meta":{}}],"startTime":1776789214846,"endTime":1776789215318.0352,"status":"passed","message":"","name":"/Users/matt_wittlief_home/Documents/GitHub/lotm-deploy-tooling-qa/tests/ui/manorViewPanel.test.tsx"},{"assertionResults":[{"ancestorTitles":["newRunPresetView"],"fullName":"newRunPresetView builds repo-relative preset provenance from the canonical control plane","status":"passed","title":"builds repo-relative preset provenance from the canonical control plane","duration":2.197499999999991,"failureMessages":[],"meta":{}},{"ancestorTitles":["newRunPresetView"],"fullName":"newRunPresetView routes both custom seeds and locked presets through the canonical init DTO","status":"passed","title":"routes both custom seeds and locked presets through the canonical init DTO","duration":0.36020799999994324,"failureMessages":[],"meta":{}}],"startTime":1776789216030,"endTime":1776789216032.36,"status":"passed","message":"","name":"/Users/matt_wittlief_home/Documents/GitHub/lotm-deploy-tooling-qa/tests/ui/newRunPresetView.test.ts"},{"assertionResults":[{"ancestorTitles":["NewRunScreen"],"fullName":"NewRunScreen renders the canonical preset wiring and selected preset provenance","status":"passed","title":"renders the canonical preset wiring and selected preset provenance","duration":8.194792000000007,"failureMessages":[],"meta":{}},{"ancestorTitles":["NewRunScreen"],"fullName":"NewRunScreen renders the custom-seed path without preset provenance","status":"passed","title":"renders the custom-seed path without preset provenance","duration":1.1087909999999965,"failureMessages":[],"meta":{}}],"startTime":1776789209495,"endTime":1776789209504.109,"status":"passed","message":"","name":"/Users/matt_wittlief_home/Documents/GitHub/lotm-deploy-tooling-qa/tests/ui/newRunScreen.test.tsx"},{"assertionResults":[{"ancestorTitles":["ObligationsDetailPanel"],"fullName":"ObligationsDetailPanel renders payment modes, ladder state, and tangible-bite preview for the focused counterparty","status":"passed","title":"renders payment modes, ladder state, and tangible-bite preview for the focused counterparty","duration":6.9168750000000045,"failureMessages":[],"meta":{}}],"startTime":1776789197993,"endTime":1776789197999.917,"status":"passed","message":"","name":"/Users/matt_wittlief_home/Documents/GitHub/lotm-deploy-tooling-qa/tests/ui/obligationsDetailPanel.test.tsx"},{"assertionResults":[{"ancestorTitles":["obligations fixtures"],"fullName":"obligations fixtures matches the deterministic obligations transparency fixture","status":"passed","title":"matches the deterministic obligations transparency fixture","duration":25.359417000000008,"failureMessages":[],"meta":{}},{"ancestorTitles":["obligations fixtures"],"fullName":"obligations fixtures locks the four transparency cases the tooling lane needs for UAT and replay-safe review","status":"passed","title":"locks the four transparency cases the tooling lane needs for UAT and replay-safe review","duration":1.3545830000000478,"failureMessages":[],"meta":{}},{"ancestorTitles":["obligations fixtures"],"fullName":"obligations fixtures keeps the checked-in obligations UAT pack aligned to the preset-pack acceptance contract","status":"passed","title":"keeps the checked-in obligations UAT pack aligned to the preset-pack acceptance contract","duration":0.7994999999999663,"failureMessages":[],"meta":{}},{"ancestorTitles":["obligations fixtures"],"fullName":"obligations fixtures matches the deterministic v0.3.6 obligations visibility fixture","status":"passed","title":"matches the deterministic v0.3.6 obligations visibility fixture","duration":3.5806250000000546,"failureMessages":[],"meta":{}},{"ancestorTitles":["obligations fixtures"],"fullName":"obligations fixtures locks split-payment successor rebasing and church vacancy carry into deterministic v0.3.6 cases","status":"passed","title":"locks split-payment successor rebasing and church vacancy carry into deterministic v0.3.6 cases","duration":2.0420420000000377,"failureMessages":[],"meta":{}},{"ancestorTitles":["obligations fixtures"],"fullName":"obligations fixtures keeps the v0.3.6 obligations visibility evidence pack aligned to fixture ids and gate entry points","status":"passed","title":"keeps the v0.3.6 obligations visibility evidence pack aligned to fixture ids and gate entry points","duration":0.5414160000000265,"failureMessages":[],"meta":{}}],"startTime":1776789196327,"endTime":1776789196360.5415,"status":"passed","message":"","name":"/Users/matt_wittlief_home/Documents/GitHub/lotm-deploy-tooling-qa/tests/ui/obligationsFixtures.test.tsx"},{"assertionResults":[{"ancestorTitles":["outbound marriage fixtures"],"fullName":"outbound marriage fixtures matches the deterministic outbound marriage fixture snapshot","status":"passed","title":"matches the deterministic outbound marriage fixture snapshot","duration":4450.369625,"failureMessages":[],"meta":{}},{"ancestorTitles":["outbound marriage fixtures"],"fullName":"outbound marriage fixtures locks representative preset launch cases for candidate ordering, preview copy, and player/debug routing","status":"passed","title":"locks representative preset launch cases for candidate ordering, preview copy, and player/debug routing","duration":903.0422500000004,"failureMessages":[],"meta":{}},{"ancestorTitles":["outbound marriage fixtures"],"fullName":"outbound marriage fixtures keeps the checked-in outbound marriage preset coverage artifact aligned to the fixture cases","status":"passed","title":"keeps the checked-in outbound marriage preset coverage artifact aligned to the fixture cases","duration":861.0460000000003,"failureMessages":[],"meta":{}}],"startTime":1776789198019,"endTime":1776789204234.046,"status":"passed","message":"","name":"/Users/matt_wittlief_home/Documents/GitHub/lotm-deploy-tooling-qa/tests/ui/outboundMarriageFixtures.test.tsx"},{"assertionResults":[{"ancestorTitles":["OutboundMarriagePanel"],"fullName":"OutboundMarriagePanel renders the player tab with scout controls, candidate table, and resolver preview","status":"passed","title":"renders the player tab with scout controls, candidate table, and resolver preview","duration":263.94925,"failureMessages":[],"meta":{}},{"ancestorTitles":["OutboundMarriagePanel"],"fullName":"OutboundMarriagePanel renders the debug tab with the eligibility table and advanced contract preview","status":"passed","title":"renders the debug tab with the eligibility table and advanced contract preview","duration":138.1388330000001,"failureMessages":[],"meta":{}}],"startTime":1776789211619,"endTime":1776789212021.139,"status":"passed","message":"","name":"/Users/matt_wittlief_home/Documents/GitHub/lotm-deploy-tooling-qa/tests/ui/outboundMarriagePanel.test.tsx"},{"assertionResults":[{"ancestorTitles":["outboundMarriageView"],"fullName":"outboundMarriageView keeps the canonical shown ordering and falls back selection to the first shown candidate","status":"passed","title":"keeps the canonical shown ordering and falls back selection to the first shown candidate","duration":277.0913330000001,"failureMessages":[],"meta":{}},{"ancestorTitles":["outboundMarriageView"],"fullName":"outboundMarriageView previews outbound offer outcomes against a cloned snapshot without mutating live preview state","status":"passed","title":"previews outbound offer outcomes against a cloned snapshot without mutating live preview state","duration":165.85858299999995,"failureMessages":[],"meta":{}}],"startTime":1776789209786,"endTime":1776789210228.8586,"status":"passed","message":"","name":"/Users/matt_wittlief_home/Documents/GitHub/lotm-deploy-tooling-qa/tests/ui/outboundMarriageView.test.ts"},{"assertionResults":[{"ancestorTitles":["person card fixtures"],"fullName":"person card fixtures matches the deterministic multi-tab person-card fixture","status":"passed","title":"matches the deterministic multi-tab person-card fixture","duration":1256.4322499999998,"failureMessages":[],"meta":{}},{"ancestorTitles":["person card fixtures"],"fullName":"person card fixtures keeps the major tab surfaces populated and the debug schema order stable","status":"passed","title":"keeps the major tab surfaces populated and the debug schema order stable","duration":272.9567500000003,"failureMessages":[],"meta":{}},{"ancestorTitles":["person card fixtures"],"fullName":"person card fixtures covers every live tap-any-name entry point with the canonical person-card route origin","status":"passed","title":"covers every live tap-any-name entry point with the canonical person-card route origin","duration":391.2688330000001,"failureMessages":[],"meta":{}}],"startTime":1776789201941,"endTime":1776789203861.2688,"status":"passed","message":"","name":"/Users/matt_wittlief_home/Documents/GitHub/lotm-deploy-tooling-qa/tests/ui/personCardFixtures.test.tsx"},{"assertionResults":[{"ancestorTitles":["PersonCardPanel"],"fullName":"PersonCardPanel renders family-tab drilldown triggers from the shared person-card surface","status":"passed","title":"renders family-tab drilldown triggers from the shared person-card surface","duration":318.16270799999995,"failureMessages":[],"meta":{}},{"ancestorTitles":["PersonCardPanel"],"fullName":"PersonCardPanel renders relationship rows and debug field order deterministically","status":"passed","title":"renders relationship rows and debug field order deterministically","duration":188.65674999999987,"failureMessages":[],"meta":{}}],"startTime":1776789208578,"endTime":1776789209084.6567,"status":"passed","message":"","name":"/Users/matt_wittlief_home/Documents/GitHub/lotm-deploy-tooling-qa/tests/ui/personCardPanel.test.tsx"},{"assertionResults":[{"ancestorTitles":["personCardView"],"fullName":"personCardView builds a deterministic routed surface from the canonical registry","status":"passed","title":"builds a deterministic routed surface from the canonical registry","duration":287.47641699999997,"failureMessages":[],"meta":{}},{"ancestorTitles":["personCardView"],"fullName":"personCardView creates stable origin routes for the shared tap-any-name modal flow","status":"passed","title":"creates stable origin routes for the shared tap-any-name modal flow","duration":0.26358300000003965,"failureMessages":[],"meta":{}}],"startTime":1776789207899,"endTime":1776789208186.4763,"status":"passed","message":"","name":"/Users/matt_wittlief_home/Documents/GitHub/lotm-deploy-tooling-qa/tests/ui/personCardView.test.ts"},{"assertionResults":[{"ancestorTitles":["play screen court agenda"],"fullName":"play screen court agenda renders registry-backed court agenda stubs instead of the legacy mixed shortlist","status":"passed","title":"renders registry-backed court agenda stubs instead of the legacy mixed shortlist","duration":161.35395900000003,"failureMessages":[],"meta":{}},{"ancestorTitles":["play screen court agenda"],"fullName":"play screen court agenda keeps office vacancy and transition prompts anchored to the household surface","status":"passed","title":"keeps office vacancy and transition prompts anchored to the household surface","duration":96.52025000000003,"failureMessages":[],"meta":{}}],"startTime":1776789196190,"endTime":1776789196448.5203,"status":"passed","message":"","name":"/Users/matt_wittlief_home/Documents/GitHub/lotm-deploy-tooling-qa/tests/ui/playScreenAgenda.test.ts"},{"assertionResults":[{"ancestorTitles":["play screen chrome"],"fullName":"play screen chrome keeps the first detail modal title stable for gameplay shells","status":"passed","title":"keeps the first detail modal title stable for gameplay shells","duration":1.3251249999999857,"failureMessages":[],"meta":{}},{"ancestorTitles":["play screen chrome"],"fullName":"play screen chrome keeps the debug accordion sections in the expected order","status":"passed","title":"keeps the debug accordion sections in the expected order","duration":0.33620900000002507,"failureMessages":[],"meta":{}}],"startTime":1776789217003,"endTime":1776789217005.3362,"status":"passed","message":"","name":"/Users/matt_wittlief_home/Documents/GitHub/lotm-deploy-tooling-qa/tests/ui/playScreenChrome.test.ts"},{"assertionResults":[{"ancestorTitles":["playScreenCourtBudget"],"fullName":"playScreenCourtBudget reads the report budget and marks the highest-cost court action","status":"passed","title":"reads the report budget and marks the highest-cost court action","duration":3.134791999999976,"failureMessages":[],"meta":{}},{"ancestorTitles":["playScreenCourtBudget"],"fullName":"playScreenCourtBudget falls back to the marriage window when the report budget is absent","status":"passed","title":"falls back to the marriage window when the report budget is absent","duration":0.5743750000000034,"failureMessages":[],"meta":{}}],"startTime":1776789207153,"endTime":1776789207157.5745,"status":"passed","message":"","name":"/Users/matt_wittlief_home/Documents/GitHub/lotm-deploy-tooling-qa/tests/ui/playScreenCourtBudget.test.ts"},{"assertionResults":[{"ancestorTitles":["playScreenExperienceCopy"],"fullName":"playScreenExperienceCopy uses typed grant and marriage content for confirm dialogs","status":"passed","title":"uses typed grant and marriage content for confirm dialogs","duration":1.833167000000003,"failureMessages":[],"meta":{}},{"ancestorTitles":["playScreenExperienceCopy"],"fullName":"playScreenExperienceCopy uses typed grant and marriage content for accept or reject toasts","status":"passed","title":"uses typed grant and marriage content for accept or reject toasts","duration":0.39758399999999483,"failureMessages":[],"meta":{}},{"ancestorTitles":["playScreenExperienceCopy"],"fullName":"playScreenExperienceCopy uses typed marriage aftermath copy for spouse movement and falls back for inheritance claims","status":"passed","title":"uses typed marriage aftermath copy for spouse movement and falls back for inheritance claims","duration":0.19354200000000787,"failureMessages":[],"meta":{}},{"ancestorTitles":["playScreenExperienceCopy"],"fullName":"playScreenExperienceCopy uses the shared dispossession end-state label in the gameplay shell","status":"passed","title":"uses the shared dispossession end-state label in the gameplay shell","duration":0.1845830000000035,"failureMessages":[],"meta":{}}],"startTime":1776789204854,"endTime":1776789204856.3977,"status":"passed","message":"","name":"/Users/matt_wittlief_home/Documents/GitHub/lotm-deploy-tooling-qa/tests/ui/playScreenExperienceCopy.test.ts"},{"assertionResults":[{"ancestorTitles":["play screen layout"],"fullName":"play screen layout keeps the audited single-column card order stable","status":"passed","title":"keeps the audited single-column card order stable","duration":1.276457999999991,"failureMessages":[],"meta":{}},{"ancestorTitles":["play screen layout"],"fullName":"play screen layout builds sticky chips from the canonical headline resources","status":"passed","title":"builds sticky chips from the canonical headline resources","duration":0.49183400000001143,"failureMessages":[],"meta":{}}],"startTime":1776789217374,"endTime":1776789217375.492,"status":"passed","message":"","name":"/Users/matt_wittlief_home/Documents/GitHub/lotm-deploy-tooling-qa/tests/ui/playScreenLayout.test.ts"},{"assertionResults":[{"ancestorTitles":["playScreenModel"],"fullName":"playScreenModel preserves canonical report ledger items instead of deriving duplicate maintenance rows","status":"passed","title":"preserves canonical report ledger items instead of deriving duplicate maintenance rows","duration":1.7705409999999802,"failureMessages":[],"meta":{}}],"startTime":1776789207618,"endTime":1776789207619.7705,"status":"passed","message":"","name":"/Users/matt_wittlief_home/Documents/GitHub/lotm-deploy-tooling-qa/tests/ui/playScreenModel.test.ts"},{"assertionResults":[{"ancestorTitles":["playScreenObligations"],"fullName":"playScreenObligations builds a deterministic counterparty contract from the bounded obligations view and court budget","status":"passed","title":"builds a deterministic counterparty contract from the bounded obligations view and court budget","duration":8.240374999999972,"failureMessages":[],"meta":{}},{"ancestorTitles":["playScreenObligations"],"fullName":"playScreenObligations surfaces payment modes, full ladder state, and grouped receipts from the accepted obligations seam","status":"passed","title":"surfaces payment modes, full ladder state, and grouped receipts from the accepted obligations seam","duration":0.5095000000000027,"failureMessages":[],"meta":{}},{"ancestorTitles":["playScreenObligations"],"fullName":"playScreenObligations classifies receipt lines into deterministic liege and church tags","status":"passed","title":"classifies receipt lines into deterministic liege and church tags","duration":0.19691700000004175,"failureMessages":[],"meta":{}},{"ancestorTitles":["playScreenObligations"],"fullName":"playScreenObligations keeps modal routing, focus selection, and helper copy deterministic","status":"passed","title":"keeps modal routing, focus selection, and helper copy deterministic","duration":0.32900000000000773,"failureMessages":[],"meta":{}},{"ancestorTitles":["playScreenObligations"],"fullName":"playScreenObligations normalizes gift and offering gesture decisions for the live planning surface","status":"passed","title":"normalizes gift and offering gesture decisions for the live planning surface","duration":0.25108299999999417,"failureMessages":[],"meta":{}},{"ancestorTitles":["playScreenObligations"],"fullName":"playScreenObligations surfaces stage-three dispossession danger through the obligations contract","status":"passed","title":"surfaces stage-three dispossession danger through the obligations contract","duration":0.09320900000000165,"failureMessages":[],"meta":{}},{"ancestorTitles":["playScreenObligations"],"fullName":"playScreenObligations surfaces successor and vacancy collector copy on the main obligations path","status":"passed","title":"surfaces successor and vacancy collector copy on the main obligations path","duration":0.3277909999999906,"failureMessages":[],"meta":{}}],"startTime":1776789191553,"endTime":1776789191563.328,"status":"passed","message":"","name":"/Users/matt_wittlief_home/Documents/GitHub/lotm-deploy-tooling-qa/tests/ui/playScreenObligations.test.ts"},{"assertionResults":[{"ancestorTitles":["playScreenPortfolio"],"fullName":"playScreenPortfolio returns null when the bounded portfolio surface is absent","status":"passed","title":"returns null when the bounded portfolio surface is absent","duration":0.7750829999999951,"failureMessages":[],"meta":{}},{"ancestorTitles":["playScreenPortfolio"],"fullName":"playScreenPortfolio builds a deterministic selector and scope contract from the bounded portfolio view","status":"passed","title":"builds a deterministic selector and scope contract from the bounded portfolio view","duration":2.704250000000002,"failureMessages":[],"meta":{}},{"ancestorTitles":["playScreenPortfolio"],"fullName":"playScreenPortfolio resolves selected manor detail and evidence scope from the shared contract","status":"passed","title":"resolves selected manor detail and evidence scope from the shared contract","duration":0.688165999999967,"failureMessages":[],"meta":{}},{"ancestorTitles":["playScreenPortfolio"],"fullName":"playScreenPortfolio builds a stable map checkpoint affordance without assuming a live map host","status":"passed","title":"builds a stable map checkpoint affordance without assuming a live map host","duration":0.5032090000000267,"failureMessages":[],"meta":{}},{"ancestorTitles":["playScreenPortfolio"],"fullName":"playScreenPortfolio keeps the overview surface projection stable while the scope contract grows","status":"passed","title":"keeps the overview surface projection stable while the scope contract grows","duration":0.5219160000000329,"failureMessages":[],"meta":{}}],"startTime":1776789191534,"endTime":1776789191538.522,"status":"passed","message":"","name":"/Users/matt_wittlief_home/Documents/GitHub/lotm-deploy-tooling-qa/tests/ui/playScreenPortfolio.test.js"},{"assertionResults":[{"ancestorTitles":["playScreenPortfolio"],"fullName":"playScreenPortfolio returns null when the bounded portfolio surface is absent","status":"passed","title":"returns null when the bounded portfolio surface is absent","duration":0.540916999999979,"failureMessages":[],"meta":{}},{"ancestorTitles":["playScreenPortfolio"],"fullName":"playScreenPortfolio builds a deterministic selector and scope contract from the bounded portfolio view","status":"passed","title":"builds a deterministic selector and scope contract from the bounded portfolio view","duration":1.5583750000000123,"failureMessages":[],"meta":{}},{"ancestorTitles":["playScreenPortfolio"],"fullName":"playScreenPortfolio resolves selected manor detail and evidence scope from the shared contract","status":"passed","title":"resolves selected manor detail and evidence scope from the shared contract","duration":0.22341599999998607,"failureMessages":[],"meta":{}},{"ancestorTitles":["playScreenPortfolio"],"fullName":"playScreenPortfolio builds a stable map checkpoint affordance without assuming a live map host","status":"passed","title":"builds a stable map checkpoint affordance without assuming a live map host","duration":0.20195799999999053,"failureMessages":[],"meta":{}},{"ancestorTitles":["playScreenPortfolio"],"fullName":"playScreenPortfolio keeps the overview surface projection stable while the scope contract grows","status":"passed","title":"keeps the overview surface projection stable while the scope contract grows","duration":0.3160829999999919,"failureMessages":[],"meta":{}}],"startTime":1776789191532,"endTime":1776789191535.3162,"status":"passed","message":"","name":"/Users/matt_wittlief_home/Documents/GitHub/lotm-deploy-tooling-qa/tests/ui/playScreenPortfolio.test.ts"},{"assertionResults":[{"ancestorTitles":["playScreenReceipts"],"fullName":"playScreenReceipts creates deterministic routes for explain-changes and resource chips","status":"passed","title":"creates deterministic routes for explain-changes and resource chips","duration":0.683166999999969,"failureMessages":[],"meta":{}},{"ancestorTitles":["playScreenReceipts"],"fullName":"playScreenReceipts builds grouped and raw receipt data from phase receipts","status":"passed","title":"builds grouped and raw receipt data from phase receipts","duration":0.8316249999999741,"failureMessages":[],"meta":{}},{"ancestorTitles":["playScreenReceipts"],"fullName":"playScreenReceipts filters grouped sections and raw phases for focused chip routes","status":"passed","title":"filters grouped sections and raw phases for focused chip routes","duration":0.24812499999995907,"failureMessages":[],"meta":{}},{"ancestorTitles":["playScreenReceipts"],"fullName":"playScreenReceipts prefers structured fiscal receipts in raw mode while preserving grouped and counterparty tagging","status":"passed","title":"prefers structured fiscal receipts in raw mode while preserving grouped and counterparty tagging","duration":1.639208999999994,"failureMessages":[],"meta":{}},{"ancestorTitles":["playScreenReceipts"],"fullName":"playScreenReceipts shows maintenance pressure through the core walkdowns instead of a dedicated grouped section","status":"passed","title":"shows maintenance pressure through the core walkdowns instead of a dedicated grouped section","duration":0.27037500000000136,"failureMessages":[],"meta":{}}],"startTime":1776789191574,"endTime":1776789191577.6392,"status":"passed","message":"","name":"/Users/matt_wittlief_home/Documents/GitHub/lotm-deploy-tooling-qa/tests/ui/playScreenReceipts.test.ts"},{"assertionResults":[{"ancestorTitles":["playScreenTheme"],"fullName":"playScreenTheme locks the manuscript font and page treatment","status":"passed","title":"locks the manuscript font and page treatment","duration":1.4102080000000115,"failureMessages":[],"meta":{}},{"ancestorTitles":["playScreenTheme"],"fullName":"playScreenTheme keeps stable section sigils for the gameplay shell","status":"passed","title":"keeps stable section sigils for the gameplay shell","duration":0.3596249999999941,"failureMessages":[],"meta":{}},{"ancestorTitles":["playScreenTheme"],"fullName":"playScreenTheme maps sticky resource chips to deterministic sigils","status":"passed","title":"maps sticky resource chips to deterministic sigils","duration":0.1958750000000009,"failureMessages":[],"meta":{}}],"startTime":1776789217550,"endTime":1776789217552.1958,"status":"passed","message":"","name":"/Users/matt_wittlief_home/Documents/GitHub/lotm-deploy-tooling-qa/tests/ui/playScreenTheme.test.ts"},{"assertionResults":[{"ancestorTitles":["playScreenTopology"],"fullName":"playScreenTopology returns null when the bounded world topology snapshot is absent","status":"passed","title":"returns null when the bounded world topology snapshot is absent","duration":4.889915999999971,"failureMessages":[],"meta":{}},{"ancestorTitles":["playScreenTopology"],"fullName":"playScreenTopology normalizes raw distance samples and the far threshold for debug rendering","status":"passed","title":"normalizes raw distance samples and the far threshold for debug rendering","duration":19.39479199999994,"failureMessages":[],"meta":{}}],"startTime":1776789197096,"endTime":1776789197120.3948,"status":"passed","message":"","name":"/Users/matt_wittlief_home/Documents/GitHub/lotm-deploy-tooling-qa/tests/ui/playScreenTopology.test.ts"},{"assertionResults":[{"ancestorTitles":["playScreenTopology fixtures"],"fullName":"playScreenTopology fixtures matches the deterministic tier-scope debug fixture built from the bounded topology snapshot","status":"passed","title":"matches the deterministic tier-scope debug fixture built from the bounded topology snapshot","duration":23.192041000000017,"failureMessages":[],"meta":{}},{"ancestorTitles":["playScreenTopology fixtures"],"fullName":"playScreenTopology fixtures keeps the tier-scope debug fixture bounded and field-stable for review","status":"passed","title":"keeps the tier-scope debug fixture bounded and field-stable for review","duration":6.709958000000029,"failureMessages":[],"meta":{}}],"startTime":1776789205148,"endTime":1776789205177.71,"status":"passed","message":"","name":"/Users/matt_wittlief_home/Documents/GitHub/lotm-deploy-tooling-qa/tests/ui/playScreenTopologyFixtures.test.ts"},{"assertionResults":[{"ancestorTitles":["playabilityPresetPack"],"fullName":"playabilityPresetPack defines one stable preset order and acceptance catalog for v0.3.5","status":"passed","title":"defines one stable preset order and acceptance catalog for v0.3.5","duration":1.8210000000000264,"failureMessages":[],"meta":{}},{"ancestorTitles":["playabilityPresetPack"],"fullName":"playabilityPresetPack crosswalks current regression, packet, and UAT scenarios onto stable preset ids","status":"passed","title":"crosswalks current regression, packet, and UAT scenarios onto stable preset ids","duration":8.304542000000026,"failureMessages":[],"meta":{}},{"ancestorTitles":["playabilityPresetPack"],"fullName":"playabilityPresetPack matches the checked-in playability preset artifact","status":"passed","title":"matches the checked-in playability preset artifact","duration":0.7201670000000036,"failureMessages":[],"meta":{}}],"startTime":1776789204049,"endTime":1776789204059.7202,"status":"passed","message":"","name":"/Users/matt_wittlief_home/Documents/GitHub/lotm-deploy-tooling-qa/tests/ui/playabilityPresetPack.test.ts"},{"assertionResults":[{"ancestorTitles":["playtestOpsExport"],"fullName":"playtestOpsExport builds the live packet helper copy from the current seed","status":"passed","title":"builds the live packet helper copy from the current seed","duration":21.47787500000001,"failureMessages":[],"meta":{}}],"startTime":1776789209769,"endTime":1776789209790.4778,"status":"passed","message":"","name":"/Users/matt_wittlief_home/Documents/GitHub/lotm-deploy-tooling-qa/tests/ui/playtestOpsExport.test.ts"},{"assertionResults":[{"ancestorTitles":["playtestOpsInventory"],"fullName":"playtestOpsInventory tracks the current export and reporting surfaces in one stable order","status":"passed","title":"tracks the current export and reporting surfaces in one stable order","duration":1.5031250000000114,"failureMessages":[],"meta":{}},{"ancestorTitles":["playtestOpsInventory"],"fullName":"playtestOpsInventory returns the live UI surface metadata that the playtest-ops docs rely on","status":"passed","title":"returns the live UI surface metadata that the playtest-ops docs rely on","duration":0.860291999999987,"failureMessages":[],"meta":{}}],"startTime":1776789217212,"endTime":1776789217213.8604,"status":"passed","message":"","name":"/Users/matt_wittlief_home/Documents/GitHub/lotm-deploy-tooling-qa/tests/ui/playtestOpsInventory.test.ts"},{"assertionResults":[{"ancestorTitles":["playtestOpsPacket"],"fullName":"playtestOpsPacket builds packet metadata from the shared run provenance helper","status":"passed","title":"builds packet metadata from the shared run provenance helper","duration":30.972417000000007,"failureMessages":[],"meta":{}},{"ancestorTitles":["playtestOpsPacket"],"fullName":"playtestOpsPacket surfaces packet-version mismatch status instead of hiding it","status":"passed","title":"surfaces packet-version mismatch status instead of hiding it","duration":9.477249999999998,"failureMessages":[],"meta":{}}],"startTime":1776789214136,"endTime":1776789214176.4773,"status":"passed","message":"","name":"/Users/matt_wittlief_home/Documents/GitHub/lotm-deploy-tooling-qa/tests/ui/playtestOpsPacket.test.ts"},{"assertionResults":[{"ancestorTitles":["PortfolioOverviewPanel"],"fullName":"PortfolioOverviewPanel renders the portfolio summary and scope toggle without expanding into a second ledger","status":"passed","title":"renders the portfolio summary and scope toggle without expanding into a second ledger","duration":9.899875000000009,"failureMessages":[],"meta":{}},{"ancestorTitles":["PortfolioOverviewPanel"],"fullName":"PortfolioOverviewPanel renders selected-manor detail when the scope toggle is active","status":"passed","title":"renders selected-manor detail when the scope toggle is active","duration":3.3773330000000215,"failureMessages":[],"meta":{}}],"startTime":1776789194039,"endTime":1776789194052.3774,"status":"passed","message":"","name":"/Users/matt_wittlief_home/Documents/GitHub/lotm-deploy-tooling-qa/tests/ui/portfolioOverviewPanel.test.tsx"},{"assertionResults":[{"ancestorTitles":["ProspectsPanel"],"fullName":"ProspectsPanel renders grant helper and standing-risk copy from the shared content template","status":"passed","title":"renders grant helper and standing-risk copy from the shared content template","duration":7.176499999999976,"failureMessages":[],"meta":{}},{"ancestorTitles":["ProspectsPanel"],"fullName":"ProspectsPanel renders both subject and spouse names as person-card triggers for marriage prospects","status":"passed","title":"renders both subject and spouse names as person-card triggers for marriage prospects","duration":0.6187090000000239,"failureMessages":[],"meta":{}},{"ancestorTitles":["ProspectsPanel"],"fullName":"ProspectsPanel renders a unified marriage workflow entry with candidate, parent, and house links","status":"passed","title":"renders a unified marriage workflow entry with candidate, parent, and house links","duration":0.7081660000000056,"failureMessages":[],"meta":{}}],"startTime":1776789192004,"endTime":1776789192012.7083,"status":"passed","message":"","name":"/Users/matt_wittlief_home/Documents/GitHub/lotm-deploy-tooling-qa/tests/ui/prospectsPanel.test.tsx"},{"assertionResults":[{"ancestorTitles":["receipt bundle seed pack"],"fullName":"receipt bundle seed pack targets the active v0.3.6 packet rails and canonical replay summary location","status":"passed","title":"targets the active v0.3.6 packet rails and canonical replay summary location","duration":1.8206660000000738,"failureMessages":[],"meta":{}},{"ancestorTitles":["receipt bundle seed pack"],"fullName":"receipt bundle seed pack keeps declared packet end states aligned with the live deterministic sim outputs","status":"passed","title":"keeps declared packet end states aligned with the live deterministic sim outputs","duration":142508.254375,"failureMessages":[],"meta":{}}],"startTime":1776789207769,"endTime":1776789350279.2544,"status":"passed","message":"","name":"/Users/matt_wittlief_home/Documents/GitHub/lotm-deploy-tooling-qa/tests/ui/receiptBundleSeedPack.test.ts"},{"assertionResults":[{"ancestorTitles":["ReceiptsViewerPanel"],"fullName":"ReceiptsViewerPanel renders counterparty-first relationship lever cards in grouped mode","status":"passed","title":"renders counterparty-first relationship lever cards in grouped mode","duration":30.327042000000006,"failureMessages":[],"meta":{}},{"ancestorTitles":["ReceiptsViewerPanel"],"fullName":"ReceiptsViewerPanel renders structured fiscal receipt fields in raw mode when present","status":"passed","title":"renders structured fiscal receipt fields in raw mode when present","duration":26.735333000000026,"failureMessages":[],"meta":{}},{"ancestorTitles":["ReceiptsViewerPanel"],"fullName":"ReceiptsViewerPanel falls back to legacy raw receipt lines when no structured fiscal rows are present","status":"passed","title":"falls back to legacy raw receipt lines when no structured fiscal rows are present","duration":8.085624999999993,"failureMessages":[],"meta":{}}],"startTime":1776789195320,"endTime":1776789195385.0857,"status":"passed","message":"","name":"/Users/matt_wittlief_home/Documents/GitHub/lotm-deploy-tooling-qa/tests/ui/receiptsViewerPanel.test.js"},{"assertionResults":[{"ancestorTitles":["ReceiptsViewerPanel"],"fullName":"ReceiptsViewerPanel renders counterparty-first relationship lever cards in grouped mode","status":"passed","title":"renders counterparty-first relationship lever cards in grouped mode","duration":10.637082999999961,"failureMessages":[],"meta":{}},{"ancestorTitles":["ReceiptsViewerPanel"],"fullName":"ReceiptsViewerPanel renders structured fiscal receipt fields in raw mode when present","status":"passed","title":"renders structured fiscal receipt fields in raw mode when present","duration":1.8486669999999776,"failureMessages":[],"meta":{}},{"ancestorTitles":["ReceiptsViewerPanel"],"fullName":"ReceiptsViewerPanel falls back to legacy raw receipt lines when no structured fiscal rows are present","status":"passed","title":"falls back to legacy raw receipt lines when no structured fiscal rows are present","duration":0.6037919999999986,"failureMessages":[],"meta":{}},{"ancestorTitles":["ReceiptsViewerPanel"],"fullName":"ReceiptsViewerPanel renders ordered coin and food walkdown rows on the grouped player-facing drilldown path","status":"passed","title":"renders ordered coin and food walkdown rows on the grouped player-facing drilldown path","duration":1.0435420000000022,"failureMessages":[],"meta":{}}],"startTime":1776789192010,"endTime":1776789192024.0435,"status":"passed","message":"","name":"/Users/matt_wittlief_home/Documents/GitHub/lotm-deploy-tooling-qa/tests/ui/receiptsViewerPanel.test.tsx"},{"assertionResults":[{"ancestorTitles":["release story closeout"],"fullName":"release story closeout matches the checked-in v0.3.6 story closeout artifact","status":"passed","title":"matches the checked-in v0.3.6 story closeout artifact","duration":15.473958000000039,"failureMessages":[],"meta":{}},{"ancestorTitles":["release story closeout"],"fullName":"release story closeout ties the accepted UAT pack, merge gates, and packet contract into one closeout rail","status":"passed","title":"ties the accepted UAT pack, merge gates, and packet contract into one closeout rail","duration":1.3341669999999795,"failureMessages":[],"meta":{}}],"startTime":1776789215634,"endTime":1776789215650.3342,"status":"passed","message":"","name":"/Users/matt_wittlief_home/Documents/GitHub/lotm-deploy-tooling-qa/tests/ui/releaseStoryCloseout.test.ts"},{"assertionResults":[{"ancestorTitles":["RunProvenanceBanner"],"fullName":"RunProvenanceBanner renders locked preset provenance for preset-backed runs","status":"passed","title":"renders locked preset provenance for preset-backed runs","duration":24.524875000000065,"failureMessages":[],"meta":{}},{"ancestorTitles":["RunProvenanceBanner"],"fullName":"RunProvenanceBanner renders visible version mismatch copy when run metadata drifts","status":"passed","title":"renders visible version mismatch copy when run metadata drifts","duration":12.053332999999952,"failureMessages":[],"meta":{}}],"startTime":1776789213667,"endTime":1776789213704.0532,"status":"passed","message":"","name":"/Users/matt_wittlief_home/Documents/GitHub/lotm-deploy-tooling-qa/tests/ui/runProvenanceBanner.test.tsx"},{"assertionResults":[{"ancestorTitles":["story UAT fixtures"],"fullName":"story UAT fixtures matches the deterministic story snapshot fixture","status":"passed","title":"matches the deterministic story snapshot fixture","duration":10.413958000000008,"failureMessages":[],"meta":{}},{"ancestorTitles":["story UAT fixtures"],"fullName":"story UAT fixtures locks the explain-changes and obligations narratives needed for v0.3.6 story review","status":"passed","title":"locks the explain-changes and obligations narratives needed for v0.3.6 story review","duration":0.5925419999999804,"failureMessages":[],"meta":{}},{"ancestorTitles":["story UAT fixtures"],"fullName":"story UAT fixtures keeps the checked-in story fixture pack aligned to the snapshot and active packet contract","status":"passed","title":"keeps the checked-in story fixture pack aligned to the snapshot and active packet contract","duration":2.147083000000009,"failureMessages":[],"meta":{}}],"startTime":1776789204201,"endTime":1776789204214.147,"status":"passed","message":"","name":"/Users/matt_wittlief_home/Documents/GitHub/lotm-deploy-tooling-qa/tests/ui/storyUatFixtures.test.ts"},{"assertionResults":[{"ancestorTitles":["TopologyDebugPanel"],"fullName":"TopologyDebugPanel renders the topology debug surface when bounded snapshot data is present","status":"passed","title":"renders the topology debug surface when bounded snapshot data is present","duration":36.7242500000001,"failureMessages":[],"meta":{}},{"ancestorTitles":["TopologyDebugPanel"],"fullName":"TopologyDebugPanel renders nothing when no topology debug surface is available","status":"passed","title":"renders nothing when no topology debug surface is available","duration":0.39237500000001546,"failureMessages":[],"meta":{}}],"startTime":1776789207822,"endTime":1776789207859.3923,"status":"passed","message":"","name":"/Users/matt_wittlief_home/Documents/GitHub/lotm-deploy-tooling-qa/tests/ui/topologyDebugPanel.test.tsx"},{"assertionResults":[{"ancestorTitles":["TurnReportPanel"],"fullName":"TurnReportPanel renders headline-only summary cards from the new explanation contract","status":"passed","title":"renders headline-only summary cards from the new explanation contract","duration":233.66062499999998,"failureMessages":[],"meta":{}}],"startTime":1776789205767,"endTime":1776789206000.6606,"status":"passed","message":"","name":"/Users/matt_wittlief_home/Documents/GitHub/lotm-deploy-tooling-qa/tests/ui/turnReportPanel.test.tsx"},{"assertionResults":[{"ancestorTitles":["UAT scenario gate artifact"],"fullName":"UAT scenario gate artifact records provenance parity and story checklist coverage for the v0.3.6 explanation surfaces","status":"passed","title":"records provenance parity and story checklist coverage for the v0.3.6 explanation surfaces","duration":11.688375000000008,"failureMessages":[],"meta":{}}],"startTime":1776789213934,"endTime":1776789213945.6885,"status":"passed","message":"","name":"/Users/matt_wittlief_home/Documents/GitHub/lotm-deploy-tooling-qa/tests/ui/uatScenarioGate.test.ts"},{"assertionResults":[{"ancestorTitles":["worldMapRoute"],"fullName":"worldMapRoute round-trips the explicit map route hash with a selected manor target","status":"passed","title":"round-trips the explicit map route hash with a selected manor target","duration":1.1426250000000664,"failureMessages":[],"meta":{}},{"ancestorTitles":["worldMapRoute"],"fullName":"worldMapRoute builds a deterministic renderer surface from the frozen xmap bundle","status":"passed","title":"builds a deterministic renderer surface from the frozen xmap bundle","duration":9.048791000000051,"failureMessages":[],"meta":{}}],"startTime":1776789216608,"endTime":1776789216619.0488,"status":"passed","message":"","name":"/Users/matt_wittlief_home/Documents/GitHub/lotm-deploy-tooling-qa/tests/ui/worldMapRoute.test.ts"},{"assertionResults":[{"ancestorTitles":["world map route fixtures"],"fullName":"world map route fixtures matches the deterministic route and routed-selection fixture","status":"passed","title":"matches the deterministic route and routed-selection fixture","duration":917.69475,"failureMessages":[],"meta":{}},{"ancestorTitles":["world map route fixtures"],"fullName":"world map route fixtures keeps routed marker ordering, debug ordering, and route hashes aligned","status":"passed","title":"keeps routed marker ordering, debug ordering, and route hashes aligned","duration":139.79695900000002,"failureMessages":[],"meta":{}}],"startTime":1776789206011,"endTime":1776789207067.7969,"status":"passed","message":"","name":"/Users/matt_wittlief_home/Documents/GitHub/lotm-deploy-tooling-qa/tests/ui/worldMapRouteFixtures.test.ts"},{"assertionResults":[{"ancestorTitles":["WorldMapScreen"],"fullName":"WorldMapScreen renders the kingdom map, map host, and Manor View for the selected holding route","status":"passed","title":"renders the kingdom map, map host, and Manor View for the selected holding route","duration":215.93787499999996,"failureMessages":[],"meta":{}}],"startTime":1776789216767,"endTime":1776789216982.938,"status":"passed","message":"","name":"/Users/matt_wittlief_home/Documents/GitHub/lotm-deploy-tooling-qa/tests/ui/worldMapScreen.test.tsx"},{"assertionResults":[{"ancestorTitles":["worldMapView"],"fullName":"worldMapView builds deterministic markers and manor-id-sorted debug rows from the accepted world seams","status":"passed","title":"builds deterministic markers and manor-id-sorted debug rows from the accepted world seams","duration":260.047333,"failureMessages":[],"meta":{}},{"ancestorTitles":["worldMapView"],"fullName":"worldMapView builds world detail for routed manors while keeping maintenance anchored to the current manor read model","status":"passed","title":"builds world detail for routed manors while keeping maintenance anchored to the current manor read model","duration":236.40766699999995,"failureMessages":[],"meta":{}}],"startTime":1776789210345,"endTime":1776789210841.4077,"status":"passed","message":"","name":"/Users/matt_wittlief_home/Documents/GitHub/lotm-deploy-tooling-qa/tests/ui/worldMapView.test.ts"},{"assertionResults":[{"ancestorTitles":["court agenda registry contract"],"fullName":"court agenda registry contract locks the typed source-tag inventory and mapping coverage","status":"passed","title":"locks the typed source-tag inventory and mapping coverage","duration":1.763332999999875,"failureMessages":[],"meta":{}},{"ancestorTitles":["court agenda registry contract"],"fullName":"court agenda registry contract builds canonical mapping and item keys and normalizes agenda items from the mapping registry","status":"passed","title":"builds canonical mapping and item keys and normalizes agenda items from the mapping registry","duration":0.521291999999903,"failureMessages":[],"meta":{}},{"ancestorTitles":["court agenda registry contract"],"fullName":"court agenda registry contract serializes deterministically regardless of input order and duplicate drafts","status":"passed","title":"serializes deterministically regardless of input order and duplicate drafts","duration":1.036292000000003,"failureMessages":[],"meta":{}}],"startTime":1776789195035,"endTime":1776789195039.0364,"status":"passed","message":"","name":"/Users/matt_wittlief_home/Documents/GitHub/lotm-deploy-tooling-qa/tests/sim/agenda_registry.test.ts"},{"assertionResults":[{"ancestorTitles":["court agenda registry population"],"fullName":"court agenda registry population populates deterministic agenda items from obligations, prospects, offices, and portfolio outliers","status":"passed","title":"populates deterministic agenda items from obligations, prospects, offices, and portfolio outliers","duration":127.56391699999995,"failureMessages":[],"meta":{}},{"ancestorTitles":["court agenda registry population"],"fullName":"court agenda registry population attaches the populated agenda registry onto the live state","status":"passed","title":"attaches the populated agenda registry onto the live state","duration":43.34895799999981,"failureMessages":[],"meta":{}},{"ancestorTitles":["court agenda registry population"],"fullName":"court agenda registry population selects a deterministic truncated agenda window","status":"passed","title":"selects a deterministic truncated agenda window","duration":32.05312499999991,"failureMessages":[],"meta":{}}],"startTime":1776789195682,"endTime":1776789195885.0532,"status":"passed","message":"","name":"/Users/matt_wittlief_home/Documents/GitHub/lotm-deploy-tooling-qa/tests/sim/agenda_registry_population.test.ts"},{"assertionResults":[{"ancestorTitles":["belief registry scaffold"],"fullName":"b
[...]
ef_home/Documents/GitHub/lotm-deploy-tooling-qa/tests/sim/state_schema_manifest.test.ts"},{"assertionResults":[{"ancestorTitles":["store receipt writers"],"fullName":"store receipt writers routes production food and meat deltas through canonical receipt-writer summaries","status":"passed","title":"routes production food and meat deltas through canonical receipt-writer summaries","duration":3.387875000000008,"failureMessages":[],"meta":{}},{"ancestorTitles":["store receipt writers"],"fullName":"store receipt writers builds deterministic settlement scaffolds for non-coin accepted payment modes","status":"passed","title":"builds deterministic settlement scaffolds for non-coin accepted payment modes","duration":0.974207999999976,"failureMessages":[],"meta":{}},{"ancestorTitles":["store receipt writers"],"fullName":"store receipt writers executes meat-store settlement scaffolds without splitting receipt ownership from the mutation","status":"passed","title":"executes meat-store settlement scaffolds without splitting receipt ownership from the mutation","duration":0.36395799999996825,"failureMessages":[],"meta":{}},{"ancestorTitles":["store receipt writers"],"fullName":"store receipt writers charges court decision budget when liege gifts and church offerings execute","status":"passed","title":"charges court decision budget when liege gifts and church offerings execute","duration":3.8935829999999783,"failureMessages":[],"meta":{}},{"ancestorTitles":["store receipt writers"],"fullName":"store receipt writers blocks liege gifts and offerings when the court decision budget is exhausted","status":"passed","title":"blocks liege gifts and offerings when the court decision budget is exhausted","duration":0.3305000000000291,"failureMessages":[],"meta":{}},{"ancestorTitles":["store receipt writers"],"fullName":"store receipt writers applies delegated amount and budget transforms to gift and offering settlements","status":"passed","title":"applies delegated amount and budget transforms to gift and offering settlements","duration":0.33858299999997143,"failureMessages":[],"meta":{}}],"startTime":1776789191660,"endTime":1776789191669.3386,"status":"passed","message":"","name":"/Users/matt_wittlief_home/Documents/GitHub/lotm-deploy-tooling-qa/tests/sim/store_receipt_writers.test.ts"},{"assertionResults":[{"ancestorTitles":["succession registry schema"],"fullName":"succession registry schema builds a deterministic male-preference descendant line","status":"passed","title":"builds a deterministic male-preference descendant line","duration":8.40279099999998,"failureMessages":[],"meta":{}},{"ancestorTitles":["succession registry schema"],"fullName":"succession registry schema mirrors the current collateral male-line fallback order","status":"passed","title":"mirrors the current collateral male-line fallback order","duration":0.4868340000000444,"failureMessages":[],"meta":{}},{"ancestorTitles":["succession registry schema"],"fullName":"succession registry schema records current-heir blocking and adult positions in the claimant registry","status":"passed","title":"records current-heir blocking and adult positions in the claimant registry","duration":0.9542500000000018,"failureMessages":[],"meta":{}},{"ancestorTitles":["succession registry schema"],"fullName":"succession registry schema repairs a stale persisted heir pointer back to the canonical primogeniture heir","status":"passed","title":"repairs a stale persisted heir pointer back to the canonical primogeniture heir","duration":2.3990830000000187,"failureMessages":[],"meta":{}},{"ancestorTitles":["succession registry schema"],"fullName":"succession registry schema falls back to adult household members when no kinship line exists","status":"passed","title":"falls back to adult household members when no kinship line exists","duration":0.34979199999997945,"failureMessages":[],"meta":{}},{"ancestorTitles":["succession registry schema"],"fullName":"succession registry schema reopens inheritance claims when a stale non-canonical heir pointer is repaired away","status":"passed","title":"reopens inheritance claims when a stale non-canonical heir pointer is repaired away","duration":0.9867080000001351,"failureMessages":[],"meta":{}},{"ancestorTitles":["succession registry schema"],"fullName":"succession registry schema builds the current placeholder inheritance claim prospect from the domain seam","status":"passed","title":"builds the current placeholder inheritance claim prospect from the domain seam","duration":0.2805829999999787,"failureMessages":[],"meta":{}},{"ancestorTitles":["succession registry schema"],"fullName":"succession registry schema routes bounded inheritance claim metadata through the prospects window without adding court-trial mechanics","status":"passed","title":"routes bounded inheritance claim metadata through the prospects window without adding court-trial mechanics","duration":0.6087079999999787,"failureMessages":[],"meta":{}},{"ancestorTitles":["succession registry schema"],"fullName":"succession registry schema feeds cadet and marriage-link relevance into claimant ordering when the canonical line is empty","status":"passed","title":"feeds cadet and marriage-link relevance into claimant ordering when the canonical line is empty","duration":0.8562090000000353,"failureMessages":[],"meta":{}},{"ancestorTitles":["succession registry schema"],"fullName":"succession registry schema keeps married-out descendant branches unique when claimant relevance reaches the same external house","status":"passed","title":"keeps married-out descendant branches unique when claimant relevance reaches the same external house","duration":0.3191670000001068,"failureMessages":[],"meta":{}},{"ancestorTitles":["succession registry schema"],"fullName":"succession registry schema keeps inheritance claim signatures deterministic and head-scoped","status":"passed","title":"keeps inheritance claim signatures deterministic and head-scoped","duration":0.06175000000007458,"failureMessages":[],"meta":{}}],"startTime":1776789193122,"endTime":1776789193138.319,"status":"passed","message":"","name":"/Users/matt_wittlief_home/Documents/GitHub/lotm-deploy-tooling-qa/tests/sim/succession_registry.test.ts"},{"assertionResults":[{"ancestorTitles":["succession summary surfaces"],"fullName":"succession summary surfaces builds deterministic bounded succession summaries from the people-domain seam","status":"passed","title":"builds deterministic bounded succession summaries from the people-domain seam","duration":71.44116599999995,"failureMessages":[],"meta":{}},{"ancestorTitles":["succession summary surfaces"],"fullName":"succession summary surfaces attaches succession summaries to preview_state and mirrors them on house for direct UI consumption","status":"passed","title":"attaches succession summaries to preview_state and mirrors them on house for direct UI consumption","duration":282.803042,"failureMessages":[],"meta":{}},{"ancestorTitles":["succession summary surfaces"],"fullName":"succession summary surfaces attaches succession summaries to bounded snapshots without changing the serialized snapshot contract","status":"passed","title":"attaches succession summaries to bounded snapshots without changing the serialized snapshot contract","duration":150.88525000000004,"failureMessages":[],"meta":{}}],"startTime":1776789204283,"endTime":1776789204787.8853,"status":"passed","message":"","name":"/Users/matt_wittlief_home/Documents/GitHub/lotm-deploy-tooling-qa/tests/sim/succession_summary_surfaces.test.ts"},{"assertionResults":[{"ancestorTitles":["tiering + worldgen (v0.2.8)"],"fullName":"tiering + worldgen (v0.2.8) Tier1 contains at least some eligible maidens after worldgen (typical seed)","status":"passed","title":"Tier1 contains at least some eligible maidens after worldgen (typical seed)","duration":33.15700000000001,"failureMessages":[],"meta":{}},{"ancestorTitles":["tiering + worldgen (v0.2.8)"],"fullName":"tiering + worldgen (v0.2.8) Player start family smoothing avoids 'two teens + toddler' gap unless mother age supports late child","status":"passed","title":"Player start family smoothing avoids 'two teens + toddler' gap unless mother age supports late child","duration":7.443250000000006,"failureMessages":[],"meta":{}},{"ancestorTitles":["tiering + worldgen (v0.2.8)"],"fullName":"tiering + worldgen (v0.2.8) Worldgen is deterministic (idempotent under same seed/state)","status":"passed","title":"Worldgen is deterministic (idempotent under same seed/state)","duration":19.74324999999999,"failureMessages":[],"meta":{}},{"ancestorTitles":["tiering + worldgen (v0.2.8)"],"fullName":"tiering + worldgen (v0.2.8) Worldgen child spacing follows plausible maternal-age bounds and >=2y spacing","status":"passed","title":"Worldgen child spacing follows plausible maternal-age bounds and >=2y spacing","duration":9.171500000000009,"failureMessages":[],"meta":{}},{"ancestorTitles":["tiering + worldgen (v0.2.8)"],"fullName":"tiering + worldgen (v0.2.8) Tier0 includes Tier0 guide actors when present (player house, player court, liege/clergy, parish)","status":"passed","title":"Tier0 includes Tier0 guide actors when present (player house, player court, liege/clergy, parish)","duration":0.5428330000000017,"failureMessages":[],"meta":{}}],"startTime":1776789193560,"endTime":1776789193630.5427,"status":"passed","message":"","name":"/Users/matt_wittlief_home/Documents/GitHub/lotm-deploy-tooling-qa/tests/sim/tiering_worldgen.test.ts"},{"assertionResults":[{"ancestorTitles":["v0.2.9 annual aging integration"],"fullName":"v0.2.9 annual aging integration does not double-age non-player world actors after annual demography substeps","status":"passed","title":"does not double-age non-player world actors after annual demography substeps","duration":313.336625,"failureMessages":[],"meta":{}}],"startTime":1776789218156,"endTime":1776789218469.3367,"status":"passed","message":"","name":"/Users/matt_wittlief_home/Documents/GitHub/lotm-deploy-tooling-qa/tests/sim/turn_annual_aging_v029.test.ts"},{"assertionResults":[{"ancestorTitles":["turn explanation contract"],"fullName":"turn explanation contract builds ordered walkdowns and surface roles on the preview report","status":"passed","title":"builds ordered walkdowns and surface roles on the preview report","duration":594.934792,"failureMessages":[],"meta":{}},{"ancestorTitles":["turn explanation contract"],"fullName":"turn explanation contract reconciles food and coin walkdowns from structured obligation receipts when note lines are sparse","status":"passed","title":"reconciles food and coin walkdowns from structured obligation receipts when note lines are sparse","duration":0.4570840000001226,"failureMessages":[],"meta":{}}],"startTime":1776789194840,"endTime":1776789195435.457,"status":"passed","message":"","name":"/Users/matt_wittlief_home/Documents/GitHub/lotm-deploy-tooling-qa/tests/sim/turn_explanation_contract.test.ts"},{"assertionResults":[{"ancestorTitles":["world-init relationship seeding"],"fullName":"world-init relationship seeding seeds liege and church edges from distinct non-uniform profiles at create-new-run time","status":"passed","title":"seeds liege and church edges from distinct non-uniform profiles at create-new-run time","duration":24.081500000000005,"failureMessages":[],"meta":{}},{"ancestorTitles":["world-init relationship seeding"],"fullName":"world-init relationship seeding starts the player with a deterministic positive and negative mix of local-house ties","status":"passed","title":"starts the player with a deterministic positive and negative mix of local-house ties","duration":11.6815,"failureMessages":[],"meta":{}},{"ancestorTitles":["world-init relationship seeding"],"fullName":"world-init relationship seeding extends the same deterministic local-house profiles to external house heads during worldgen","status":"passed","title":"extends the same deterministic local-house profiles to external house heads during worldgen","duration":14.374667000000017,"failureMessages":[],"meta":{}},{"ancestorTitles":["world-init relationship seeding"],"fullName":"world-init relationship seeding limits seeded profiles to turn-zero world-init edges","status":"passed","title":"limits seeded profiles to turn-zero world-init edges","duration":9.659041000000002,"failureMessages":[],"meta":{}}],"startTime":1776789204506,"endTime":1776789204565.659,"status":"passed","message":"","name":"/Users/matt_wittlief_home/Documents/GitHub/lotm-deploy-tooling-qa/tests/sim/world_init_relationship_seeding.test.ts"},{"assertionResults":[{"ancestorTitles":["world map surfaces"],"fullName":"world map surfaces matches the deterministic map view fixture","status":"passed","title":"matches the deterministic map view fixture","duration":20.417542000000026,"failureMessages":[],"meta":{}},{"ancestorTitles":["world map surfaces"],"fullName":"world map surfaces matches the deterministic manor detail fixture","status":"passed","title":"matches the deterministic manor detail fixture","duration":15.565124999999966,"failureMessages":[],"meta":{}},{"ancestorTitles":["world map surfaces"],"fullName":"world map surfaces keeps the map snapshot compact while selector rows and manor detail stay field-stable","status":"passed","title":"keeps the map snapshot compact while selector rows and manor detail stay field-stable","duration":1.4008750000000418,"failureMessages":[],"meta":{}},{"ancestorTitles":["world map surfaces"],"fullName":"world map surfaces resolves marriage scouting through topology caps and household residence hooks","status":"passed","title":"resolves marriage scouting through topology caps and household residence hooks","duration":2.3775830000000724,"failureMessages":[],"meta":{}},{"ancestorTitles":["world map surfaces"],"fullName":"world map surfaces keeps maintenance scoped to the anchor manor without widening into topology candidates","status":"passed","title":"keeps maintenance scoped to the anchor manor without widening into topology candidates","duration":0.09454200000004676,"failureMessages":[],"meta":{}}],"startTime":1776789197685,"endTime":1776789197725.3777,"status":"passed","message":"","name":"/Users/matt_wittlief_home/Documents/GitHub/lotm-deploy-tooling-qa/tests/sim/world_map_surfaces.test.ts"},{"assertionResults":[{"ancestorTitles":["world scope caps"],"fullName":"world scope caps exposes a stable cap-table contract with canonical bucket order and tier fallbacks","status":"passed","title":"exposes a stable cap-table contract with canonical bucket order and tier fallbacks","duration":3.051249999999982,"failureMessages":[],"meta":{}},{"ancestorTitles":["world scope caps"],"fullName":"world scope caps applies cumulative bucket caps in deterministic bucket-and-id order","status":"passed","title":"applies cumulative bucket caps in deterministic bucket-and-id order","duration":2.1351250000000164,"failureMessages":[],"meta":{}},{"ancestorTitles":["world scope caps"],"fullName":"world scope caps deduplicates candidates by keeping the closest bucket before evaluation","status":"passed","title":"deduplicates candidates by keeping the closest bucket before evaluation","duration":0.17020800000000236,"failureMessages":[],"meta":{}},{"ancestorTitles":["world scope caps"],"fullName":"world scope caps widens the same scope buckets deterministically for higher tiers","status":"passed","title":"widens the same scope buckets deterministically for higher tiers","duration":2.618208000000095,"failureMessages":[],"meta":{}},{"ancestorTitles":["world scope caps"],"fullName":"world scope caps classifies topology-backed scope buckets with kinship, adjacency, and near/far precedence","status":"passed","title":"classifies topology-backed scope buckets with kinship, adjacency, and near/far precedence","duration":53.893375000000106,"failureMessages":[],"meta":{}},{"ancestorTitles":["world scope caps"],"fullName":"world scope caps builds deterministic fixed-fixture scope candidates and evaluates them through the cap table","status":"passed","title":"builds deterministic fixed-fixture scope candidates and evaluates them through the cap table","duration":35.70229199999994,"failureMessages":[],"meta":{}}],"startTime":1776789194924,"endTime":1776789195021.7024,"status":"passed","message":"","name":"/Users/matt_wittlief_home/Documents/GitHub/lotm-deploy-tooling-qa/tests/sim/world_scope_caps.test.ts"},{"assertionResults":[{"ancestorTitles":["world topology fixtures"],"fullName":"world topology fixtures matches the deterministic bounded topology fixture with an opted-in far threshold","status":"passed","title":"matches the deterministic bounded topology fixture with an opted-in far threshold","duration":128.56008400000007,"failureMessages":[],"meta":{}},{"ancestorTitles":["world topology fixtures"],"fullName":"world topology fixtures keeps the topology fixture bounded and field-stable for review","status":"passed","title":"keeps the topology fixture bounded and field-stable for review","duration":1.9405420000000504,"failureMessages":[],"meta":{}}],"startTime":1776789206784,"endTime":1776789206914.9404,"status":"passed","message":"","name":"/Users/matt_wittlief_home/Documents/GitHub/lotm-deploy-tooling-qa/tests/sim/world_topology_fixtures.test.ts"},{"assertionResults":[{"ancestorTitles":["xmap world domain"],"fullName":"xmap world domain loads the frozen xmap snapshot with the expected current-world counts","status":"passed","title":"loads the frozen xmap snapshot with the expected current-world counts","duration":10.366040999999996,"failureMessages":[],"meta":{}},{"ancestorTitles":["xmap world domain"],"fullName":"xmap world domain freezes the vendored primary files against the manifest and config hash","status":"passed","title":"freezes the vendored primary files against the manifest and config hash","duration":8.003958000000011,"failureMessages":[],"meta":{}},{"ancestorTitles":["xmap world domain"],"fullName":"xmap world domain supports manor, holding, lordship, and overlay lookups without flattening overlay semantics","status":"passed","title":"supports manor, holding, lordship, and overlay lookups without flattening overlay semantics","duration":0.5284580000000005,"failureMessages":[],"meta":{}},{"ancestorTitles":["xmap world domain"],"fullName":"xmap world domain answers territorial and route adjacency from the canonical manor ids","status":"passed","title":"answers territorial and route adjacency from the canonical manor ids","duration":0.5500409999999647,"failureMessages":[],"meta":{}},{"ancestorTitles":["xmap world domain"],"fullName":"xmap world domain answers canonical numeric distance from the route graph and matches preview rows","status":"passed","title":"answers canonical numeric distance from the route graph and matches preview rows","duration":114.20858399999997,"failureMessages":[],"meta":{}},{"ancestorTitles":["xmap world domain"],"fullName":"xmap world domain classifies near and far travel from the fixed world fixture using an override threshold","status":"passed","title":"classifies near and far travel from the fixed world fixture using an override threshold","duration":0.18425000000002,"failureMessages":[],"meta":{}},{"ancestorTitles":["xmap world domain"],"fullName":"xmap world domain uses a configured default far-threshold from a fixed world fixture clone","status":"passed","title":"uses a configured default far-threshold from a fixed world fixture clone","duration":22.57508299999995,"failureMessages":[],"meta":{}},{"ancestorTitles":["xmap world domain"],"fullName":"xmap world domain builds a bounded topology snapshot view from a deterministic anchor manor","status":"passed","title":"builds a bounded topology snapshot view from a deterministic anchor manor","duration":27.64320900000007,"failureMessages":[],"meta":{}}],"startTime":1776789193032,"endTime":1776789193215.6433,"status":"passed","message":"","name":"/Users/matt_wittlief_home/Documents/GitHub/lotm-deploy-tooling-qa/tests/sim/world_xmap_domain.test.ts"}]}