{"numTotalTestSuites":183,"numPassedTestSuites":183,"numFailedTestSuites":0,"numPendingTestSuites":0,"numTotalTests":266,"numPassedTests":266,"numFailedTests":0,"numPendingTests":0,"numTodoTests":0,"snapshot":{"added":0,"failure":false,"filesAdded":0,"filesRemoved":0,"filesRemovedList":[],"filesUnmatched":0,"filesUpdated":0,"matched":0,"total":0,"unchecked":0,"uncheckedKeysByFile":[],"unmatched":0,"updated":0,"didUpdate":false},"startTime":1775438795434,"success":true,"testResults":[{"assertionResults":[{"ancestorTitles":["determinism"],"fullName":"determinism same seed + same policy decisions produces identical logs (first 3 turns)","status":"passed","title":"same seed + same policy decisions produces identical logs (first 3 turns)","duration":613.3410409999999,"failureMessages":[],"meta":{}}],"startTime":1775438801727,"endTime":1775438802340.341,"status":"passed","message":"","name":"/Users/matt_wittlief_home/Documents/GitHub/lotm-deploy-tooling-qa/tests/determinism.test.ts"},{"assertionResults":[{"ancestorTitles":["golden seeds (v0.2.9)"],"fullName":"golden seeds (v0.2.9) seed list is non-empty","status":"passed","title":"seed list is non-empty","duration":1.3055420000000026,"failureMessages":[],"meta":{}},{"ancestorTitles":["golden seeds (v0.2.9)"],"fullName":"golden seeds (v0.2.9) golden seeds are deterministic for 15 turns under prudent-builder","status":"passed","title":"golden seeds are deterministic for 15 turns under prudent-builder","duration":41845.515250000004,"failureMessages":[],"meta":{}},{"ancestorTitles":["golden seeds (v0.2.9)"],"fullName":"golden seeds (v0.2.9) golden seeds are deterministic for 15 turns under builder-forward","status":"passed","title":"golden seeds are deterministic for 15 turns under builder-forward","duration":30382.382458,"failureMessages":[],"meta":{}},{"ancestorTitles":["golden seeds (v0.2.9)"],"fullName":"golden seeds (v0.2.9) golden seeds are deterministic for 15 turns under builder-forward/buffered","status":"passed","title":"golden seeds are deterministic for 15 turns under builder-forward/buffered","duration":75853.172459,"failureMessages":[],"meta":{}}],"startTime":1775438800126,"endTime":1775438948208.1724,"status":"passed","message":"","name":"/Users/matt_wittlief_home/Documents/GitHub/lotm-deploy-tooling-qa/tests/goldenSeeds.test.ts"},{"assertionResults":[{"ancestorTitles":["invariants"],"fullName":"invariants no NaN; clamps hold; energy never negative","status":"passed","title":"no NaN; clamps hold; energy never negative","duration":42749.5225,"failureMessages":[],"meta":{}}],"startTime":1775438800037,"endTime":1775438842786.5225,"status":"passed","message":"","name":"/Users/matt_wittlief_home/Documents/GitHub/lotm-deploy-tooling-qa/tests/invariants.test.ts"},{"assertionResults":[{"ancestorTitles":["TurnLogEntry snapshots"],"fullName":"TurnLogEntry snapshots snapshot_before/after are bounded and never include log history","status":"passed","title":"snapshot_before/after are bounded and never include log history","duration":3243.4763749999997,"failureMessages":[],"meta":{}}],"startTime":1775438799623,"endTime":1775438802866.4763,"status":"passed","message":"","name":"/Users/matt_wittlief_home/Documents/GitHub/lotm-deploy-tooling-qa/tests/logSnapshotsBounded.test.ts"},{"assertionResults":[{"ancestorTitles":["migration regression (v0.1.0 -> v0.2.1 People-First)"],"fullName":"migration regression (v0.1.0 -> v0.2.1 People-First) proposeTurn accepts a v0.1.0 state fixture (no crash)","status":"passed","title":"proposeTurn accepts a v0.1.0 state fixture (no crash)","duration":156.20225,"failureMessages":[],"meta":{}},{"ancestorTitles":["migration regression (v0.1.0 -> v0.2.1 People-First)"],"fullName":"migration regression (v0.1.0 -> v0.2.1 People-First) v0.2.1 adds people/houses registries + kinship edges deterministically","status":"passed","title":"v0.2.1 adds people/houses registries + kinship edges deterministically","duration":0.32458299999996143,"failureMessages":[],"meta":{}}],"startTime":1775438798478,"endTime":1775438798634.3245,"status":"passed","message":"","name":"/Users/matt_wittlief_home/Documents/GitHub/lotm-deploy-tooling-qa/tests/migration_v021.test.ts"},{"assertionResults":[{"ancestorTitles":["ops v0.3 control plane"],"fullName":"ops v0.3 control plane validates the imported backlog state","status":"passed","title":"validates the imported backlog state","duration":152.40175,"failureMessages":[],"meta":{}},{"ancestorTitles":["ops v0.3 control plane"],"fullName":"ops v0.3 control plane reports lane-parallel scheduler dry-run state","status":"passed","title":"reports lane-parallel scheduler dry-run state","duration":320.74333399999995,"failureMessages":[],"meta":{}},{"ancestorTitles":["ops v0.3 control plane"],"fullName":"ops v0.3 control plane shows no immediate ready-task rebases","status":"passed","title":"shows no immediate ready-task rebases","duration":164.31112499999995,"failureMessages":[],"meta":{}}],"startTime":1775438800014,"endTime":1775438800651.311,"status":"passed","message":"","name":"/Users/matt_wittlief_home/Documents/GitHub/lotm-deploy-tooling-qa/tests/ops_v03_control_plane.test.ts"},{"assertionResults":[{"ancestorTitles":["policy registry"],"fullName":"policy registry canonicalizePolicyId maps locked alias 'good-faith' -> prudent-builder","status":"passed","title":"canonicalizePolicyId maps locked alias 'good-faith' -> prudent-builder","duration":0.6209170000000199,"failureMessages":[],"meta":{}},{"ancestorTitles":["policy registry"],"fullName":"policy registry canonicalizePolicyId accepts sanitized id builder-forward__buffered","status":"passed","title":"canonicalizePolicyId accepts sanitized id builder-forward__buffered","duration":0.24049999999999727,"failureMessages":[],"meta":{}},{"ancestorTitles":["policy registry"],"fullName":"policy registry canonicalizePolicyId falls back to prudent-builder on unknown","status":"passed","title":"canonicalizePolicyId falls back to prudent-builder on unknown","duration":0.2115840000000162,"failureMessages":[],"meta":{}},{"ancestorTitles":["policy registry"],"fullName":"policy registry sanitizes policy ids for artifact folder names","status":"passed","title":"sanitizes policy ids for artifact folder names","duration":0.28641599999997425,"failureMessages":[],"meta":{}},{"ancestorTitles":[],"fullName":"BUILD_INFO.policy_ids matches registry (drift prevention)","status":"passed","title":"BUILD_INFO.policy_ids matches registry (drift prevention)","duration":0.8316669999999817,"failureMessages":[],"meta":{}},{"ancestorTitles":["builder-forward improvement selection"],"fullName":"builder-forward improvement selection builder-forward uses WP-11 priority order (field_rotation first)","status":"passed","title":"builder-forward uses WP-11 priority order (field_rotation first)","duration":203.60575000000006,"failureMessages":[],"meta":{}},{"ancestorTitles":["builder-forward improvement selection"],"fullName":"builder-forward improvement selection builder-forward/buffered selects the cheapest viable improvement (diagnostic)","status":"passed","title":"builder-forward/buffered selects the cheapest viable improvement (diagnostic)","duration":57.791624999999954,"failureMessages":[],"meta":{}}],"startTime":1775438799258,"endTime":1775438799521.7915,"status":"passed","message":"","name":"/Users/matt_wittlief_home/Documents/GitHub/lotm-deploy-tooling-qa/tests/policyRegistry.test.ts"},{"assertionResults":[{"ancestorTitles":["v0.2.3.2 patch (Dev B)"],"fullName":"v0.2.3.2 patch (Dev B) age sanity: starting family ages align to LOCK rule","status":"passed","title":"age sanity: starting family ages align to LOCK rule","duration":63.81341699999996,"failureMessages":[],"meta":{}},{"ancestorTitles":["v0.2.3.2 patch (Dev B)"],"fullName":"v0.2.3.2 patch (Dev B) household roster is deduped and heir is a badge (no duplicate row)","status":"passed","title":"household roster is deduped and heir is a badge (no duplicate row)","duration":171.94274999999993,"failureMessages":[],"meta":{}},{"ancestorTitles":["v0.2.3.2 patch (Dev B)"],"fullName":"v0.2.3.2 patch (Dev B) widowed log emits once on spouse death, with survivor+deceased fields populated","status":"passed","title":"widowed log emits once on spouse death, with survivor+deceased fields populated","duration":108.45229100000006,"failureMessages":[],"meta":{}},{"ancestorTitles":["v0.2.3.2 patch (Dev B)"],"fullName":"v0.2.3.2 patch (Dev B) widowed log does not repeat when spouse was already dead in prior state","status":"passed","title":"widowed log does not repeat when spouse was already dead in prior state","duration":61.89874999999995,"failureMessages":[],"meta":{}},{"ancestorTitles":["v0.2.3.2 patch (Dev B)"],"fullName":"v0.2.3.2 patch (Dev B) unrest breakdown is structurally consistent (delta equals contributors)","status":"passed","title":"unrest breakdown is structurally consistent (delta equals contributors)","duration":113.81062500000007,"failureMessages":[],"meta":{}},{"ancestorTitles":["v0.2.3.2 patch (Dev B)"],"fullName":"v0.2.3.2 patch (Dev B) construction options include built + active_project statuses","status":"passed","title":"construction options include built + active_project statuses","duration":39.126832999999806,"failureMessages":[],"meta":{}},{"ancestorTitles":["v0.2.3.2 patch (Dev B)"],"fullName":"v0.2.3.2 patch (Dev B) labor signal is emitted when shortage causes population loss to oversubscribe labor","status":"passed","title":"labor signal is emitted when shortage causes population loss to oversubscribe labor","duration":78.74583400000006,"failureMessages":[],"meta":{}}],"startTime":1775438797373,"endTime":1775438798010.7458,"status":"passed","message":"","name":"/Users/matt_wittlief_home/Documents/GitHub/lotm-deploy-tooling-qa/tests/v0232_dev_b_patch.test.ts"},{"assertionResults":[{"ancestorTitles":["v0.2.3.4 patch (Dev B)"],"fullName":"v0.2.3.4 patch (Dev B) TurnReport embeds household_roster and marks deceased head alive=false on the death turn","status":"passed","title":"TurnReport embeds household_roster and marks deceased head alive=false on the death turn","duration":170.968708,"failureMessages":[],"meta":{}},{"ancestorTitles":["v0.2.3.4 patch (Dev B)"],"fullName":"v0.2.3.4 patch (Dev B) labor signal detects oversubscription created by edits entering the turn","status":"passed","title":"labor signal detects oversubscription created by edits entering the turn","duration":68.73983299999998,"failureMessages":[],"meta":{}},{"ancestorTitles":["v0.2.3.4 patch (Dev B)"],"fullName":"v0.2.3.4 patch (Dev B) grant prospects: predicted_effects populated; accept vs reject produces deterministic difference","status":"passed","title":"grant prospects: predicted_effects populated; accept vs reject produces deterministic difference","duration":217.45450000000005,"failureMessages":[],"meta":{}}],"startTime":1775438797723,"endTime":1775438798180.4546,"status":"passed","message":"","name":"/Users/matt_wittlief_home/Documents/GitHub/lotm-deploy-tooling-qa/tests/v0234_dev_b_patch.test.ts"},{"assertionResults":[{"ancestorTitles":["v0.2.5 Court/Household (Dev B)"],"fullName":"v0.2.5 Court/Household (Dev B) generates deterministic steward stub and reconciles consumption totals","status":"passed","title":"generates deterministic steward stub and reconciles consumption totals","duration":150.26533300000006,"failureMessages":[],"meta":{}},{"ancestorTitles":["v0.2.5 Court/Household (Dev B)"],"fullName":"v0.2.5 Court/Household (Dev B) accepting a marriage prospect for the heir/eldest son adds spouse to court roster via court_extra_ids","status":"passed","title":"accepting a marriage prospect for the heir/eldest son adds spouse to court roster via court_extra_ids","duration":209.23849999999993,"failureMessages":[],"meta":{}}],"startTime":1775438798197,"endTime":1775438798556.2385,"status":"passed","message":"","name":"/Users/matt_wittlief_home/Documents/GitHub/lotm-deploy-tooling-qa/tests/v024_dev_b_court.test.ts"},{"assertionResults":[{"ancestorTitles":["v0.2.5 realism locks (Dev B)"],"fullName":"v0.2.5 realism locks (Dev B) initial labor allocation starts near food-stable (no huge idle surprise)","status":"passed","title":"initial labor allocation starts near food-stable (no huge idle surprise)","duration":38.01216699999998,"failureMessages":[],"meta":{}},{"ancestorTitles":["v0.2.5 realism locks (Dev B)"],"fullName":"v0.2.5 realism locks (Dev B) court officers are male and age each turn","status":"passed","title":"court officers are male and age each turn","duration":136.62599999999998,"failureMessages":[],"meta":{}},{"ancestorTitles":["v0.2.5 realism locks (Dev B)"],"fullName":"v0.2.5 realism locks (Dev B) same-sex marriage offers are not generated (offers match subject child sex)","status":"passed","title":"same-sex marriage offers are not generated (offers match subject child sex)","duration":52.753416000000016,"failureMessages":[],"meta":{}},{"ancestorTitles":["v0.2.5 realism locks (Dev B)"],"fullName":"v0.2.5 realism locks (Dev B) marriage residence: daughters marry out (spouse does not join the court)","status":"passed","title":"marriage residence: daughters marry out (spouse does not join the court)","duration":79.35095799999999,"failureMessages":[],"meta":{}},{"ancestorTitles":["v0.2.5 realism locks (Dev B)"],"fullName":"v0.2.5 realism locks (Dev B) population change breakdown is present when shortage causes population loss","status":"passed","title":"population change breakdown is present when shortage causes population loss","duration":53.62466699999993,"failureMessages":[],"meta":{}}],"startTime":1775438797920,"endTime":1775438798279.6248,"status":"passed","message":"","name":"/Users/matt_wittlief_home/Documents/GitHub/lotm-deploy-tooling-qa/tests/v025_dev_b_realism.test.ts"},{"assertionResults":[{"ancestorTitles":["v0.2.7.1 hotfix P0 correctness"],"fullName":"v0.2.7.1 hotfix P0 correctness ages all instantiated People/Registry persons by +3 (alive only)","status":"passed","title":"ages all instantiated People/Registry persons by +3 (alive only)","duration":187.25187499999998,"failureMessages":[],"meta":{}}],"startTime":1775438800451,"endTime":1775438800638.252,"status":"passed","message":"","name":"/Users/matt_wittlief_home/Documents/GitHub/lotm-deploy-tooling-qa/tests/v0271_hotfix_p0_correctness.test.ts"},{"assertionResults":[{"ancestorTitles":["v0.2.7.2 DevB P0 regressions"],"fullName":"v0.2.7.2 DevB P0 regressions marriage prospect spouse id is a People-First registry person and belongs to a house","status":"passed","title":"marriage prospect spouse id is a People-First registry person and belongs to a house","duration":103.0925410000001,"failureMessages":[],"meta":{}},{"ancestorTitles":["v0.2.7.2 DevB P0 regressions"],"fullName":"v0.2.7.2 DevB P0 regressions female marriage prospect transfers court residency while preserving lineage","status":"passed","title":"female marriage prospect transfers court residency while preserving lineage","duration":188.049667,"failureMessages":[],"meta":{}},{"ancestorTitles":["v0.2.7.2 DevB P0 regressions"],"fullName":"v0.2.7.2 DevB P0 regressions succession spouse swap uses the stable spouse (no phantom local noble)","status":"passed","title":"succession spouse swap uses the stable spouse (no phantom local noble)","duration":93.76266599999997,"failureMessages":[],"meta":{}}],"startTime":1775438796680,"endTime":1775438797065.7627,"status":"passed","message":"","name":"/Users/matt_wittlief_home/Documents/GitHub/lotm-deploy-tooling-qa/tests/v0272_hotfix_p0_regressions.test.ts"},{"assertionResults":[{"ancestorTitles":["DecisionsPanel court budget"],"fullName":"DecisionsPanel court budget renders the spent and remaining court decision budget state","status":"passed","title":"renders the spent and remaining court decision budget state","duration":5.032125000000008,"failureMessages":[],"meta":{}}],"startTime":1775438796225,"endTime":1775438796230.0322,"status":"passed","message":"","name":"/Users/matt_wittlief_home/Documents/GitHub/lotm-deploy-tooling-qa/tests/ui/decisionsPanelCourtBudget.test.tsx"},{"assertionResults":[{"ancestorTitles":["intel model"],"fullName":"intel model builds deterministic current and memory sections from beliefs and phase evidence","status":"passed","title":"builds deterministic current and memory sections from beliefs and phase evidence","duration":8.457749999999976,"failureMessages":[],"meta":{}}],"startTime":1775438796740,"endTime":1775438796748.4578,"status":"passed","message":"","name":"/Users/matt_wittlief_home/Documents/GitHub/lotm-deploy-tooling-qa/tests/ui/intelModel.test.ts"},{"assertionResults":[{"ancestorTitles":["obligations panels"],"fullName":"obligations panels renders summary cards with due, overdue, and carried arrears labels","status":"passed","title":"renders summary cards with due, overdue, and carried arrears labels","duration":11.459665999999999,"failureMessages":[],"meta":{}},{"ancestorTitles":["obligations panels"],"fullName":"obligations panels renders the modal detail surface with receipt alignment and decision routing","status":"passed","title":"renders the modal detail surface with receipt alignment and decision routing","duration":1.6512500000000045,"failureMessages":[],"meta":{}}],"startTime":1775438797964,"endTime":1775438797977.6514,"status":"passed","message":"","name":"/Users/matt_wittlief_home/Documents/GitHub/lotm-deploy-tooling-qa/tests/ui/obligationsPanels.test.tsx"},{"assertionResults":[{"ancestorTitles":["play screen chrome"],"fullName":"play screen chrome keeps the first detail modal title stable for gameplay shells","status":"passed","title":"keeps the first detail modal title stable for gameplay shells","duration":0.612499999999983,"failureMessages":[],"meta":{}},{"ancestorTitles":["play screen chrome"],"fullName":"play screen chrome keeps the debug accordion sections in the expected order","status":"passed","title":"keeps the debug accordion sections in the expected order","duration":0.16916600000001836,"failureMessages":[],"meta":{}}],"startTime":1775438800775,"endTime":1775438800775.6125,"status":"passed","message":"","name":"/Users/matt_wittlief_home/Documents/GitHub/lotm-deploy-tooling-qa/tests/ui/playScreenChrome.test.ts"},{"assertionResults":[{"ancestorTitles":["playScreenCourtBudget"],"fullName":"playScreenCourtBudget reads the report budget and marks the highest-cost court action","status":"passed","title":"reads the report budget and marks the highest-cost court action","duration":2.855290999999994,"failureMessages":[],"meta":{}},{"ancestorTitles":["playScreenCourtBudget"],"fullName":"playScreenCourtBudget falls back to the marriage window when the report budget is absent","status":"passed","title":"falls back to the marriage window when the report budget is absent","duration":0.531583999999981,"failureMessages":[],"meta":{}}],"startTime":1775438799041,"endTime":1775438799044.5315,"status":"passed","message":"","name":"/Users/matt_wittlief_home/Documents/GitHub/lotm-deploy-tooling-qa/tests/ui/playScreenCourtBudget.test.ts"},{"assertionResults":[{"ancestorTitles":["play screen layout"],"fullName":"play screen layout keeps the audited single-column card order stable","status":"passed","title":"keeps the audited single-column card order stable","duration":1.4026250000000005,"failureMessages":[],"meta":{}},{"ancestorTitles":["play screen layout"],"fullName":"play screen layout builds sticky chips from the canonical headline resources","status":"passed","title":"builds sticky chips from the canonical headline resources","duration":0.37079199999999446,"failureMessages":[],"meta":{}}],"startTime":1775438800838,"endTime":1775438800840.3708,"status":"passed","message":"","name":"/Users/matt_wittlief_home/Documents/GitHub/lotm-deploy-tooling-qa/tests/ui/playScreenLayout.test.ts"},{"assertionResults":[{"ancestorTitles":["playScreenObligations"],"fullName":"playScreenObligations builds a deterministic counterparty contract from the bounded obligations view and court budget","status":"passed","title":"builds a deterministic counterparty contract from the bounded obligations view and court budget","duration":8.090374999999995,"failureMessages":[],"meta":{}},{"ancestorTitles":["playScreenObligations"],"fullName":"playScreenObligations classifies receipt lines into deterministic liege and church tags","status":"passed","title":"classifies receipt lines into deterministic liege and church tags","duration":0.20900000000000318,"failureMessages":[],"meta":{}},{"ancestorTitles":["playScreenObligations"],"fullName":"playScreenObligations keeps modal routing, focus selection, and helper copy deterministic","status":"passed","title":"keeps modal routing, focus selection, and helper copy deterministic","duration":0.28787499999998545,"failureMessages":[],"meta":{}}],"startTime":1775438795697,"endTime":1775438795705.2878,"status":"passed","message":"","name":"/Users/matt_wittlief_home/Documents/GitHub/lotm-deploy-tooling-qa/tests/ui/playScreenObligations.test.ts"},{"assertionResults":[{"ancestorTitles":["playScreenPortfolio"],"fullName":"playScreenPortfolio returns null when the bounded portfolio surface is absent","status":"passed","title":"returns null when the bounded portfolio surface is absent","duration":1.0738329999999792,"failureMessages":[],"meta":{}},{"ancestorTitles":["playScreenPortfolio"],"fullName":"playScreenPortfolio builds portfolio totals and groups outlier metrics into a bounded manor list","status":"passed","title":"builds portfolio totals and groups outlier metrics into a bounded manor list","duration":2.043207999999993,"failureMessages":[],"meta":{}}],"startTime":1775438798694,"endTime":1775438798697.0432,"status":"passed","message":"","name":"/Users/matt_wittlief_home/Documents/GitHub/lotm-deploy-tooling-qa/tests/ui/playScreenPortfolio.test.ts"},{"assertionResults":[{"ancestorTitles":["playScreenReceipts"],"fullName":"playScreenReceipts creates deterministic routes for explain-changes and resource chips","status":"passed","title":"creates deterministic routes for explain-changes and resource chips","duration":0.6580000000000155,"failureMessages":[],"meta":{}},{"ancestorTitles":["playScreenReceipts"],"fullName":"playScreenReceipts builds grouped and raw receipt data from phase receipts","status":"passed","title":"builds grouped and raw receipt data from phase receipts","duration":0.802250000000015,"failureMessages":[],"meta":{}},{"ancestorTitles":["playScreenReceipts"],"fullName":"playScreenReceipts filters grouped sections and raw phases for focused chip routes","status":"passed","title":"filters grouped sections and raw phases for focused chip routes","duration":0.23987499999998363,"failureMessages":[],"meta":{}}],"startTime":1775438795715,"endTime":1775438795716.8022,"status":"passed","message":"","name":"/Users/matt_wittlief_home/Documents/GitHub/lotm-deploy-tooling-qa/tests/ui/playScreenReceipts.test.ts"},{"assertionResults":[{"ancestorTitles":["playScreenTheme"],"fullName":"playScreenTheme locks the manuscript font and page treatment","status":"passed","title":"locks the manuscript font and page treatment","duration":1.041832999999997,"failureMessages":[],"meta":{}},{"ancestorTitles":["playScreenTheme"],"fullName":"playScreenTheme keeps stable section sigils for the gameplay shell","status":"passed","title":"keeps stable section sigils for the gameplay shell","duration":0.624416000000025,"failureMessages":[],"meta":{}},{"ancestorTitles":["playScreenTheme"],"fullName":"playScreenTheme maps sticky resource chips to deterministic sigils","status":"passed","title":"maps sticky resource chips to deterministic sigils","duration":0.5122499999999945,"failureMessages":[],"meta":{}}],"startTime":1775438800981,"endTime":1775438800983.6245,"status":"passed","message":"","name":"/Users/matt_wittlief_home/Documents/GitHub/lotm-deploy-tooling-qa/tests/ui/playScreenTheme.test.ts"},{"assertionResults":[{"ancestorTitles":["playScreenTopology"],"fullName":"playScreenTopology returns null when the bounded world topology snapshot is absent","status":"passed","title":"returns null when the bounded world topology snapshot is absent","duration":0.5353749999999877,"failureMessages":[],"meta":{}},{"ancestorTitles":["playScreenTopology"],"fullName":"playScreenTopology normalizes raw distance samples and the far threshold for debug rendering","status":"passed","title":"normalizes raw distance samples and the far threshold for debug rendering","duration":0.4662089999999921,"failureMessages":[],"meta":{}}],"startTime":1775438799658,"endTime":1775438799659.4663,"status":"passed","message":"","name":"/Users/matt_wittlief_home/Documents/GitHub/lotm-deploy-tooling-qa/tests/ui/playScreenTopology.test.ts"},{"assertionResults":[{"ancestorTitles":["PortfolioOverviewPanel"],"fullName":"PortfolioOverviewPanel renders portfolio totals and the bounded outlier manor list","status":"passed","title":"renders portfolio totals and the bounded outlier manor list","duration":5.350832999999994,"failureMessages":[],"meta":{}}],"startTime":1775438799378,"endTime":1775438799383.3508,"status":"passed","message":"","name":"/Users/matt_wittlief_home/Documents/GitHub/lotm-deploy-tooling-qa/tests/ui/portfolioOverviewPanel.test.tsx"},{"assertionResults":[{"ancestorTitles":["pricing panels"],"fullName":"pricing panels renders the read-only pricing reference catalog in the turn report","status":"passed","title":"renders the read-only pricing reference catalog in the turn report","duration":23.420000000000073,"failureMessages":[],"meta":{}}],"startTime":1775438799136,"endTime":1775438799159.42,"status":"passed","message":"","name":"/Users/matt_wittlief_home/Documents/GitHub/lotm-deploy-tooling-qa/tests/ui/pricingPanels.test.tsx"},{"assertionResults":[{"ancestorTitles":["buildEconomyPricingSurface"],"fullName":"buildEconomyPricingSurface normalizes the economy pricing view into a UI-ready read-only pricing surface","status":"passed","title":"normalizes the economy pricing view into a UI-ready read-only pricing surface","duration":28.17862500000001,"failureMessages":[],"meta":{}}],"startTime":1775438801162,"endTime":1775438801190.1787,"status":"passed","message":"","name":"/Users/matt_wittlief_home/Documents/GitHub/lotm-deploy-tooling-qa/tests/ui/pricingSurface.test.ts"},{"assertionResults":[{"ancestorTitles":["ReceiptsViewerPanel"],"fullName":"ReceiptsViewerPanel renders counterparty-first relationship lever cards in grouped mode","status":"passed","title":"renders counterparty-first relationship lever cards in grouped mode","duration":5.465791999999993,"failureMessages":[],"meta":{}}],"startTime":1775438798189,"endTime":1775438798194.4658,"status":"passed","message":"","name":"/Users/matt_wittlief_home/Documents/GitHub/lotm-deploy-tooling-qa/tests/ui/receiptsViewerPanel.test.tsx"},{"assertionResults":[{"ancestorTitles":["TopologyDebugPanel"],"fullName":"TopologyDebugPanel renders the topology debug surface when bounded snapshot data is present","status":"passed","title":"renders the topology debug surface when bounded snapshot data is present","duration":3.473875000000021,"failureMessages":[],"meta":{}},{"ancestorTitles":["TopologyDebugPanel"],"fullName":"TopologyDebugPanel renders nothing when no topology debug surface is available","status":"passed","title":"renders nothing when no topology debug surface is available","duration":0.1671660000000088,"failureMessages":[],"meta":{}}],"startTime":1775438799644,"endTime":1775438799648.1672,"status":"passed","message":"","name":"/Users/matt_wittlief_home/Documents/GitHub/lotm-deploy-tooling-qa/tests/ui/topologyDebugPanel.test.tsx"},{"assertionResults":[{"ancestorTitles":["belief registry scaffold"],"fullName":"belief registry scaffold creates a deterministic registry shape on demand","status":"passed","title":"creates a deterministic registry shape on demand","duration":0.8407920000000786,"failureMessages":[],"meta":{}},{"ancestorTitles":["belief registry scaffold"],"fullName":"belief registry scaffold records subject-scoped evidence without duplicates and keeps sorted subject keys","status":"passed","title":"records subject-scoped evidence without duplicates and keeps sorted subject keys","duration":17.083999999999946,"failureMessages":[],"meta":{}},{"ancestorTitles":["belief registry scaffold"],"fullName":"belief registry scaffold records preview and resolution evidence into beliefs during turn resolution","status":"passed","title":"records preview and resolution evidence into beliefs during turn resolution","duration":61.64983300000006,"failureMessages":[],"meta":{}}],"startTime":1775438797367,"endTime":1775438797446.65,"status":"passed","message":"","name":"/Users/matt_wittlief_home/Documents/GitHub/lotm-deploy-tooling-qa/tests/sim/beliefs_domain.test.ts"},{"assertionResults":[{"ancestorTitles":["bounded snapshot contract"],"fullName":"bounded snapshot contract serializes only bounded fields while retaining version metadata","status":"passed","title":"serializes only bounded fields while retaining version metadata","duration":101.82158399999997,"failureMessages":[],"meta":{}}],"startTime":1775438798710,"endTime":1775438798811.8215,"status":"passed","message":"","name":"/Users/matt_wittlief_home/Documents/GitHub/lotm-deploy-tooling-qa/tests/sim/bounded_snapshot_contract.test.ts"},{"assertionResults":[{"ancestorTitles":["construction domain"],"fullName":"construction domain starts, advances, and completes construction without changing event-time semantics","status":"passed","title":"starts, advances, and completes construction without changing event-time semantics","duration":1.9156660000000159,"failureMessages":[],"meta":{}},{"ancestorTitles":["construction domain"],"fullName":"construction domain normalizes and clears construction state","status":"passed","title":"normalizes and clears construction state","duration":0.19812500000000455,"failureMessages":[],"meta":{}}],"startTime":1775438798751,"endTime":1775438798753.1982,"status":"passed","message":"","name":"/Users/matt_wittlief_home/Documents/GitHub/lotm-deploy-tooling-qa/tests/sim/construction_domain.test.ts"},{"assertionResults":[{"ancestorTitles":["court consumption age weights"],"fullName":"court consumption age weights children consume less than adults","status":"passed","title":"children consume less than adults","duration":30.053416000000027,"failureMessages":[],"meta":{}}],"startTime":1775438802087,"endTime":1775438802117.0535,"status":"passed","message":"","name":"/Users/matt_wittlief_home/Documents/GitHub/lotm-deploy-tooling-qa/tests/sim/consumption_weights.test.ts"},{"assertionResults":[{"ancestorTitles":["court decision budget domain"],"fullName":"court decision budget domain creates a stable six-decision registry shape for a three-year turn","status":"passed","title":"creates a stable six-decision registry shape for a three-year turn","duration":1.5127919999999904,"failureMessages":[],"meta":{}},{"ancestorTitles":["court decision budget domain"],"fullName":"court decision budget domain ensures the registry on house state with the canonical shape","status":"passed","title":"ensures the registry on house state with the canonical shape","duration":0.44666599999999335,"failureMessages":[],"meta":{}},{"ancestorTitles":["court decision budget domain"],"fullName":"court decision budget domain charges deterministic amounts by action and blocks overspend once exhausted","status":"passed","title":"charges deterministic amounts by action and blocks overspend once exhausted","duration":0.5999589999999841,"failureMessages":[],"meta":{}},{"ancestorTitles":["court decision budget domain"],"fullName":"court decision budget domain normalizes stale values and resets once per three-year turn","status":"passed","title":"normalizes stale values and resets once per three-year turn","duration":0.13733400000000984,"failureMessages":[],"meta":{}},{"ancestorTitles":["court decision budget domain"],"fullName":"court decision budget domain updates the attached state registry without touching court energy","status":"passed","title":"updates the attached state registry without touching court energy","duration":0.10683299999999463,"failureMessages":[],"meta":{}}],"startTime":1775438797081,"endTime":1775438797084.1375,"status":"passed","message":"","name":"/Users/matt_wittlief_home/Documents/GitHub/lotm-deploy-tooling-qa/tests/sim/decision_budget_domain.test.ts"},{"assertionResults":[{"ancestorTitles":["processNobleFertility (Tier0/1)"],"fullName":"processNobleFertility (Tier0/1) is deterministic for fixed seed + fixed state + fixed turn","status":"passed","title":"is deterministic for fixed seed + fixed state + fixed turn","duration":3.068375000000003,"failureMessages":[],"meta":{}},{"ancestorTitles":["processNobleFertility (Tier0/1)"],"fullName":"processNobleFertility (Tier0/1) hard-disables births at maternal age 45+","status":"passed","title":"hard-disables births at maternal age 45+","duration":0.5590830000000153,"failureMessages":[],"meta":{}},{"ancestorTitles":["processNobleFertility (Tier0/1)"],"fullName":"processNobleFertility (Tier0/1) enforces >=2-year birth spacing per mother","status":"passed","title":"enforces >=2-year birth spacing per mother","duration":0.3643340000000137,"failureMessages":[],"meta":{}},{"ancestorTitles":["processNobleFertility (Tier0/1)"],"fullName":"processNobleFertility (Tier0/1) birth creates person + parent_of edges; ids are unique; ordering is stable","status":"passed","title":"birth creates person + parent_of edges; ids are unique; ordering is stable","duration":0.28504200000000424,"failureMessages":[],"meta":{}}],"startTime":1775438797362,"endTime":1775438797366.2852,"status":"passed","message":"","name":"/Users/matt_wittlief_home/Documents/GitHub/lotm-deploy-tooling-qa/tests/sim/demography.test.ts"},{"assertionResults":[{"ancestorTitles":["demography batch KPI helpers"],"fullName":"demography batch KPI helpers bucket shares sum to ~1.0 for a snapshot","status":"passed","title":"bucket shares sum to ~1.0 for a snapshot","duration":1.7505419999999958,"failureMessages":[],"meta":{}},{"ancestorTitles":["demography batch KPI helpers"],"fullName":"demography batch KPI helpers population growth from Turn 0 to Turn N matches hand calculation","status":"passed","title":"population growth from Turn 0 to Turn N matches hand calculation","duration":320.0302499999999,"failureMessages":[],"meta":{}},{"ancestorTitles":["demography batch KPI helpers"],"fullName":"demography batch KPI helpers small fixed-seed batch produces non-zero births or deaths","status":"passed","title":"small fixed-seed batch produces non-zero births or deaths","duration":839.920417,"failureMessages":[],"meta":{}},{"ancestorTitles":["demography batch KPI helpers"],"fullName":"demography batch KPI helpers reports population growth KPI as (Pop_n - Pop_0)/Pop_0","status":"passed","title":"reports population growth KPI as (Pop_n - Pop_0)/Pop_0","duration":153.4737909999999,"failureMessages":[],"meta":{}},{"ancestorTitles":["demography batch KPI helpers"],"fullName":"demography batch KPI helpers uses alive people registry as population basis and reports mother residency birth buckets","status":"passed","title":"uses alive people registry as population basis and reports mother residency birth buckets","duration":432.9667079999999,"failureMessages":[],"meta":{}},{"ancestorTitles":["demography batch KPI helpers"],"fullName":"demography batch KPI helpers marks late-horizon runs invalid when births+deaths are below threshold","status":"passed","title":"marks late-horizon runs invalid when births+deaths are below threshold","duration":0.20108299999992596,"failureMessages":[],"meta":{}},{"ancestorTitles":["demography batch KPI helpers"],"fullName":"demography batch KPI helpers does not apply late-horizon gate when turns do not include the window","status":"passed","title":"does not apply late-horizon gate when turns do not include the window","duration":0.08037500000000364,"failureMessages":[],"meta":{}},{"ancestorTitles":["demography batch KPI helpers"],"fullName":"demography batch KPI helpers reports seed survival and game-over summary metrics","status":"passed","title":"reports seed survival and game-over summary metrics","duration":1834.6354160000005,"failureMessages":[],"meta":{}},{"ancestorTitles":["demography batch KPI helpers"],"fullName":"demography batch KPI helpers reconciles maternal age bands and reports unknown residency share","status":"passed","title":"reconciles maternal age bands and reports unknown residency share","duration":972.4697499999993,"failureMessages":[],"meta":{}},{"ancestorTitles":["demography batch KPI helpers"],"fullName":"demography batch KPI helpers tracks T0 eligible women married by end of T1","status":"passed","title":"tracks T0 eligible women married by end of T1","duration":713.7395829999996,"failureMessages":[],"meta":{}}],"startTime":1775438798037,"endTime":1775438803305.7395,"status":"passed","message":"","name":"/Users/matt_wittlief_home/Documents/GitHub/lotm-deploy-tooling-qa/tests/sim/demography_batch_kpis.test.ts"},{"assertionResults":[{"ancestorTitles":["economy consumption domain"],"fullName":"economy consumption domain keeps the meat share explicit, bounded, and fallback-capable","status":"passed","title":"keeps the meat share explicit, bounded, and fallback-capable","duration":0.8818749999999227,"failureMessages":[],"meta":{}},{"ancestorTitles":["economy consumption domain"],"fullName":"economy consumption domain applies the explicit food and meat split through canonical receipt-backed store writers","status":"passed","title":"applies the explicit food and meat split through canonical receipt-backed store writers","duration":0.680915999999911,"failureMessages":[],"meta":{}},{"ancestorTitles":["economy consumption domain"],"fullName":"economy consumption domain matches the deterministic food and meat equilibrium fixture pack","status":"passed","title":"matches the deterministic food and meat equilibrium fixture pack","duration":142.2405,"failureMessages":[],"meta":{}},{"ancestorTitles":["economy consumption domain"],"fullName":"economy consumption domain derives state-based demand deterministically from the existing grain baseline","status":"passed","title":"derives state-based demand deterministically from the existing grain baseline","duration":25.106083999999896,"failureMessages":[],"meta":{}}],"startTime":1775438796782,"endTime":1775438796951.1062,"status":"passed","message":"","name":"/Users/matt_wittlief_home/Documents/GitHub/lotm-deploy-tooling-qa/tests/sim/economy_consumption.test.ts"},{"assertionResults":[{"ancestorTitles":["economy production registry contract"],"fullName":"economy production registry contract computes deterministic hunting yield from idle workforce and martial skill","status":"passed","title":"computes deterministic hunting yield from idle workforce and martial skill","duration":1.2814170000000047,"failureMessages":[],"meta":{}},{"ancestorTitles":["economy production registry contract"],"fullName":"economy production registry contract builds stable food and meat production registry outputs","status":"passed","title":"builds stable food and meat production registry outputs","duration":0.8657080000000121,"failureMessages":[],"meta":{}},{"ancestorTitles":["economy production registry contract"],"fullName":"economy production registry contract derives registry and summary outputs directly from state for later receipt and summary consumers","status":"passed","title":"derives registry and summary outputs directly from state for later receipt and summary consumers","duration":0.16737499999999272,"failureMessages":[],"meta":{}},{"ancestorTitles":["economy production registry contract"],"fullName":"economy production registry contract serializes the same registry and summary snapshots deterministically","status":"passed","title":"serializes the same registry and summary snapshots deterministically","duration":0.5402909999999963,"failureMessages":[],"meta":{}}],"startTime":1775438797446,"endTime":1775438797449.5403,"status":"passed","message":"","name":"/Users/matt_wittlief_home/Documents/GitHub/lotm-deploy-tooling-qa/tests/sim/economy_production_registry.test.ts"},{"assertionResults":[{"ancestorTitles":["court energy domain"],"fullName":"court energy domain spends and refreshes energy with clamped semantics","status":"passed","title":"spends and refreshes energy with clamped semantics","duration":1.724458999999996,"failureMessages":[],"meta":{}},{"ancestorTitles":["court energy domain"],"fullName":"court energy domain clamps available energy when max changes","status":"passed","title":"clamps available energy when max changes","duration":0.3807079999999985,"failureMessages":[],"meta":{}}],"startTime":1775438799095,"endTime":1775438799097.3806,"status":"passed","message":"","name":"/Users/matt_wittlief_home/Documents/GitHub/lotm-deploy-tooling-qa/tests/sim/energy_domain.test.ts"},{"assertionResults":[{"ancestorTitles":["ai evidence domain"],"fullName":"ai evidence domain maps house log events into deterministic evidence and preserves log compatibility","status":"passed","title":"maps house log events into deterministic evidence and preserves log compatibility","duration":9.50566599999999,"failureMessages":[],"meta":{}},{"ancestorTitles":["ai evidence domain"],"fullName":"ai evidence domain maps prospects, events, marriage offers, and notes into typed evidence","status":"passed","title":"maps prospects, events, marriage offers, and notes into typed evidence","duration":0.6651250000000175,"failureMessages":[],"meta":{}}],"startTime":1775438797151,"endTime":1775438797161.665,"status":"passed","message":"","name":"/Users/matt_wittlief_home/Documents/GitHub/lotm-deploy-tooling-qa/tests/sim/evidence_domain.test.ts"},{"assertionResults":[{"ancestorTitles":["v0.2.9 fertility anomaly guard"],"fullName":"v0.2.9 fertility anomaly guard does not produce births with maternal age >=45 when birth_year is tracked","status":"passed","title":"does not produce births with maternal age >=45 when birth_year is tracked","duration":43283.845292,"failureMessages":[],"meta":{}}],"startTime":1775438799952,"endTime":1775438843235.8452,"status":"passed","message":"","name":"/Users/matt_wittlief_home/Documents/GitHub/lotm-deploy-tooling-qa/tests/sim/fertility_anomaly_v029.test.ts"},{"assertionResults":[{"ancestorTitles":["fiscal receipt perf guards"],"fullName":"fiscal receipt perf guards keeps the seeded heavy receipt flow deterministic and bounded against duplicate growth","status":"passed","title":"keeps the seeded heavy receipt flow deterministic and bounded against duplicate growth","duration":54.65508399999999,"failureMessages":[],"meta":{}},{"ancestorTitles":["fiscal receipt perf guards"],"fullName":"fiscal receipt perf guards keeps the heavy receipt flow within the v0.3 snapshot and soft-time budgets","status":"passed","title":"keeps the heavy receipt flow within the v0.3 snapshot and soft-time budgets","duration":74.34624999999994,"failureMessages":[],"meta":{}}],"startTime":1775438796740,"endTime":1775438796869.3462,"status":"passed","message":"","name":"/Users/matt_wittlief_home/Documents/GitHub/lotm-deploy-tooling-qa/tests/sim/fiscal_receipt_perf_guards.test.ts"},{"assertionResults":[{"ancestorTitles":["fiscal receipt snapshot fixtures"],"fullName":"fiscal receipt snapshot fixtures matches the seeded economy receipt snapshot fixture","status":"passed","title":"matches the seeded economy receipt snapshot fixture","duration":44.120166999999924,"failureMessages":[],"meta":{}},{"ancestorTitles":["fiscal receipt snapshot fixtures"],"fullName":"fiscal receipt snapshot fixtures matches the seeded obligations receipt snapshot fixture","status":"passed","title":"matches the seeded obligations receipt snapshot fixture","duration":32.89716699999997,"failureMessages":[],"meta":{}},{"ancestorTitles":["fiscal receipt snapshot fixtures"],"fullName":"fiscal receipt snapshot fixtures keeps the receipt fixtures bounded and field-stable for review","status":"passed","title":"keeps the receipt fixtures bounded and field-stable for review","duration":1.137207999999987,"failureMessages":[],"meta":{}}],"startTime":1775438796680,"endTime":1775438796758.1372,"status":"passed","message":"","name":"/Users/matt_wittlief_home/Documents/GitHub/lotm-deploy-tooling-qa/tests/sim/fiscal_receipt_snapshot_fixtures.test.ts"},{"assertionResults":[{"ancestorTitles":["fiscal receipt contract"],"fullName":"fiscal receipt contract locks the canonical field order and asset mappings used for snapshots","status":"passed","title":"locks the canonical field order and asset mappings used for snapshots","duration":1.2607919999999808,"failureMessages":[],"meta":{}},{"ancestorTitles":["fiscal receipt contract"],"fullName":"fiscal receipt contract sorts receipts by the explicit stable key tuple","status":"passed","title":"sorts receipts by the explicit stable key tuple","duration":0.635832999999991,"failureMessages":[],"meta":{}},{"ancestorTitles":["fiscal receipt contract"],"fullName":"fiscal receipt contract serializes the same snapshot regardless of insertion order","status":"passed","title":"serializes the same snapshot regardless of insertion order","duration":0.34899999999998954,"failureMessages":[],"meta":{}}],"startTime":1775438797693,"endTime":1775438797695.349,"status":"passed","message":"","name":"/Users/matt_wittlief_home/Documents/GitHub/lotm-deploy-tooling-qa/tests/sim/fiscal_receipts_contract.test.ts"},{"assertionResults":[{"ancestorTitles":["fiscal ledger schema contract"],"fullName":"fiscal ledger schema contract locks the multi-asset ledger table and shared runtime asset mapping","status":"passed","title":"locks the multi-asset ledger table and shared runtime asset mapping","duration":1.6073340000000087,"failureMessages":[],"meta":{}},{"ancestorTitles":["fiscal ledger schema contract"],"fullName":"fiscal ledger schema contract makes accepted payment modes explicit for obligations and offerings","status":"passed","title":"makes accepted payment modes explicit for obligations and offerings","duration":0.6624580000000151,"failureMessages":[],"meta":{}},{"ancestorTitles":["fiscal ledger schema contract"],"fullName":"fiscal ledger schema contract canonicalizes payment mode ordering for snapshots","status":"passed","title":"canonicalizes payment mode ordering for snapshots","duration":0.2512909999999806,"failureMessages":[],"meta":{}},{"ancestorTitles":["fiscal ledger schema contract"],"fullName":"fiscal ledger schema contract serializes the same contract snapshot regardless of record insertion order","status":"passed","title":"serializes the same contract snapshot regardless of record insertion order","duration":0.7154170000000022,"failureMessages":[],"meta":{}}],"startTime":1775438797498,"endTime":1775438797500.7153,"status":"passed","message":"","name":"/Users/matt_wittlief_home/Documents/GitHub/lotm-deploy-tooling-qa/tests/sim/fiscal_schema_contract.test.ts"},{"assertionResults":[{"ancestorTitles":["v0.2.9 heir law fallback"],"fullName":"v0.2.9 heir law fallback uses nearest male-line relative (brother) when no living children","status":"passed","title":"uses nearest male-line relative (brother) when no living children","duration":178.407917,"failureMessages":[],"meta":{}}],"startTime":1775438800862,"endTime":1775438801040.408,"status":"passed","message":"","name":"/Users/matt_wittlief_home/Documents/GitHub/lotm-deploy-tooling-qa/tests/sim/heir_law_v029.test.ts"},{"assertionResults":[{"ancestorTitles":["v0.2.9 household birth registry sync"],"fullName":"v0.2.9 household birth registry sync writes spouse births into people registry and parent_of kinship edges","status":"passed","title":"writes spouse births into people registry and parent_of kinship edges","duration":210.065292,"failureMessages":[],"meta":{}}],"startTime":1775438800135,"endTime":1775438800345.0652,"status":"passed","message":"","name":"/Users/matt_wittlief_home/Documents/GitHub/lotm-deploy-tooling-qa/tests/sim/household_birth_registry_v029.test.ts"},{"assertionResults":[{"ancestorTitles":["v0.2.9 household fertility alignment"],"fullName":"v0.2.9 household fertility alignment respects spouse last_birth_year spacing gate in household births","status":"passed","title":"respects spouse last_birth_year spacing gate in household births","duration":274.46933299999995,"failureMessages":[],"meta":{}}],"startTime":1775438800326,"endTime":1775438800600.4692,"status":"passed","message":"","name":"/Users/matt_wittlief_home/Documents/GitHub/lotm-deploy-tooling-qa/tests/sim/household_spacing_v029.test.ts"},{"assertionResults":[{"ancestorTitles":["kinship invariants + household view"],"fullName":"kinship invariants + household view Spouse exclusivity P0: fails if a person has >1 living spouse","status":"passed","title":"Spouse exclusivity P0: fails if a person has >1 living spouse","duration":8.968041,"failureMessages":[],"meta":{}},{"ancestorTitles":["kinship invariants + household view"],"fullName":"kinship invariants + household view Spouse exclusivity P0: ignores dead spouses (only living spouses count)","status":"passed","title":"Spouse exclusivity P0: ignores dead spouses (only living spouses count)","duration":0.15754100000000903,"failureMessages":[],"meta":{}},{"ancestorTitles":["kinship invariants + household view"],"fullName":"kinship invariants + household view Spouse exclusivity P0: ignores ended edges via end_turn_index","status":"passed","title":"Spouse exclusivity P0: ignores ended edges via end_turn_index","duration":0.09404200000000174,"failureMessages":[],"meta":{}},{"ancestorTitles":["kinship invariants + household view"],"fullName":"kinship invariants + household view Succession rebasing P0: when HoH changes, former child becomes sibling where applicable","status":"passed","title":"Succession rebasing P0: when HoH changes, former child becomes sibling where applicable","duration":0.5435840000000098,"failureMessages":[],"meta":{}}],"startTime":1775438798484,"endTime":1775438798493.5437,"status":"passed","message":"","name":"/Users/matt_wittlief_home/Documents/GitHub/lotm-deploy-tooling-qa/tests/sim/kinship_household.test.ts"},{"assertionResults":[{"ancestorTitles":["known house relevance"],"fullName":"known house relevance promotes deduplicated blood and marriage ties into bounded tier1 relevance","status":"passed","title":"promotes deduplicated blood and marriage ties into bounded tier1 relevance","duration":14.409875,"failureMessages":[],"meta":{}},{"ancestorTitles":["known house relevance"],"fullName":"known house relevance keeps relevance output bounded with deterministic promotion priority","status":"passed","title":"keeps relevance output bounded with deterministic promotion priority","duration":0.38295800000000213,"failureMessages":[],"meta":{}},{"ancestorTitles":["known house relevance"],"fullName":"known house relevance lets marriage windows include promoted houses even when the incoming tier set omitted them","status":"passed","title":"lets marriage windows include promoted houses even when the incoming tier set omitted them","duration":1.163250000000005,"failureMessages":[],"meta":{}}],"startTime":1775438796727,"endTime":1775438796742.1633,"status":"passed","message":"","name":"/Users/matt_wittlief_home/Documents/GitHub/lotm-deploy-tooling-qa/tests/sim/known_house_relevance.test.ts"},{"assertionResults":[{"ancestorTitles":["known-house snapshot fields"],"fullName":"known-house snapshot fields builds deterministic known-house summaries and coarse dossiers from the people registries","status":"passed","title":"builds deterministic known-house summaries and coarse dossiers from the people registries","duration":86.74516699999998,"failureMessages":[],"meta":{}},{"ancestorTitles":["known-house snapshot fields"],"fullName":"known-house snapshot fields attaches known-house summaries to preview_state so the view-model can consume them directly","status":"passed","title":"attaches known-house summaries to preview_state so the view-model can consume them directly","duration":157.191375,"failureMessages":[],"meta":{}}],"startTime":1775438799565,"endTime":1775438799809.1914,"status":"passed","message":"","name":"/Users/matt_wittlief_home/Documents/GitHub/lotm-deploy-tooling-qa/tests/sim/known_house_snapshot_fields.test.ts"},{"assertionResults":[{"ancestorTitles":["economy ledger domain"],"fullName":"economy ledger domain applies and spends coin with the same clamped semantics as the legacy direct writes","status":"passed","title":"applies and spends coin with the same clamped semantics as the legacy direct writes","duration":1.2255409999999642,"failureMessages":[],"meta":{}},{"ancestorTitles":["economy ledger domain"],"fullName":"economy ledger domain owns obligation coin fields and levy lifecycle","status":"passed","title":"owns obligation coin fields and levy lifecycle","duration":0.48974999999995816,"failureMessages":[],"meta":{}},{"ancestorTitles":["economy ledger domain"],"fullName":"economy ledger domain owns stored bushels and bushel obligation fields","status":"passed","title":"owns stored bushels and bushel obligation fields","duration":0.27362499999998136,"failureMessages":[],"meta":{}},{"ancestorTitles":["economy ledger domain"],"fullName":"economy ledger domain emits canonical coin receipt rows when receipt metadata is provided","status":"passed","title":"emits canonical coin receipt rows when receipt metadata is provided","duration":0.6147919999999658,"failureMessages":[],"meta":{}},{"ancestorTitles":["economy ledger domain"],"fullName":"economy ledger domain emits deterministic obligation coin receipts, including tax carry into arrears","status":"passed","title":"emits deterministic obligation coin receipts, including tax carry into arrears","duration":0.18320799999997917,"failureMessages":[],"meta":{}},{"ancestorTitles":["economy ledger domain"],"fullName":"economy ledger domain emits canonical food store receipt rows with deterministic truncation","status":"passed","title":"emits canonical food store receipt rows with deterministic truncation","duration":0.1208340000000021,"failureMessages":[],"meta":{}},{"ancestorTitles":["economy ledger domain"],"fullName":"economy ledger domain emits deterministic bushel obligation receipts, including tithe carry into arrears","status":"passed","title":"emits deterministic bushel obligation receipts, including tithe carry into arrears","duration":0.4058329999999728,"failureMessages":[],"meta":{}},{"ancestorTitles":["economy ledger domain"],"fullName":"economy ledger domain preserves legacy semantics when no receipt metadata is supplied","status":"passed","title":"preserves legacy semantics when no receipt metadata is supplied","duration":0.3392910000000029,"failureMessages":[],"meta":{}},{"ancestorTitles":["economy ledger domain"],"fullName":"economy ledger domain tracks meat stores separately from grain with the same clamped semantics","status":"passed","title":"tracks meat stores separately from grain with the same clamped semantics","duration":0.20887499999997772,"failureMessages":[],"meta":{}}],"startTime":1775438795738,"endTime":1775438795742.209,"status":"passed","message":"","name":"/Users/matt_wittlief_home/Documents/GitHub/lotm-deploy-tooling-qa/tests/sim/ledger_domain.test.ts"},{"assertionResults":[{"ancestorTitles":["v0.2.9 locals honesty"],"fullName":"v0.2.9 locals honesty marks missing local slots as vacant","status":"passed","title":"marks missing local slots as vacant","duration":149.76466600000003,"failureMessages":[],"meta":{}},{"ancestorTitles":["v0.2.9 locals honesty"],"fullName":"v0.2.9 locals honesty surfaces deceased locals from the registry","status":"passed","title":"surfaces deceased locals from the registry","duration":45.910375000000045,"failureMessages":[],"meta":{}}],"startTime":1775438801596,"endTime":1775438801791.9104,"status":"passed","message":"","name":"/Users/matt_wittlief_home/Documents/GitHub/lotm-deploy-tooling-qa/tests/sim/locals_honesty_v029.test.ts"},{"assertionResults":[{"ancestorTitles":["marriage alliance house deltas"],"fullName":"marriage alliance house deltas accepting a marriage prospect applies House↔House deltas and writes a receipt line","status":"passed","title":"accepting a marriage prospect applies House↔House deltas and writes a receipt line","duration":223.09729199999992,"failureMessages":[],"meta":{}}],"startTime":1775438799616,"endTime":1775438799839.0974,"status":"passed","message":"","name":"/Users/matt_wittlief_home/Documents/GitHub/lotm-deploy-tooling-qa/tests/sim/marriage_alliance_effects.test.ts"},{"assertionResults":[{"ancestorTitles":["marriage decision budget costs"],"fullName":"marriage decision budget costs charges more budget for scouting than for inbound acceptance","status":"passed","title":"charges more budget for scouting than for inbound acceptance","duration":2.6559589999999957,"failureMessages":[],"meta":{}},{"ancestorTitles":["marriage decision budget costs"],"fullName":"marriage decision budget costs charges inbound processing budget when rejecting all offers","status":"passed","title":"charges inbound processing budget when rejecting all offers","duration":0.3095419999999933,"failureMessages":[],"meta":{}},{"ancestorTitles":["marriage decision budget costs"],"fullName":"marriage decision budget costs blocks scouting when one decision remains but still allows inbound acceptance","status":"passed","title":"blocks scouting when one decision remains but still allows inbound acceptance","duration":0.32758400000000165,"failureMessages":[],"meta":{}}],"startTime":1775438796731,"endTime":1775438796734.3276,"status":"passed","message":"","name":"/Users/matt_wittlief_home/Documents/GitHub/lotm-deploy-tooling-qa/tests/sim/marriage_decision_budget.test.ts"},{"assertionResults":[{"ancestorTitles":["marriageMarket reservations"],"fullName":"marriageMarket reservations excludes a reserved candidate until cleared/expired","status":"passed","title":"excludes a reserved candidate until cleared/expired","duration":12.367250000000013,"failureMessages":[],"meta":{}},{"ancestorTitles":["marriageMarket reservations"],"fullName":"marriageMarket reservations prevents one candidate from appearing in two simultaneously-generated prospect sets","status":"passed","title":"prevents one candidate from appearing in two simultaneously-generated prospect sets","duration":0.2556669999999883,"failureMessages":[],"meta":{}},{"ancestorTitles":["marriageMarket reservations"],"fullName":"marriageMarket reservations detects living spouses across alternate spouse_of endpoint field names","status":"passed","title":"detects living spouses across alternate spouse_of endpoint field names","duration":0.10704100000000949,"failureMessages":[],"meta":{}},{"ancestorTitles":["marriageMarket reservations"],"fullName":"marriageMarket reservations allows widows if spouse is dead even when married flag is stale","status":"passed","title":"allows widows if spouse is dead even when married flag is stale","duration":0.09483299999999417,"failureMessages":[],"meta":{}}],"startTime":1775438796261,"endTime":1775438796274.107,"status":"passed","message":"","name":"/Users/matt_wittlief_home/Documents/GitHub/lotm-deploy-tooling-qa/tests/sim/marriage_market.test.ts"},{"assertionResults":[{"ancestorTitles":["marriage offer registry contract"],"fullName":"marriage offer registry contract builds explicit stable offer records with deterministic subject/candidate keys","status":"passed","title":"builds explicit stable offer records with deterministic subject/candidate keys","duration":11.383709000000067,"failureMessages":[],"meta":{}},{"ancestorTitles":["marriage offer registry contract"],"fullName":"marriage offer registry contract derives deterministic keys independent of labels and supports outbound direction","status":"passed","title":"derives deterministic keys independent of labels and supports outbound direction","duration":0.12658300000009604,"failureMessages":[],"meta":{}},{"ancestorTitles":["marriage offer registry contract"],"fullName":"marriage offer registry contract treats generated and pending as non-terminal and terminal outcomes as final","status":"passed","title":"treats generated and pending as non-terminal and terminal outcomes as final","duration":1.065417000000025,"failureMessages":[],"meta":{}},{"ancestorTitles":["marriage offer registry contract"],"fullName":"marriage offer registry contract allows explicit pending/terminal records without changing canonical keys","status":"passed","title":"allows explicit pending/terminal records without changing canonical keys","duration":0.33799999999996544,"failureMessages":[],"meta":{}},{"ancestorTitles":["marriage offer registry contract"],"fullName":"marriage offer registry contract builds member-level ownership for multiple household subjects before phase integration","status":"passed","title":"builds member-level ownership for multiple household subjects before phase integration","duration":0.90949999999998,"failureMessages":[],"meta":{}},{"ancestorTitles":["marriage offer registry contract"],"fullName":"marriage offer registry contract reconstructs pending offer state from generated history plus active prospect refs","status":"passed","title":"reconstructs pending offer state from generated history plus active prospect refs","duration":0.953125,"failureMessages":[],"meta":{}},{"ancestorTitles":["marriage offer registry contract"],"fullName":"marriage offer registry contract keeps at most one pending offer per candidate and deterministically withdraws duplicates","status":"passed","title":"keeps at most one pending offer per candidate and deterministically withdraws duplicates","duration":0.42183399999998983,"failureMessages":[],"meta":{}},{"ancestorTitles":["marriage offer registry contract"],"fullName":"marriage offer registry contract finalizes pending offers on accept and reject even if stale active refs remain","status":"passed","title":"finalizes pending offers on accept and reject even if stale active refs remain","duration":0.4669169999999667,"failureMessages":[],"meta":{}},{"ancestorTitles":["marriage offer registry contract"],"fullName":"marriage offer registry contract reconstructs concurrent pending ownership from state history for two household members","status":"passed","title":"reconstructs concurrent pending ownership from state history for two household members","duration":0.22537499999998545,"failureMessages":[],"meta":{}},{"ancestorTitles":["marriage offer registry contract"],"fullName":"marriage offer registry contract keeps bounded inbound and outbound offer fixtures direction-scoped and deterministic","status":"passed","title":"keeps bounded inbound and outbound offer fixtures direction-scoped and deterministic","duration":0.18204200000002402,"failureMessages":[],"meta":{}},{"ancestorTitles":["marriage offer registry contract"],"fullName":"marriage offer registry contract tracks rejected pairings with a deterministic three-turn cooldown","status":"passed","title":"tracks rejected pairings with a deterministic three-turn cooldown","duration":0.29462499999999636,"failureMessages":[],"meta":{}},{"ancestorTitles":["marriage offer registry contract"],"fullName":"marriage offer registry contract excludes cooling-down pairings from marriage offers and restores them after three turns","status":"passed","title":"excludes cooling-down pairings from marriage offers and restores them after three turns","duration":0.7428330000000187,"failureMessages":[],"meta":{}}],"startTime":1775438796067,"endTime":1775438796083.743,"status":"passed","message":"","name":"/Users/matt_wittlief_home/Documents/GitHub/lotm-deploy-tooling-qa/tests/sim/marriage_offer_registry.test.ts"},{"assertionResults":[{"ancestorTitles":["marriage phase budget outputs"],"fullName":"marriage phase budget outputs attaches a deterministic court budget view to the preview marriage window","status":"passed","title":"attaches a deterministic court budget view to the preview marriage window","duration":12.496166999999986,"failureMessages":[],"meta":{}},{"ancestorTitles":["marriage phase budget outputs"],"fullName":"marriage phase budget outputs writes the ordered court budget summary into marriage-phase outputs","status":"passed","title":"writes the ordered court budget summary into marriage-phase outputs","duration":2.5841660000000104,"failureMessages":[],"meta":{}}],"startTime":1775438797183,"endTime":1775438797197.5842,"status":"passed","message":"","name":"/Users/matt_wittlief_home/Documents/GitHub/lotm-deploy-tooling-qa/tests/sim/marriage_phase_budget_output.test.ts"},{"assertionResults":[{"ancestorTitles":["marriage phase wrapper registry integration"],"fullName":"marriage phase wrapper registry integration writes a pending bounded-offer entry from the generated marriage prospect","status":"passed","title":"writes a pending bounded-offer entry from the generated marriage prospect","duration":22.486999999999995,"failureMessages":[],"meta":{}},{"ancestorTitles":["marriage phase wrapper registry integration"],"fullName":"marriage phase wrapper registry integration propagates reject cooldowns through the prospects phase wrapper flow","status":"passed","title":"propagates reject cooldowns through the prospects phase wrapper flow","duration":0.7891250000000127,"failureMessages":[],"meta":{}}],"startTime":1775438797005,"endTime":1775438797027.789,"status":"passed","message":"","name":"/Users/matt_wittlief_home/Documents/GitHub/lotm-deploy-tooling-qa/tests/sim/marriage_phase_registry_integration.test.ts"},{"assertionResults":[{"ancestorTitles":["economy obligation enforcement"],"fullName":"economy obligation enforcement carries dues into canonical arrears receipts, then applies bounded stage-one pressure","status":"passed","title":"carries dues into canonical arrears receipts, then applies bounded stage-one pressure","duration":6.118167,"failureMessages":[],"meta":{}},{"ancestorTitles":["economy obligation enforcement"],"fullName":"economy obligation enforcement applies favorable clear-state pressure and bounded unrest relief when arrears are clear","status":"passed","title":"applies favorable clear-state pressure and bounded unrest relief when arrears are clear","duration":0.5853329999999914,"failureMessages":[],"meta":{}},{"ancestorTitles":["economy obligation enforcement"],"fullName":"economy obligation enforcement blocks stable unrest relief when shortage is active while keeping stage-one deltas bounded","status":"passed","title":"blocks stable unrest relief when shortage is active while keeping stage-one deltas bounded","duration":0.4825840000000028,"failureMessages":[],"meta":{}}],"startTime":1775438796475,"endTime":1775438796482.4827,"status":"passed","message":"","name":"/Users/matt_wittlief_home/Documents/GitHub/lotm-deploy-tooling-qa/tests/sim/obligation_enforcement.test.ts"},{"assertionResults":[{"ancestorTitles":["economy obligation registry"],"fullName":"economy obligation registry builds deterministic per-counterparty snapshots from the legacy due and arrears slots","status":"passed","title":"builds deterministic per-counterparty snapshots from the legacy due and arrears slots","duration":1.1325420000000008,"failureMessages":[],"meta":{}},{"ancestorTitles":["economy obligation registry"],"fullName":"economy obligation registry settles each counterparty at most once per turn without blocking the other counterparty","status":"passed","title":"settles each counterparty at most once per turn without blocking the other counterparty","duration":1.0916250000000218,"failureMessages":[],"meta":{}},{"ancestorTitles":["economy obligation registry"],"fullName":"economy obligation registry rolls unpaid liege dues into arrears deterministically when coin is short","status":"passed","title":"rolls unpaid liege dues into arrears deterministically when coin is short","duration":0.4324579999999969,"failureMessages":[],"meta":{}}],"startTime":1775438795866,"endTime":1775438795868.4324,"status":"passed","message":"","name":"/Users/matt_wittlief_home/Documents/GitHub/lotm-deploy-tooling-qa/tests/sim/obligation_registry.test.ts"},{"assertionResults":[{"ancestorTitles":["economy obligation tangible bite"],"fullName":"economy obligation tangible bite applies enterprise seizure through an explicit per-turn coin cap with canonical receipts","status":"passed","title":"applies enterprise seizure through an explicit per-turn coin cap with canonical receipts","duration":1.988125000000025,"failureMessages":[],"meta":{}},{"ancestorTitles":["economy obligation tangible bite"],"fullName":"economy obligation tangible bite applies forced store payment through an explicit per-turn food cap with canonical receipts","status":"passed","title":"applies forced store payment through an explicit per-turn food cap with canonical receipts","duration":0.5489579999999705,"failureMessages":[],"meta":{}},{"ancestorTitles":["economy obligation tangible bite"],"fullName":"economy obligation tangible bite rejects forced store payment paths that would require unsupported store-to-coin valuation","status":"passed","title":"rejects forced store payment paths that would require unsupported store-to-coin valuation","duration":0.38929200000001174,"failureMessages":[],"meta":{}}],"startTime":1775438796224,"endTime":1775438796227.3894,"status":"passed","message":"","name":"/Users/matt_wittlief_home/Documents/GitHub/lotm-deploy-tooling-qa/tests/sim/obligation_tangible_bite.test.ts"},{"assertionResults":[{"ancestorTitles":["obligations phase integration"],"fullName":"obligations phase integration settles liege and church obligations through the canonical registry order","status":"passed","title":"settles liege and church obligations through the canonical registry order","duration":25.297791000000075,"failureMessages":[],"meta":{}},{"ancestorTitles":["obligations phase integration"],"fullName":"obligations phase integration routes close-turn carry and enforcement through the obligation phase seam","status":"passed","title":"routes close-turn carry and enforcement through the obligation phase seam","duration":2.5498750000000427,"failureMessages":[],"meta":{}},{"ancestorTitles":["obligations phase integration"],"fullName":"obligations phase integration records clear enforcement state and stable unrest relief when arrears stay clear","status":"passed","title":"records clear enforcement state and stable unrest relief when arrears stay clear","duration":0.5697499999999991,"failureMessages":[],"meta":{}}],"startTime":1775438797702,"endTime":1775438797730.5698,"status":"passed","message":"","name":"/Users/matt_wittlief_home/Documents/GitHub/lotm-deploy-tooling-qa/tests/sim/obligations_phase_integration.test.ts"},{"assertionResults":[{"ancestorTitles":["economy obligations view"],"fullName":"economy obligations view builds deterministic liege-first counterparty summaries from settlement state","status":"passed","title":"builds deterministic liege-first counterparty summaries from settlement state","duration":6.242165999999997,"failureMessages":[],"meta":{}},{"ancestorTitles":["economy obligations view"],"fullName":"economy obligations view projects the obligations view into bounded snapshots with carried arrears and enforcement summaries","status":"passed","title":"projects the obligations view into bounded snapshots with carried arrears and enforcement summaries","duration":26.596124999999972,"failureMessages":[],"meta":{}}],"startTime":1775438796677,"endTime":1775438796709.5962,"status":"passed","message":"","name":"/Users/matt_wittlief_home/Documents/GitHub/lotm-deploy-tooling-qa/tests/sim/obligations_view.test.ts"},{"assertionResults":[{"ancestorTitles":["People-First P0: parentage stability"],"fullName":"People-First P0: parentage stability does not re-parent existing children after succession","status":"passed","title":"does not re-parent existing children after succession","duration":12.213708999999994,"failureMessages":[],"meta":{}}],"startTime":1775438798654,"endTime":1775438798666.2136,"status":"passed","message":"","name":"/Users/matt_wittlief_home/Documents/GitHub/lotm-deploy-tooling-qa/tests/sim/peopleFirst_parentage_stability.test.ts"},{"assertionResults":[{"ancestorTitles":["ai policy hook"],"fullName":"ai policy hook summarizes beliefs by confidence and latest turn","status":"passed","title":"summarizes beliefs by confidence and latest turn","duration":8.877957999999978,"failureMessages":[],"meta":{}},{"ancestorTitles":["ai policy hook"],"fullName":"ai policy hook builds deterministic intel maps and applies tuning-scaled hook scores","status":"passed","title":"builds deterministic intel maps and applies tuning-scaled hook scores","duration":1.1511670000000436,"failureMessages":[],"meta":{}},{"ancestorTitles":["ai policy hook"],"fullName":"ai policy hook lets belief-backed intel break close marriage-offer ties","status":"passed","title":"lets belief-backed intel break close marriage-offer ties","duration":1.2085409999999683,"failureMessages":[],"meta":{}},{"ancestorTitles":["ai policy hook"],"fullName":"ai policy hook lets tuning gate the same belief bonus used for marriage prospects","status":"passed","title":"lets tuning gate the same belief bonus used for marriage prospects","duration":0.24708299999997507,"failureMessages":[],"meta":{}}],"startTime":1775438796243,"endTime":1775438796254.247,"status":"passed","message":"","name":"/Users/matt_wittlief_home/Documents/GitHub/lotm-deploy-tooling-qa/tests/sim/policy_domain.test.ts"},{"assertionResults":[{"ancestorTitles":["political weather contract"],"fullName":"political weather contract builds a stable read-only registry and weather scaffold for crown, magnates, and church","status":"passed","title":"builds a stable read-only registry and weather scaffold for crown, magnates, and church","duration":4.376832999999976,"failureMessages":[],"meta":{}},{"ancestorTitles":["political weather contract"],"fullName":"political weather contract serializes the registry and weather snapshots deterministically regardless of surface insertion order","status":"passed","title":"serializes the registry and weather snapshots deterministically regardless of surface insertion order","duration":1.5345829999999978,"failureMessages":[],"meta":{}},{"ancestorTitles":["political weather contract"],"fullName":"political weather contract builds stable content-hook summaries so content can read weather fields without inferring realm math","status":"passed","title":"builds stable content-hook summaries so content can read weather fields without inferring realm math","duration":0.6002090000000067,"failureMessages":[],"meta":{}},{"ancestorTitles":["political weather contract"],"fullName":"political weather contract raises latent pressure when relationship and realm context worsens while keeping values bounded","status":"passed","title":"raises latent pressure when relationship and realm context worsens while keeping values bounded","duration":1.1399580000000356,"failureMessages":[],"meta":{}},{"ancestorTitles":["political weather contract"],"fullName":"political weather contract stays read-only and exposes missing optional precursor surfaces explicitly","status":"passed","title":"stays read-only and exposes missing optional precursor surfaces explicitly","duration":0.6652080000000069,"failureMessages":[],"meta":{}}],"startTime":1775438795893,"endTime":1775438795901.6653,"status":"passed","message":"","name":"/Users/matt_wittlief_home/Documents/GitHub/lotm-deploy-tooling-qa/tests/sim/political_weather_contract.test.ts"},{"assertionResults":[{"ancestorTitles":["political weather fixtures"],"fullName":"political weather fixtures matches the deterministic realm-pressure fixture packet","status":"passed","title":"matches the deterministic realm-pressure fixture packet","duration":5.746791999999999,"failureMessages":[],"meta":{}},{"ancestorTitles":["political weather fixtures"],"fullName":"political weather fixtures keeps the fixture packet bounded and internally consistent for review","status":"passed","title":"keeps the fixture packet bounded and internally consistent for review","duration":1.0084579999999903,"failureMessages":[],"meta":{}}],"startTime":1775438798885,"endTime":1775438798892.0085,"status":"passed","message":"","name":"/Users/matt_wittlief_home/Documents/GitHub/lotm-deploy-tooling-qa/tests/sim/political_weather_fixtures.test.ts"},{"assertionResults":[{"ancestorTitles":["economy portfolio aggregation"],"fullName":"economy portfolio aggregation computes portfolio asset and category totals as sums of manor totals","status":"passed","title":"computes portfolio asset and category totals as sums of manor totals","duration":3.2426659999999856,"failureMessages":[],"meta":{}},{"ancestorTitles":["economy portfolio aggregation"],"fullName":"economy portfolio aggregation normalizes missing values to zero and keeps manor rows deterministic","status":"passed","title":"normalizes missing values to zero and keeps manor rows deterministic","duration":0.428416000000027,"failureMessages":[],"meta":{}},{"ancestorTitles":["economy portfolio aggregation"],"fullName":"economy portfolio aggregation serializes deterministically regardless of manor input order","status":"passed","title":"serializes deterministically regardless of manor input order","duration":0.3166659999999979,"failureMessages":[],"meta":{}}],"startTime":1775438796552,"endTime":1775438796556.3167,"status":"passed","message":"","name":"/Users/matt_wittlief_home/Documents/GitHub/lotm-deploy-tooling-qa/tests/sim/portfolio_aggregation.test.ts"},{"assertionResults":[{"ancestorTitles":["economy portfolio analysis"],"fullName":"economy portfolio analysis computes asset-local manor nets deterministically","status":"passed","title":"computes asset-local manor nets deterministically","duration":13.053583000000003,"failureMessages":[],"meta":{}},{"ancestorTitles":["economy portfolio analysis"],"fullName":"economy portfolio analysis builds bounded outlier lists with stable tie-break ordering","status":"passed","title":"builds bounded outlier lists with stable tie-break ordering","duration":2.6282919999999876,"failureMessages":[],"meta":{}},{"ancestorTitles":["economy portfolio analysis"],"fullName":"economy portfolio analysis serializes deterministically regardless of manor input order","status":"passed","title":"serializes deterministically regardless of manor input order","duration":1.1995000000000005,"failureMessages":[],"meta":{}}],"startTime":1775438797210,"endTime":1775438797227.1995,"status":"passed","message":"","name":"/Users/matt_wittlief_home/Documents/GitHub/lotm-deploy-tooling-qa/tests/sim/portfolio_analysis.test.ts"},{"assertionResults":[{"ancestorTitles":["portfolio invariant regression suite"],"fullName":"portfolio invariant regression suite keeps portfolio totals equal to summed manor totals across the seed pack","status":"passed","title":"keeps portfolio totals equal to summed manor totals across the seed pack","duration":5.579625000000021,"failureMessages":[],"meta":{}},{"ancestorTitles":["portfolio invariant regression suite"],"fullName":"portfolio invariant regression suite keeps multi-manor rollups deterministic for each seed pack entry","status":"passed","title":"keeps multi-manor rollups deterministic for each seed pack entry","duration":5.366624999999999,"failureMessages":[],"meta":{}}],"startTime":1775438798417,"endTime":1775438798428.3667,"status":"passed","message":"","name":"/Users/matt_wittlief_home/Documents/GitHub/lotm-deploy-tooling-qa/tests/sim/portfolio_invariant_regression.test.ts"},{"assertionResults":[{"ancestorTitles":["portfolio phase integration"],"fullName":"portfolio phase integration populates bounded portfolio analysis on preview state","status":"passed","title":"populates bounded portfolio analysis on preview state","duration":176.40262499999994,"failureMessages":[],"meta":{}},{"ancestorTitles":["portfolio phase integration"],"fullName":"portfolio phase integration keeps portfolio analysis available in post-turn bounded snapsho
[...]
lureMessages":[],"meta":{}}],"startTime":1775438796971,"endTime":1775438796975.2266,"status":"passed","message":"","name":"/Users/matt_wittlief_home/Documents/GitHub/lotm-deploy-tooling-qa/tests/sim/pricing_contract.test.ts"},{"assertionResults":[{"ancestorTitles":["v0.3.3 pricing regression"],"fullName":"v0.3.3 pricing regression keeps the contract, reference view, and bounded snapshot aligned to one canonical order","status":"passed","title":"keeps the contract, reference view, and bounded snapshot aligned to one canonical order","duration":71.334792,"failureMessages":[],"meta":{}},{"ancestorTitles":["v0.3.3 pricing regression"],"fullName":"v0.3.3 pricing regression holds the fixed sell rules across zero, inventory-bound, and cap-bound scenarios","status":"passed","title":"holds the fixed sell rules across zero, inventory-bound, and cap-bound scenarios","duration":0.17020800000000236,"failureMessages":[],"meta":{}}],"startTime":1775438799051,"endTime":1775438799123.1702,"status":"passed","message":"","name":"/Users/matt_wittlief_home/Documents/GitHub/lotm-deploy-tooling-qa/tests/sim/pricing_regression.test.ts"},{"assertionResults":[{"ancestorTitles":["economy pricing view"],"fullName":"economy pricing view builds a stable read-only pricing reference view from the economy contract","status":"passed","title":"builds a stable read-only pricing reference view from the economy contract","duration":76.95441700000003,"failureMessages":[],"meta":{}},{"ancestorTitles":["economy pricing view"],"fullName":"economy pricing view projects the pricing view into bounded snapshots","status":"passed","title":"projects the pricing view into bounded snapshots","duration":69.1779170000001,"failureMessages":[],"meta":{}}],"startTime":1775438797759,"endTime":1775438797905.178,"status":"passed","message":"","name":"/Users/matt_wittlief_home/Documents/GitHub/lotm-deploy-tooling-qa/tests/sim/pricing_view.test.ts"},{"assertionResults":[{"ancestorTitles":["prospects policy ranking"],"fullName":"prospects policy ranking reorders same-type active prospects by the relevant intel subject","status":"passed","title":"reorders same-type active prospects by the relevant intel subject","duration":6.815874999999977,"failureMessages":[],"meta":{}}],"startTime":1775438797275,"endTime":1775438797281.816,"status":"passed","message":"","name":"/Users/matt_wittlief_home/Documents/GitHub/lotm-deploy-tooling-qa/tests/sim/prospects_policy_ranking.test.ts"},{"assertionResults":[{"ancestorTitles":["relationship seed schema"],"fullName":"relationship seed schema lists canonical seed profiles in stable order","status":"passed","title":"lists canonical seed profiles in stable order","duration":4.646040999999997,"failureMessages":[],"meta":{}},{"ancestorTitles":["relationship seed schema"],"fullName":"relationship seed schema maps family and direction pairs onto stable profile keys","status":"passed","title":"maps family and direction pairs onto stable profile keys","duration":0.1686249999999916,"failureMessages":[],"meta":{}},{"ancestorTitles":["relationship seed schema"],"fullName":"relationship seed schema defines non-uniform liege, church, and local-house targets","status":"passed","title":"defines non-uniform liege, church, and local-house targets","duration":0.27491699999998787,"failureMessages":[],"meta":{}},{"ancestorTitles":["relationship seed schema"],"fullName":"relationship seed schema keeps seed deltas compatible with applyRelationshipDelta","status":"passed","title":"keeps seed deltas compatible with applyRelationshipDelta","duration":0.7967919999999822,"failureMessages":[],"meta":{}}],"startTime":1775438798841,"endTime":1775438798846.7969,"status":"passed","message":"","name":"/Users/matt_wittlief_home/Documents/GitHub/lotm-deploy-tooling-qa/tests/sim/relationship_seed_schema.test.ts"},{"assertionResults":[{"ancestorTitles":["replay reliability invariants v0.3.3"],"fullName":"replay reliability invariants v0.3.3 keeps economy placeholder registry paths finite and non-negative","status":"passed","title":"keeps economy placeholder registry paths finite and non-negative","duration":963.305458,"failureMessages":[],"meta":{}},{"ancestorTitles":["replay reliability invariants v0.3.3"],"fullName":"replay reliability invariants v0.3.3 keeps portfolio snapshot totals equal to summed manor totals","status":"passed","title":"keeps portfolio snapshot totals equal to summed manor totals","duration":835.943458,"failureMessages":[],"meta":{}}],"startTime":1775438798167,"endTime":1775438799966.9434,"status":"passed","message":"","name":"/Users/matt_wittlief_home/Documents/GitHub/lotm-deploy-tooling-qa/tests/sim/replay_reliability_invariants_v033.test.ts"},{"assertionResults":[{"ancestorTitles":["v0.2.9 reporting integrity"],"fullName":"v0.2.9 reporting integrity household births/deaths counts reconcile with itemization + omissions","status":"passed","title":"household births/deaths counts reconcile with itemization + omissions","duration":115.95791700000007,"failureMessages":[],"meta":{}}],"startTime":1775438801604,"endTime":1775438801719.958,"status":"passed","message":"","name":"/Users/matt_wittlief_home/Documents/GitHub/lotm-deploy-tooling-qa/tests/sim/reporting_integrity_v029.test.ts"},{"assertionResults":[{"ancestorTitles":["v0.2.9 spacing invariant"],"fullName":"v0.2.9 spacing invariant reports no <2-year spacing violations across canonical multi-seed batch","status":"passed","title":"reports no <2-year spacing violations across canonical multi-seed batch","duration":10332.635583,"failureMessages":[],"meta":{}}],"startTime":1775438802194,"endTime":1775438812526.6355,"status":"passed","message":"","name":"/Users/matt_wittlief_home/Documents/GitHub/lotm-deploy-tooling-qa/tests/sim/spacing_invariant_v029.test.ts"},{"assertionResults":[{"ancestorTitles":["state migration runner"],"fullName":"state migration runner executes migration steps in plan order and reports the executed ids","status":"passed","title":"executes migration steps in plan order and reports the executed ids","duration":27.825624999999945,"failureMessages":[],"meta":{}},{"ancestorTitles":["state migration runner"],"fullName":"state migration runner supports a no-op migration plan without mutating state","status":"passed","title":"supports a no-op migration plan without mutating state","duration":18.067999999999984,"failureMessages":[],"meta":{}},{"ancestorTitles":["state migration runner"],"fullName":"state migration runner wraps migration failures with plan and step context","status":"passed","title":"wraps migration failures with plan and step context","duration":0.5554159999999229,"failureMessages":[],"meta":{}},{"ancestorTitles":["state migration runner"],"fullName":"state migration runner stops the plan after the first failing migration step","status":"passed","title":"stops the plan after the first failing migration step","duration":8.333499999999958,"failureMessages":[],"meta":{}},{"ancestorTitles":["state migration runner"],"fullName":"state migration runner applies the preview-load migration plan deterministically to legacy fixtures","status":"passed","title":"applies the preview-load migration plan deterministically to legacy fixtures","duration":45.317374999999856,"failureMessages":[],"meta":{}},{"ancestorTitles":["state migration runner"],"fullName":"state migration runner upgrades pre-T04 scaffold fixtures with ordered placeholder steps and no unrelated mutations","status":"passed","title":"upgrades pre-T04 scaffold fixtures with ordered placeholder steps and no unrelated mutations","duration":0.41620899999998073,"failureMessages":[],"meta":{}}],"startTime":1775438796681,"endTime":1775438796781.4163,"status":"passed","message":"","name":"/Users/matt_wittlief_home/Documents/GitHub/lotm-deploy-tooling-qa/tests/sim/state_migrations.test.ts"},{"assertionResults":[{"ancestorTitles":["state schema scaffold"],"fullName":"state schema scaffold stores explicit state schema metadata on new runs and summaries","status":"passed","title":"stores explicit state schema metadata on new runs and summaries","duration":51.49645800000002,"failureMessages":[],"meta":{}},{"ancestorTitles":["state schema scaffold"],"fullName":"state schema scaffold adds the canonical scaffold to legacy preview states deterministically","status":"passed","title":"adds the canonical scaffold to legacy preview states deterministically","duration":140.61204099999998,"failureMessages":[],"meta":{}},{"ancestorTitles":["state schema scaffold"],"fullName":"state schema scaffold projects bounded snapshots with stable schema metadata","status":"passed","title":"projects bounded snapshots with stable schema metadata","duration":29.840625000000045,"failureMessages":[],"meta":{}}],"startTime":1775438798252,"endTime":1775438798473.8406,"status":"passed","message":"","name":"/Users/matt_wittlief_home/Documents/GitHub/lotm-deploy-tooling-qa/tests/sim/state_schema_manifest.test.ts"},{"assertionResults":[{"ancestorTitles":["store receipt writers"],"fullName":"store receipt writers routes production food and meat deltas through canonical receipt-writer summaries","status":"passed","title":"routes production food and meat deltas through canonical receipt-writer summaries","duration":2.249375000000043,"failureMessages":[],"meta":{}},{"ancestorTitles":["store receipt writers"],"fullName":"store receipt writers builds deterministic settlement scaffolds for non-coin accepted payment modes","status":"passed","title":"builds deterministic settlement scaffolds for non-coin accepted payment modes","duration":0.9337080000000242,"failureMessages":[],"meta":{}},{"ancestorTitles":["store receipt writers"],"fullName":"store receipt writers executes meat-store settlement scaffolds without splitting receipt ownership from the mutation","status":"passed","title":"executes meat-store settlement scaffolds without splitting receipt ownership from the mutation","duration":0.7456250000000182,"failureMessages":[],"meta":{}},{"ancestorTitles":["store receipt writers"],"fullName":"store receipt writers charges court decision budget when liege gifts and church offerings execute","status":"passed","title":"charges court decision budget when liege gifts and church offerings execute","duration":0.7486660000000143,"failureMessages":[],"meta":{}},{"ancestorTitles":["store receipt writers"],"fullName":"store receipt writers blocks liege gifts and offerings when the court decision budget is exhausted","status":"passed","title":"blocks liege gifts and offerings when the court decision budget is exhausted","duration":0.6672920000000317,"failureMessages":[],"meta":{}}],"startTime":1775438795865,"endTime":1775438795869.7488,"status":"passed","message":"","name":"/Users/matt_wittlief_home/Documents/GitHub/lotm-deploy-tooling-qa/tests/sim/store_receipt_writers.test.ts"},{"assertionResults":[{"ancestorTitles":["succession registry schema"],"fullName":"succession registry schema builds a deterministic male-preference descendant line","status":"passed","title":"builds a deterministic male-preference descendant line","duration":22.61975000000001,"failureMessages":[],"meta":{}},{"ancestorTitles":["succession registry schema"],"fullName":"succession registry schema mirrors the current collateral male-line fallback order","status":"passed","title":"mirrors the current collateral male-line fallback order","duration":0.23766699999998764,"failureMessages":[],"meta":{}},{"ancestorTitles":["succession registry schema"],"fullName":"succession registry schema records current-heir blocking and adult positions in the claimant registry","status":"passed","title":"records current-heir blocking and adult positions in the claimant registry","duration":0.6021659999999827,"failureMessages":[],"meta":{}},{"ancestorTitles":["succession registry schema"],"fullName":"succession registry schema falls back to adult household members when no kinship line exists","status":"passed","title":"falls back to adult household members when no kinship line exists","duration":0.16916700000001583,"failureMessages":[],"meta":{}}],"startTime":1775438796920,"endTime":1775438796944.1692,"status":"passed","message":"","name":"/Users/matt_wittlief_home/Documents/GitHub/lotm-deploy-tooling-qa/tests/sim/succession_registry.test.ts"},{"assertionResults":[{"ancestorTitles":["tiering + worldgen (v0.2.8)"],"fullName":"tiering + worldgen (v0.2.8) Tier1 contains at least some eligible maidens after worldgen (typical seed)","status":"passed","title":"Tier1 contains at least some eligible maidens after worldgen (typical seed)","duration":26.756459000000007,"failureMessages":[],"meta":{}},{"ancestorTitles":["tiering + worldgen (v0.2.8)"],"fullName":"tiering + worldgen (v0.2.8) Player start family smoothing avoids 'two teens + toddler' gap unless mother age supports late child","status":"passed","title":"Player start family smoothing avoids 'two teens + toddler' gap unless mother age supports late child","duration":7.704124999999976,"failureMessages":[],"meta":{}},{"ancestorTitles":["tiering + worldgen (v0.2.8)"],"fullName":"tiering + worldgen (v0.2.8) Worldgen is deterministic (idempotent under same seed/state)","status":"passed","title":"Worldgen is deterministic (idempotent under same seed/state)","duration":13.315666000000022,"failureMessages":[],"meta":{}},{"ancestorTitles":["tiering + worldgen (v0.2.8)"],"fullName":"tiering + worldgen (v0.2.8) Worldgen child spacing follows plausible maternal-age bounds and >=2y spacing","status":"passed","title":"Worldgen child spacing follows plausible maternal-age bounds and >=2y spacing","duration":5.016624999999976,"failureMessages":[],"meta":{}},{"ancestorTitles":["tiering + worldgen (v0.2.8)"],"fullName":"tiering + worldgen (v0.2.8) Tier0 includes Tier0 guide actors when present (player house, player court, liege/clergy, parish)","status":"passed","title":"Tier0 includes Tier0 guide actors when present (player house, player court, liege/clergy, parish)","duration":0.1895420000000172,"failureMessages":[],"meta":{}}],"startTime":1775438796025,"endTime":1775438796078.1895,"status":"passed","message":"","name":"/Users/matt_wittlief_home/Documents/GitHub/lotm-deploy-tooling-qa/tests/sim/tiering_worldgen.test.ts"},{"assertionResults":[{"ancestorTitles":["v0.2.9 annual aging integration"],"fullName":"v0.2.9 annual aging integration does not double-age non-player world actors after annual demography substeps","status":"passed","title":"does not double-age non-player world actors after annual demography substeps","duration":170.48733300000004,"failureMessages":[],"meta":{}}],"startTime":1775438801398,"endTime":1775438801568.4873,"status":"passed","message":"","name":"/Users/matt_wittlief_home/Documents/GitHub/lotm-deploy-tooling-qa/tests/sim/turn_annual_aging_v029.test.ts"},{"assertionResults":[{"ancestorTitles":["world-init relationship seeding"],"fullName":"world-init relationship seeding seeds liege and church edges from distinct non-uniform profiles at create-new-run time","status":"passed","title":"seeds liege and church edges from distinct non-uniform profiles at create-new-run time","duration":21.866333000000026,"failureMessages":[],"meta":{}},{"ancestorTitles":["world-init relationship seeding"],"fullName":"world-init relationship seeding starts the player with a deterministic positive and negative mix of local-house ties","status":"passed","title":"starts the player with a deterministic positive and negative mix of local-house ties","duration":22.485708000000045,"failureMessages":[],"meta":{}},{"ancestorTitles":["world-init relationship seeding"],"fullName":"world-init relationship seeding extends the same deterministic local-house profiles to external house heads during worldgen","status":"passed","title":"extends the same deterministic local-house profiles to external house heads during worldgen","duration":17.58616699999999,"failureMessages":[],"meta":{}},{"ancestorTitles":["world-init relationship seeding"],"fullName":"world-init relationship seeding limits seeded profiles to turn-zero world-init edges","status":"passed","title":"limits seeded profiles to turn-zero world-init edges","duration":7.894416000000035,"failureMessages":[],"meta":{}}],"startTime":1775438798454,"endTime":1775438798523.8945,"status":"passed","message":"","name":"/Users/matt_wittlief_home/Documents/GitHub/lotm-deploy-tooling-qa/tests/sim/world_init_relationship_seeding.test.ts"},{"assertionResults":[{"ancestorTitles":["world topology fixtures"],"fullName":"world topology fixtures matches the deterministic bounded topology fixture with an opted-in far threshold","status":"passed","title":"matches the deterministic bounded topology fixture with an opted-in far threshold","duration":134.93991700000004,"failureMessages":[],"meta":{}},{"ancestorTitles":["world topology fixtures"],"fullName":"world topology fixtures keeps the topology fixture bounded and field-stable for review","status":"passed","title":"keeps the topology fixture bounded and field-stable for review","duration":6.153374999999983,"failureMessages":[],"meta":{}}],"startTime":1775438799250,"endTime":1775438799392.1533,"status":"passed","message":"","name":"/Users/matt_wittlief_home/Documents/GitHub/lotm-deploy-tooling-qa/tests/sim/world_topology_fixtures.test.ts"},{"assertionResults":[{"ancestorTitles":["xmap world domain"],"fullName":"xmap world domain loads the frozen xmap snapshot with the expected current-world counts","status":"passed","title":"loads the frozen xmap snapshot with the expected current-world counts","duration":6.363500000000045,"failureMessages":[],"meta":{}},{"ancestorTitles":["xmap world domain"],"fullName":"xmap world domain freezes the vendored primary files against the manifest and config hash","status":"passed","title":"freezes the vendored primary files against the manifest and config hash","duration":3.008707999999956,"failureMessages":[],"meta":{}},{"ancestorTitles":["xmap world domain"],"fullName":"xmap world domain supports manor, holding, lordship, and overlay lookups without flattening overlay semantics","status":"passed","title":"supports manor, holding, lordship, and overlay lookups without flattening overlay semantics","duration":0.5092499999999518,"failureMessages":[],"meta":{}},{"ancestorTitles":["xmap world domain"],"fullName":"xmap world domain answers territorial and route adjacency from the canonical manor ids","status":"passed","title":"answers territorial and route adjacency from the canonical manor ids","duration":0.6310419999999795,"failureMessages":[],"meta":{}},{"ancestorTitles":["xmap world domain"],"fullName":"xmap world domain answers canonical numeric distance from the route graph and matches preview rows","status":"passed","title":"answers canonical numeric distance from the route graph and matches preview rows","duration":146.09108400000002,"failureMessages":[],"meta":{}},{"ancestorTitles":["xmap world domain"],"fullName":"xmap world domain classifies near and far travel from the fixed world fixture using an override threshold","status":"passed","title":"classifies near and far travel from the fixed world fixture using an override threshold","duration":0.38999999999998636,"failureMessages":[],"meta":{}},{"ancestorTitles":["xmap world domain"],"fullName":"xmap world domain uses a configured default far-threshold from a fixed world fixture clone","status":"passed","title":"uses a configured default far-threshold from a fixed world fixture clone","duration":23.64316699999995,"failureMessages":[],"meta":{}},{"ancestorTitles":["xmap world domain"],"fullName":"xmap world domain builds a bounded topology snapshot view from a deterministic anchor manor","status":"passed","title":"builds a bounded topology snapshot view from a deterministic anchor manor","duration":25.95829200000003,"failureMessages":[],"meta":{}}],"startTime":1775438796283,"endTime":1775438796489.9583,"status":"passed","message":"","name":"/Users/matt_wittlief_home/Documents/GitHub/lotm-deploy-tooling-qa/tests/sim/world_xmap_domain.test.ts"}]}