{"numTotalTestSuites":34,"numPassedTestSuites":23,"numFailedTestSuites":11,"numPendingTestSuites":0,"numTotalTests":50,"numPassedTests":42,"numFailedTests":8,"numPendingTests":0,"numTodoTests":0,"snapshot":{"added":0,"failure":false,"filesAdded":0,"filesRemoved":0,"filesRemovedList":[],"filesUnmatched":0,"filesUpdated":0,"matched":0,"total":0,"unchecked":0,"uncheckedKeysByFile":[],"unmatched":0,"updated":0,"didUpdate":false},"startTime":1771713003714,"success":false,"testResults":[{"assertionResults":[{"ancestorTitles":["determinism"],"fullName":"determinism same seed + same policy decisions produces identical logs (first 3 turns)","status":"passed","title":"same seed + same policy decisions produces identical logs (first 3 turns)","duration":128.22070799999997,"failureMessages":[],"meta":{}}],"startTime":1771713004548,"endTime":1771713004676.2207,"status":"passed","message":"","name":"/Users/matt_wittlief_home/Documents/GitHub/lotm-deploy/tests/determinism.test.ts"},{"assertionResults":[{"ancestorTitles":["golden seeds (v0.2.7.2)"],"fullName":"golden seeds (v0.2.7.2) seed list is non-empty","status":"passed","title":"seed list is non-empty","duration":0.4350000000000023,"failureMessages":[],"meta":{}},{"ancestorTitles":["golden seeds (v0.2.7.2)"],"fullName":"golden seeds (v0.2.7.2) golden seeds are deterministic for 15 turns under prudent-builder","status":"passed","title":"golden seeds are deterministic for 15 turns under prudent-builder","duration":8462.124292,"failureMessages":[],"meta":{}},{"ancestorTitles":["golden seeds (v0.2.7.2)"],"fullName":"golden seeds (v0.2.7.2) golden seeds are deterministic for 15 turns under builder-forward","status":"passed","title":"golden seeds are deterministic for 15 turns under builder-forward","duration":7741.24575,"failureMessages":[],"meta":{}},{"ancestorTitles":["golden seeds (v0.2.7.2)"],"fullName":"golden seeds (v0.2.7.2) golden seeds are deterministic for 15 turns under builder-forward/buffered","status":"passed","title":"golden seeds are deterministic for 15 turns under builder-forward/buffered","duration":7784.50575,"failureMessages":[],"meta":{}}],"startTime":1771713004458,"endTime":1771713028446.5059,"status":"passed","message":"","name":"/Users/matt_wittlief_home/Documents/GitHub/lotm-deploy/tests/goldenSeeds.test.ts"},{"assertionResults":[{"ancestorTitles":["invariants"],"fullName":"invariants no NaN; clamps hold; energy never negative","status":"passed","title":"no NaN; clamps hold; energy never negative","duration":8235.543541000001,"failureMessages":[],"meta":{}}],"startTime":1771713004388,"endTime":1771713012623.5435,"status":"passed","message":"","name":"/Users/matt_wittlief_home/Documents/GitHub/lotm-deploy/tests/invariants.test.ts"},{"assertionResults":[{"ancestorTitles":["TurnLogEntry snapshots"],"fullName":"TurnLogEntry snapshots snapshot_before/after are bounded and never include log history","status":"failed","title":"snapshot_before/after are bounded and never include log history","duration":74.39137499999998,"failureMessages":["AssertionError: expected false to be true // Object.is equality\n    at /Users/matt_wittlief_home/Documents/GitHub/lotm-deploy/tests/logSnapshotsBounded.test.ts:23:74\n    at file:///Users/matt_wittlief_home/Documents/GitHub/lotm-deploy/node_modules/@vitest/runner/dist/index.js:146:14\n    at file:///Users/matt_wittlief_home/Documents/GitHub/lotm-deploy/node_modules/@vitest/runner/dist/index.js:533:11\n    at runWithTimeout (file:///Users/matt_wittlief_home/Documents/GitHub/lotm-deploy/node_modules/@vitest/runner/dist/index.js:39:7)\n    at runTest (file:///Users/matt_wittlief_home/Documents/GitHub/lotm-deploy/node_modules/@vitest/runner/dist/index.js:1056:17)\n    at processTicksAndRejections (node:internal/process/task_queues:103:5)\n    at runSuite (file:///Users/matt_wittlief_home/Documents/GitHub/lotm-deploy/node_modules/@vitest/runner/dist/index.js:1205:15)\n    at runSuite (file:///Users/matt_wittlief_home/Documents/GitHub/lotm-deploy/node_modules/@vitest/runner/dist/index.js:1205:15)\n    at runFiles (file:///Users/matt_wittlief_home/Documents/GitHub/lotm-deploy/node_modules/@vitest/runner/dist/index.js:1262:5)\n    at startTests (file:///Users/matt_wittlief_home/Documents/GitHub/lotm-deploy/node_modules/@vitest/runner/dist/index.js:1271:3)"],"meta":{}}],"startTime":1771713004487,"endTime":1771713004561.3914,"status":"failed","message":"","name":"/Users/matt_wittlief_home/Documents/GitHub/lotm-deploy/tests/logSnapshotsBounded.test.ts"},{"assertionResults":[{"ancestorTitles":["migration regression (v0.1.0 -> v0.2.1 People-First)"],"fullName":"migration regression (v0.1.0 -> v0.2.1 People-First) proposeTurn accepts a v0.1.0 state fixture (no crash)","status":"passed","title":"proposeTurn accepts a v0.1.0 state fixture (no crash)","duration":70.72533400000003,"failureMessages":[],"meta":{}},{"ancestorTitles":["migration regression (v0.1.0 -> v0.2.1 People-First)"],"fullName":"migration regression (v0.1.0 -> v0.2.1 People-First) v0.2.1 adds people/houses registries + kinship edges deterministically","status":"passed","title":"v0.2.1 adds people/houses registries + kinship edges deterministically","duration":2.6056670000000395,"failureMessages":[],"meta":{}}],"startTime":1771713004205,"endTime":1771713004278.6057,"status":"passed","message":"","name":"/Users/matt_wittlief_home/Documents/GitHub/lotm-deploy/tests/migration_v021.test.ts"},{"assertionResults":[{"ancestorTitles":["policy registry"],"fullName":"policy registry canonicalizePolicyId maps locked alias 'good-faith' -> prudent-builder","status":"passed","title":"canonicalizePolicyId maps locked alias 'good-faith' -> prudent-builder","duration":0.48150000000001114,"failureMessages":[],"meta":{}},{"ancestorTitles":["policy registry"],"fullName":"policy registry canonicalizePolicyId accepts sanitized id builder-forward__buffered","status":"passed","title":"canonicalizePolicyId accepts sanitized id builder-forward__buffered","duration":0.06512499999999477,"failureMessages":[],"meta":{}},{"ancestorTitles":["policy registry"],"fullName":"policy registry canonicalizePolicyId falls back to prudent-builder on unknown","status":"passed","title":"canonicalizePolicyId falls back to prudent-builder on unknown","duration":0.05283400000001848,"failureMessages":[],"meta":{}},{"ancestorTitles":["policy registry"],"fullName":"policy registry sanitizes policy ids for artifact folder names","status":"passed","title":"sanitizes policy ids for artifact folder names","duration":0.05704099999999812,"failureMessages":[],"meta":{}},{"ancestorTitles":[],"fullName":"BUILD_INFO.policy_ids matches registry (drift prevention)","status":"passed","title":"BUILD_INFO.policy_ids matches registry (drift prevention)","duration":0.33704199999999673,"failureMessages":[],"meta":{}},{"ancestorTitles":["builder-forward improvement selection"],"fullName":"builder-forward improvement selection builder-forward uses WP-11 priority order (field_rotation first)","status":"passed","title":"builder-forward uses WP-11 priority order (field_rotation first)","duration":102.61925,"failureMessages":[],"meta":{}},{"ancestorTitles":["builder-forward improvement selection"],"fullName":"builder-forward improvement selection builder-forward/buffered selects the cheapest viable improvement (diagnostic)","status":"passed","title":"builder-forward/buffered selects the cheapest viable improvement (diagnostic)","duration":35.60749999999996,"failureMessages":[],"meta":{}}],"startTime":1771713004332,"endTime":1771713004471.6074,"status":"passed","message":"","name":"/Users/matt_wittlief_home/Documents/GitHub/lotm-deploy/tests/policyRegistry.test.ts"},{"assertionResults":[{"ancestorTitles":["v0.2.3.2 patch (Dev B)"],"fullName":"v0.2.3.2 patch (Dev B) age sanity: starting family ages align to LOCK rule","status":"passed","title":"age sanity: starting family ages align to LOCK rule","duration":61.91708299999999,"failureMessages":[],"meta":{}},{"ancestorTitles":["v0.2.3.2 patch (Dev B)"],"fullName":"v0.2.3.2 patch (Dev B) household roster is deduped and heir is a badge (no duplicate row)","status":"passed","title":"household roster is deduped and heir is a badge (no duplicate row)","duration":30.636582999999973,"failureMessages":[],"meta":{}},{"ancestorTitles":["v0.2.3.2 patch (Dev B)"],"fullName":"v0.2.3.2 patch (Dev B) widowed log emits once on spouse death, with survivor+deceased fields populated","status":"passed","title":"widowed log emits once on spouse death, with survivor+deceased fields populated","duration":22.744083000000046,"failureMessages":[],"meta":{}},{"ancestorTitles":["v0.2.3.2 patch (Dev B)"],"fullName":"v0.2.3.2 patch (Dev B) widowed log does not repeat when spouse was already dead in prior state","status":"passed","title":"widowed log does not repeat when spouse was already dead in prior state","duration":31.18558299999995,"failureMessages":[],"meta":{}},{"ancestorTitles":["v0.2.3.2 patch (Dev B)"],"fullName":"v0.2.3.2 patch (Dev B) unrest breakdown is structurally consistent (delta equals contributors)","status":"failed","title":"unrest breakdown is structurally consistent (delta equals contributors)","duration":37.22058300000003,"failureMessages":["AssertionError: expected false to be true // Object.is equality\n    at /Users/matt_wittlief_home/Documents/GitHub/lotm-deploy/tests/v0232_dev_b_patch.test.ts:106:35\n    at file:///Users/matt_wittlief_home/Documents/GitHub/lotm-deploy/node_modules/@vitest/runner/dist/index.js:146:14\n    at file:///Users/matt_wittlief_home/Documents/GitHub/lotm-deploy/node_modules/@vitest/runner/dist/index.js:533:11\n    at runWithTimeout (file:///Users/matt_wittlief_home/Documents/GitHub/lotm-deploy/node_modules/@vitest/runner/dist/index.js:39:7)\n    at runTest (file:///Users/matt_wittlief_home/Documents/GitHub/lotm-deploy/node_modules/@vitest/runner/dist/index.js:1056:17)\n    at processTicksAndRejections (node:internal/process/task_queues:103:5)\n    at runSuite (file:///Users/matt_wittlief_home/Documents/GitHub/lotm-deploy/node_modules/@vitest/runner/dist/index.js:1205:15)\n    at runSuite (file:///Users/matt_wittlief_home/Documents/GitHub/lotm-deploy/node_modules/@vitest/runner/dist/index.js:1205:15)\n    at runFiles (file:///Users/matt_wittlief_home/Documents/GitHub/lotm-deploy/node_modules/@vitest/runner/dist/index.js:1262:5)\n    at startTests (file:///Users/matt_wittlief_home/Documents/GitHub/lotm-deploy/node_modules/@vitest/runner/dist/index.js:1271:3)"],"meta":{}},{"ancestorTitles":["v0.2.3.2 patch (Dev B)"],"fullName":"v0.2.3.2 patch (Dev B) construction options include built + active_project statuses","status":"failed","title":"construction options include built + active_project statuses","duration":26.80837500000007,"failureMessages":["AssertionError: expected undefined to be 'built' // Object.is equality\n    at /Users/matt_wittlief_home/Documents/GitHub/lotm-deploy/tests/v0232_dev_b_patch.test.ts:120:33\n    at file:///Users/matt_wittlief_home/Documents/GitHub/lotm-deploy/node_modules/@vitest/runner/dist/index.js:146:14\n    at file:///Users/matt_wittlief_home/Documents/GitHub/lotm-deploy/node_modules/@vitest/runner/dist/index.js:533:11\n    at runWithTimeout (file:///Users/matt_wittlief_home/Documents/GitHub/lotm-deploy/node_modules/@vitest/runner/dist/index.js:39:7)\n    at runTest (file:///Users/matt_wittlief_home/Documents/GitHub/lotm-deploy/node_modules/@vitest/runner/dist/index.js:1056:17)\n    at processTicksAndRejections (node:internal/process/task_queues:103:5)\n    at runSuite (file:///Users/matt_wittlief_home/Documents/GitHub/lotm-deploy/node_modules/@vitest/runner/dist/index.js:1205:15)\n    at runSuite (file:///Users/matt_wittlief_home/Documents/GitHub/lotm-deploy/node_modules/@vitest/runner/dist/index.js:1205:15)\n    at runFiles (file:///Users/matt_wittlief_home/Documents/GitHub/lotm-deploy/node_modules/@vitest/runner/dist/index.js:1262:5)\n    at startTests (file:///Users/matt_wittlief_home/Documents/GitHub/lotm-deploy/node_modules/@vitest/runner/dist/index.js:1271:3)"],"meta":{}},{"ancestorTitles":["v0.2.3.2 patch (Dev B)"],"fullName":"v0.2.3.2 patch (Dev B) labor signal is emitted when shortage causes population loss to oversubscribe labor","status":"failed","title":"labor signal is emitted when shortage causes population loss to oversubscribe labor","duration":15.639042000000018,"failureMessages":["AssertionError: expected 96 to be 75 // Object.is equality\n    at /Users/matt_wittlief_home/Documents/GitHub/lotm-deploy/tests/v0232_dev_b_patch.test.ts:151:28\n    at file:///Users/matt_wittlief_home/Documents/GitHub/lotm-deploy/node_modules/@vitest/runner/dist/index.js:146:14\n    at file:///Users/matt_wittlief_home/Documents/GitHub/lotm-deploy/node_modules/@vitest/runner/dist/index.js:533:11\n    at runWithTimeout (file:///Users/matt_wittlief_home/Documents/GitHub/lotm-deploy/node_modules/@vitest/runner/dist/index.js:39:7)\n    at runTest (file:///Users/matt_wittlief_home/Documents/GitHub/lotm-deploy/node_modules/@vitest/runner/dist/index.js:1056:17)\n    at processTicksAndRejections (node:internal/process/task_queues:103:5)\n    at runSuite (file:///Users/matt_wittlief_home/Documents/GitHub/lotm-deploy/node_modules/@vitest/runner/dist/index.js:1205:15)\n    at runSuite (file:///Users/matt_wittlief_home/Documents/GitHub/lotm-deploy/node_modules/@vitest/runner/dist/index.js:1205:15)\n    at runFiles (file:///Users/matt_wittlief_home/Documents/GitHub/lotm-deploy/node_modules/@vitest/runner/dist/index.js:1262:5)\n    at startTests (file:///Users/matt_wittlief_home/Documents/GitHub/lotm-deploy/node_modules/@vitest/runner/dist/index.js:1271:3)"],"meta":{}}],"startTime":1771713004205,"endTime":1771713004431.6392,"status":"failed","message":"","name":"/Users/matt_wittlief_home/Documents/GitHub/lotm-deploy/tests/v0232_dev_b_patch.test.ts"},{"assertionResults":[{"ancestorTitles":["v0.2.3.4 patch (Dev B)"],"fullName":"v0.2.3.4 patch (Dev B) TurnReport embeds household_roster and marks deceased head alive=false on the death turn","status":"failed","title":"TurnReport embeds household_roster and marks deceased head alive=false on the death turn","duration":79.59737500000006,"failureMessages":["AssertionError: expected true to be false // Object.is equality\n    at /Users/matt_wittlief_home/Documents/GitHub/lotm-deploy/tests/v0234_dev_b_patch.test.ts:23:48\n    at file:///Users/matt_wittlief_home/Documents/GitHub/lotm-deploy/node_modules/@vitest/runner/dist/index.js:146:14\n    at file:///Users/matt_wittlief_home/Documents/GitHub/lotm-deploy/node_modules/@vitest/runner/dist/index.js:533:11\n    at runWithTimeout (file:///Users/matt_wittlief_home/Documents/GitHub/lotm-deploy/node_modules/@vitest/runner/dist/index.js:39:7)\n    at runTest (file:///Users/matt_wittlief_home/Documents/GitHub/lotm-deploy/node_modules/@vitest/runner/dist/index.js:1056:17)\n    at processTicksAndRejections (node:internal/process/task_queues:103:5)\n    at runSuite (file:///Users/matt_wittlief_home/Documents/GitHub/lotm-deploy/node_modules/@vitest/runner/dist/index.js:1205:15)\n    at runSuite (file:///Users/matt_wittlief_home/Documents/GitHub/lotm-deploy/node_modules/@vitest/runner/dist/index.js:1205:15)\n    at runFiles (file:///Users/matt_wittlief_home/Documents/GitHub/lotm-deploy/node_modules/@vitest/runner/dist/index.js:1262:5)\n    at startTests (file:///Users/matt_wittlief_home/Documents/GitHub/lotm-deploy/node_modules/@vitest/runner/dist/index.js:1271:3)"],"meta":{}},{"ancestorTitles":["v0.2.3.4 patch (Dev B)"],"fullName":"v0.2.3.4 patch (Dev B) labor signal detects oversubscription created by edits entering the turn","status":"passed","title":"labor signal detects oversubscription created by edits entering the turn","duration":23.947250000000054,"failureMessages":[],"meta":{}},{"ancestorTitles":["v0.2.3.4 patch (Dev B)"],"fullName":"v0.2.3.4 patch (Dev B) grant prospects: predicted_effects populated; accept vs reject produces deterministic difference","status":"passed","title":"grant prospects: predicted_effects populated; accept vs reject produces deterministic difference","duration":117.77670799999999,"failureMessages":[],"meta":{}}],"startTime":1771713004206,"endTime":1771713004426.7766,"status":"failed","message":"","name":"/Users/matt_wittlief_home/Documents/GitHub/lotm-deploy/tests/v0234_dev_b_patch.test.ts"},{"assertionResults":[{"ancestorTitles":["v0.2.5 Court/Household (Dev B)"],"fullName":"v0.2.5 Court/Household (Dev B) generates deterministic steward stub and reconciles consumption totals","status":"passed","title":"generates deterministic steward stub and reconciles consumption totals","duration":45.620000000000005,"failureMessages":[],"meta":{}},{"ancestorTitles":["v0.2.5 Court/Household (Dev B)"],"fullName":"v0.2.5 Court/Household (Dev B) accepting a marriage prospect for the heir/eldest son adds spouse to court roster via court_extra_ids","status":"failed","title":"accepting a marriage prospect for the heir/eldest son adds spouse to court roster via court_extra_ids","duration":27.10408300000006,"failureMessages":["TypeError: __vite_ssr_import_3__.createDefaultDecisions is not a function\n    at /Users/matt_wittlief_home/Documents/GitHub/lotm-deploy/tests/v024_dev_b_court.test.ts:63:28\n    at file:///Users/matt_wittlief_home/Documents/GitHub/lotm-deploy/node_modules/@vitest/runner/dist/index.js:146:14\n    at file:///Users/matt_wittlief_home/Documents/GitHub/lotm-deploy/node_modules/@vitest/runner/dist/index.js:533:11\n    at runWithTimeout (file:///Users/matt_wittlief_home/Documents/GitHub/lotm-deploy/node_modules/@vitest/runner/dist/index.js:39:7)\n    at runTest (file:///Users/matt_wittlief_home/Documents/GitHub/lotm-deploy/node_modules/@vitest/runner/dist/index.js:1056:17)\n    at processTicksAndRejections (node:internal/process/task_queues:103:5)\n    at runSuite (file:///Users/matt_wittlief_home/Documents/GitHub/lotm-deploy/node_modules/@vitest/runner/dist/index.js:1205:15)\n    at runSuite (file:///Users/matt_wittlief_home/Documents/GitHub/lotm-deploy/node_modules/@vitest/runner/dist/index.js:1205:15)\n    at runFiles (file:///Users/matt_wittlief_home/Documents/GitHub/lotm-deploy/node_modules/@vitest/runner/dist/index.js:1262:5)\n    at startTests (file:///Users/matt_wittlief_home/Documents/GitHub/lotm-deploy/node_modules/@vitest/runner/dist/index.js:1271:3)"],"meta":{}}],"startTime":1771713004205,"endTime":1771713004278.104,"status":"failed","message":"","name":"/Users/matt_wittlief_home/Documents/GitHub/lotm-deploy/tests/v024_dev_b_court.test.ts"},{"assertionResults":[{"ancestorTitles":["v0.2.5 realism locks (Dev B)"],"fullName":"v0.2.5 realism locks (Dev B) initial labor allocation starts near food-stable (no huge idle surprise)","status":"passed","title":"initial labor allocation starts near food-stable (no huge idle surprise)","duration":49.12970799999994,"failureMessages":[],"meta":{}},{"ancestorTitles":["v0.2.5 realism locks (Dev B)"],"fullName":"v0.2.5 realism locks (Dev B) court officers are male and age each turn","status":"failed","title":"court officers are male and age each turn","duration":14.76016699999991,"failureMessages":["TypeError: __vite_ssr_import_2__.createDefaultDecisions is not a function\n    at /Users/matt_wittlief_home/Documents/GitHub/lotm-deploy/tests/v025_dev_b_realism.test.ts:27:36\n    at file:///Users/matt_wittlief_home/Documents/GitHub/lotm-deploy/node_modules/@vitest/runner/dist/index.js:146:14\n    at file:///Users/matt_wittlief_home/Documents/GitHub/lotm-deploy/node_modules/@vitest/runner/dist/index.js:533:11\n    at runWithTimeout (file:///Users/matt_wittlief_home/Documents/GitHub/lotm-deploy/node_modules/@vitest/runner/dist/index.js:39:7)\n    at runTest (file:///Users/matt_wittlief_home/Documents/GitHub/lotm-deploy/node_modules/@vitest/runner/dist/index.js:1056:17)\n    at processTicksAndRejections (node:internal/process/task_queues:103:5)\n    at runSuite (file:///Users/matt_wittlief_home/Documents/GitHub/lotm-deploy/node_modules/@vitest/runner/dist/index.js:1205:15)\n    at runSuite (file:///Users/matt_wittlief_home/Documents/GitHub/lotm-deploy/node_modules/@vitest/runner/dist/index.js:1205:15)\n    at runFiles (file:///Users/matt_wittlief_home/Documents/GitHub/lotm-deploy/node_modules/@vitest/runner/dist/index.js:1262:5)\n    at startTests (file:///Users/matt_wittlief_home/Documents/GitHub/lotm-deploy/node_modules/@vitest/runner/dist/index.js:1271:3)"],"meta":{}},{"ancestorTitles":["v0.2.5 realism locks (Dev B)"],"fullName":"v0.2.5 realism locks (Dev B) same-sex marriage offers are not generated (offers match subject child sex)","status":"passed","title":"same-sex marriage offers are not generated (offers match subject child sex)","duration":37.638665999999944,"failureMessages":[],"meta":{}},{"ancestorTitles":["v0.2.5 realism locks (Dev B)"],"fullName":"v0.2.5 realism locks (Dev B) marriage residence: daughters marry out (spouse does not join the court)","status":"failed","title":"marriage residence: daughters marry out (spouse does not join the court)","duration":39.079124999999976,"failureMessages":["TypeError: __vite_ssr_import_2__.createDefaultDecisions is not a function\n    at /Users/matt_wittlief_home/Documents/GitHub/lotm-deploy/tests/v025_dev_b_realism.test.ts:86:28\n    at file:///Users/matt_wittlief_home/Documents/GitHub/lotm-deploy/node_modules/@vitest/runner/dist/index.js:146:14\n    at file:///Users/matt_wittlief_home/Documents/GitHub/lotm-deploy/node_modules/@vitest/runner/dist/index.js:533:11\n    at runWithTimeout (file:///Users/matt_wittlief_home/Documents/GitHub/lotm-deploy/node_modules/@vitest/runner/dist/index.js:39:7)\n    at runTest (file:///Users/matt_wittlief_home/Documents/GitHub/lotm-deploy/node_modules/@vitest/runner/dist/index.js:1056:17)\n    at processTicksAndRejections (node:internal/process/task_queues:103:5)\n    at runSuite (file:///Users/matt_wittlief_home/Documents/GitHub/lotm-deploy/node_modules/@vitest/runner/dist/index.js:1205:15)\n    at runSuite (file:///Users/matt_wittlief_home/Documents/GitHub/lotm-deploy/node_modules/@vitest/runner/dist/index.js:1205:15)\n    at runFiles (file:///Users/matt_wittlief_home/Documents/GitHub/lotm-deploy/node_modules/@vitest/runner/dist/index.js:1262:5)\n    at startTests (file:///Users/matt_wittlief_home/Documents/GitHub/lotm-deploy/node_modules/@vitest/runner/dist/index.js:1271:3)"],"meta":{}},{"ancestorTitles":["v0.2.5 realism locks (Dev B)"],"fullName":"v0.2.5 realism locks (Dev B) population change breakdown is present when shortage causes population loss","status":"passed","title":"population change breakdown is present when shortage causes population loss","duration":37.24787500000002,"failureMessages":[],"meta":{}}],"startTime":1771713004205,"endTime":1771713004383.2478,"status":"failed","message":"","name":"/Users/matt_wittlief_home/Documents/GitHub/lotm-deploy/tests/v025_dev_b_realism.test.ts"},{"assertionResults":[{"ancestorTitles":["v0.2.7.1 hotfix P0 correctness"],"fullName":"v0.2.7.1 hotfix P0 correctness ages all instantiated People/Registry persons by +3 (alive only)","status":"passed","title":"ages all instantiated People/Registry persons by +3 (alive only)","duration":103.217667,"failureMessages":[],"meta":{}}],"startTime":1771713004449,"endTime":1771713004552.2178,"status":"passed","message":"","name":"/Users/matt_wittlief_home/Documents/GitHub/lotm-deploy/tests/v0271_hotfix_p0_correctness.test.ts"},{"assertionResults":[{"ancestorTitles":["v0.2.7.2 DevB P0 regressions"],"fullName":"v0.2.7.2 DevB P0 regressions marriage prospect spouse id is a People-First registry person and belongs to a house","status":"passed","title":"marriage prospect spouse id is a People-First registry person and belongs to a house","duration":76.16779200000002,"failureMessages":[],"meta":{}},{"ancestorTitles":["v0.2.7.2 DevB P0 regressions"],"fullName":"v0.2.7.2 DevB P0 regressions succession spouse swap uses the stable spouse (no phantom local noble)","status":"passed","title":"succession spouse swap uses the stable spouse (no phantom local noble)","duration":34.110874999999965,"failureMessages":[],"meta":{}}],"startTime":1771713004206,"endTime":1771713004316.1108,"status":"passed","message":"","name":"/Users/matt_wittlief_home/Documents/GitHub/lotm-deploy/tests/v0272_hotfix_p0_regressions.test.ts"},{"assertionResults":[{"ancestorTitles":["processNobleFertility (Tier0/1)"],"fullName":"processNobleFertility (Tier0/1) is deterministic for fixed seed + fixed state + fixed turn","status":"passed","title":"is deterministic for fixed seed + fixed state + fixed turn","duration":0.9318749999999909,"failureMessages":[],"meta":{}},{"ancestorTitles":["processNobleFertility (Tier0/1)"],"fullName":"processNobleFertility (Tier0/1) birth creates person + parent_of edges; ids are unique; ordering is stable","status":"passed","title":"birth creates person + parent_of edges; ids are unique; ordering is stable","duration":0.4192499999999768,"failureMessages":[],"meta":{}}],"startTime":1771713004109,"endTime":1771713004110.4192,"status":"passed","message":"","name":"/Users/matt_wittlief_home/Documents/GitHub/lotm-deploy/tests/sim/demography.test.ts"},{"assertionResults":[{"ancestorTitles":["kinship invariants + household view"],"fullName":"kinship invariants + household view Spouse exclusivity P0: fails if a person has >1 living spouse","status":"passed","title":"Spouse exclusivity P0: fails if a person has >1 living spouse","duration":6.838416000000024,"failureMessages":[],"meta":{}},{"ancestorTitles":["kinship invariants + household view"],"fullName":"kinship invariants + household view Spouse exclusivity P0: ignores dead spouses (only living spouses count)","status":"passed","title":"Spouse exclusivity P0: ignores dead spouses (only living spouses count)","duration":0.16220899999999006,"failureMessages":[],"meta":{}},{"ancestorTitles":["kinship invariants + household view"],"fullName":"kinship invariants + household view Spouse exclusivity P0: ignores ended edges via end_turn_index","status":"passed","title":"Spouse exclusivity P0: ignores ended edges via end_turn_index","duration":0.09699999999997999,"failureMessages":[],"meta":{}},{"ancestorTitles":["kinship invariants + household view"],"fullName":"kinship invariants + household view Succession rebasing P0: when HoH changes, former child becomes sibling where applicable","status":"passed","title":"Succession rebasing P0: when HoH changes, former child becomes sibling where applicable","duration":0.38879199999999514,"failureMessages":[],"meta":{}}],"startTime":1771713004275,"endTime":1771713004283.3887,"status":"passed","message":"","name":"/Users/matt_wittlief_home/Documents/GitHub/lotm-deploy/tests/sim/kinship_household.test.ts"},{"assertionResults":[{"ancestorTitles":["marriageMarket reservations"],"fullName":"marriageMarket reservations excludes a reserved candidate until cleared/expired","status":"passed","title":"excludes a reserved candidate until cleared/expired","duration":7.446208000000013,"failureMessages":[],"meta":{}},{"ancestorTitles":["marriageMarket reservations"],"fullName":"marriageMarket reservations prevents one candidate from appearing in two simultaneously-generated prospect sets","status":"passed","title":"prevents one candidate from appearing in two simultaneously-generated prospect sets","duration":0.28612499999997,"failureMessages":[],"meta":{}},{"ancestorTitles":["marriageMarket reservations"],"fullName":"marriageMarket reservations detects living spouses across alternate spouse_of endpoint field names","status":"passed","title":"detects living spouses across alternate spouse_of endpoint field names","duration":0.14158300000002555,"failureMessages":[],"meta":{}},{"ancestorTitles":["marriageMarket reservations"],"fullName":"marriageMarket reservations allows widows if spouse is dead even when married flag is stale","status":"passed","title":"allows widows if spouse is dead even when married flag is stale","duration":0.10849999999999227,"failureMessages":[],"meta":{}}],"startTime":1771713004109,"endTime":1771713004117.2861,"status":"passed","message":"","name":"/Users/matt_wittlief_home/Documents/GitHub/lotm-deploy/tests/sim/marriage_market.test.ts"},{"assertionResults":[{"ancestorTitles":["tiering + worldgen (v0.2.8)"],"fullName":"tiering + worldgen (v0.2.8) Tier1 contains at least some eligible maidens after worldgen (typical seed)","status":"passed","title":"Tier1 contains at least some eligible maidens after worldgen (typical seed)","duration":15.526290999999958,"failureMessages":[],"meta":{}},{"ancestorTitles":["tiering + worldgen (v0.2.8)"],"fullName":"tiering + worldgen (v0.2.8) Player start family smoothing avoids 'two teens + toddler' gap unless mother age supports late child","status":"passed","title":"Player start family smoothing avoids 'two teens + toddler' gap unless mother age supports late child","duration":12.711000000000013,"failureMessages":[],"meta":{}},{"ancestorTitles":["tiering + worldgen (v0.2.8)"],"fullName":"tiering + worldgen (v0.2.8) Worldgen is deterministic (idempotent under same seed/state)","status":"passed","title":"Worldgen is deterministic (idempotent under same seed/state)","duration":25.749916999999982,"failureMessages":[],"meta":{}},{"ancestorTitles":["tiering + worldgen (v0.2.8)"],"fullName":"tiering + worldgen (v0.2.8) Tier0 includes Tier0 guide actors when present (player house, player court, liege/clergy, parish)","status":"passed","title":"Tier0 includes Tier0 guide actors when present (player house, player court, liege/clergy, parish)","duration":0.4281249999999659,"failureMessages":[],"meta":{}}],"startTime":1771713004129,"endTime":1771713004183.75,"status":"passed","message":"","name":"/Users/matt_wittlief_home/Documents/GitHub/lotm-deploy/tests/sim/tiering_worldgen.test.ts"},{"assertionResults":[],"startTime":1771713003714,"endTime":1771713003714,"status":"failed","message":"Failed to load url ../src/sim (resolved id: ../src/sim) in /Users/matt_wittlief_home/Documents/GitHub/lotm-deploy/_patchB/patchpack/new_files/tests/v0271_hotfix_p0_correctness.test.ts. Does the file exist?","name":"/Users/matt_wittlief_home/Documents/GitHub/lotm-deploy/_patchB/patchpack/new_files/tests/v0271_hotfix_p0_correctness.test.ts"}]}